=~=~=~=~=~=~=~=~=~=~=~= PuTTY log 2024.04.25 11:43:24 =~=~=~=~=~=~=~=~=~=~=~=
 50200 1430   99 
 50201 1441  103 
 50202 1416  108 
 50203 1442  106 
 50204 1424  107 
 50205 1444  115 
 50206 1392   98 
 50207 1434  110 
 50208 1434  114 
 50209 1429  127 
 50210 1443   98 
 50211 1419   94 
 50212 1402   86 
 50213 1418  102 
 50214 1404  111 
 50215 1416  102 
 50216 1431  103 
 50217 1434  113 
 50218 1423   93 
 50219 1424  110 
 50220 1414   76 
 50221 1400  113 
 50222 1429  106 
 50223 1417  112 
 50224 1392  103 
 50225 1416   95 
 50226 1379   87 
 50227 1423  111 
 50228 1434   94 
 50229 1451  127 
 50230 1438   90 
 50231 1434   92 
 50232 1424  107 
 50233 1451  115 
 50234 1437   88 
 50235 1430  113 
 50236 1439   97 
 50237 1440   97 
 50238 1408  108 
 50239 1429  117 
 50240 1443  111 
 50241 1444  103 
 50242 1424  116 
 50243 1420  105 
 50244 1435  110 
 50245 1432   94 
 50246 1425  105 
 50247 1415   99 
 50248 1402  114 
 50249 1421  109 
 50250 1392   97 
 50251 1443  102 
 50252 1433   93 
 50253 1439   99 
 50254 1442   83 
 50255 1415  108 
 50256 1426  100 
 50257 1439  117 
 50258 1412  102 
 50259 1441  117 
 50260 1409  105 
 50261 1400  121 
 50262 1427  104 
 50263 1414  105 
 50264 1409  109 
 50265 1441  104 
 50266 1408  107 
 50267 1422  111 
 50268 1437  113 
 50269 1426  107 
 50270 1430  102 
 50271 1436  109 
 50272 1428  101 
 50273 1442  119 
 50274 1434  119 
 50275 1434  108 
 50276 1428  113 
 50277 1406  108 
 50278 1441   92 
 50279 1430  115 
 50280 1442  102 
 50281 1410  107 
 50282 1427  120 
 50283 1425  100 
 50284 1415  112 
 50285 1405   94 
 50286 1413   99 
 50287 1413   99 
 50288 1439  106 
 50289 1436   89 
 50290 1437  117 
 50291 1437  116 
 50292 1401  107 
 50293 1438   98 
 50294 1439  100 
 50295 1429  114 
 50296 1411   90 
 50297 1428  100 
 50298 1422  104 
 50299 1436   91 
 50300 1427   95 
 50301 1394   93 
 50302 1434   97 
 50303 1429   76 
 50304 1440  125 
 50305 1420  110 
 50306 1428  110 
 50307 1423   86 
 50308 1426  116 
 50309 1429  116 
 50310 1427   91 
 50311 1409  118 
 50312 1434  104 
 50313 1437   87 
 50314 1424   71 
 50315 1415  100 
 50316 1445  111 
 50317 1436   98 
 50318 1418  113 
 50319 1404  109 
 50320 1432  107 
 50321 1440   96 
 50322 1414   83 
 50323 1409  110 
 50324 1438  114 
 50325 1431  100 
 50326 1370  101 
 50327 1433  112 
 50328 1438  115 
 50329 1432  112 
 50330 1421  117 
 50331 1441  106 
 50332 1427  103 
 50333 1421  114 
 50334 1427   99 
 50335 1420  111 
 50336 1433  111 
 50337 1433  106 
 50338 1425  111 
 50339 1440   90 
 50340 1427  109 
 50341 1437   95 
 50342 1420   88 
 50343 1401   90 
 50344 1423  111 
 50345 1415  107 
 50346 1451   80 
 50347 1412   90 
 50348 1442   99 
 50349 1441   92 
 50350 1446  119 
 50351 1410   87 
 50352 1423  105 
 50353 1429   86 
 50354 1420   98 
 50355 1440  104 
 50356 1432  103 
 50357 1406  116 
 50358 1408  111 
 50359 1441  105 
 50360 1426  116 
 50361 1446  104 
 50362 1413  107 
 50363 1436  102 
 50364 1439  102 
 50365 1406   99 
 50366 1424  109 
 50367 1429  112 
 50368 1405  105 
 50369 1409   95 
 50370 1421  100 
 50371 1403  112 
 50372 1425   97 
 50373 1441   96 
 50374 1405  100 
 50375 1419  103 
 50376 1438  110 
 50377 1415   98 
 50378 1425  116 
 50379 1426  105 
 50380 1430   84 
 50381 1402   91 
 50382 1416  103 
 50383 1407  111 
 50384 1421   99 
 50385 1436  106 
 50386 1425  104 
 50387 1419  108 
 50388 1429  115 
 50389 1440  114 
 50390 1438  106 
 50391 1439  101 
 50392 1449  105 
 50393 1456  104 
 50394 1397  123 
 50395 1339  116 
 50396 1223  106 
 50397 1183  124 
 50398 1093  127 
 50399 1098  118 
 50400 1071  110 
 50401 1092  121 
 50402 1142  125 
 50403 1202  127 
 50404 1273  114 
 50405 1329  127 
 50406 1413  137 
 50407 1469  124 
 50408 1529  136 
 50409 1569  138 
 50410 1604  131 
 50411 1610  113 
 50412 1611  127 
 50413 1647  147 
 50414 1598  139 
 50415 1623  145 
 50416 1615  134 
 50417 1623  129 
 50418 1613  147 
 50419 1583  145 
 50420 1567  127 
 50421 1539  136 
 50422 1538  150 
 50423 1525  136 
 50424 1522  128 
 50425 1507  156 
 50426 1511  142 
 50427 1498  145 
 50428 1471  140 
 50429 1459  143 
 50430 1457  176 
 50431 1456  155 
 50432 1469  149 
 50433 1452  141 
 50434 1464  139 
 50435 1430  152 
 50436 1433  165 
 50437 1417  144 
 50438 1431  155 
 50439 1411  168 
 50440 1393  159 
 50441 1417  163 
 50442 1383  164 
 50443 1422  136 
 50444 1394  160 
 50445 1406  170 
 50446 1377  148 
 50447 1411  162 
 50448 1394  172 
 50449 1367  177 
 50450 1409  163 
 50451 1392  160 
 50452 1396  171 
 50453 1413  164 
 50454 1395  164 
 50455 1373  161 
 50456 1379  158 
 50457 1394  162 
 50458 1379  167 
 50459 1399  171 
 50460 1411  174 
 50461 1399  156 
 50462 1392  160 
 50463 1403  172 
 50464 1414  155 
 50465 1389  173 
 50466 1411  155 
 50467 1395  166 
 50468 1396  174 
 50469 1409  158 
 50470 1384  164 
 50471 1405  167 
 50472 1411  161 
 50473 1413  187 
 50474 1413  146 
 50475 1398  164 
 50476 1410  171 
 50477 1425  173 
 50478 1418  188 
 50479 1420  169 
 50480 1411  183 
 50481 1437  178 
 50482 1405  170 
 50483 1423  188 
 50484 1421  168 
 50485 1419  174 
 50486 1438  190 
 50487 1406  174 
 50488 1392  176 
 50489 1416  161 
 50490 1413  184 
 50491 1411  161 
 50492 1411  182 
 50493 1392  195 
 50494 1386  177 
 50495 1426  183 
 50496 1395  196 
 50497 1417  204 
 50498 1391  183 
 50499 1397  178 
 50500 1423  199 
 50501 1385  193 
 50502 1406  198 
 50503 1408  171 
 50504 1404  200 
 50505 1415  189 
 50506 1418  192 
 50507 1432  186 
 50508 1425  191 
 50509 1426  180 
 50510 1451  204 
 50511 1436  171 
 50512 1424  201 
 50513 1410  181 
 50514 1416  197 
 50515 1439  205 
 50516 1421  199 
 50517 1412  197 
 50518 1378  206 
 50519 1430  207 
 50520 1429  196 
 50521 1416  195 
 50522 1410  206 
 50523 1413  189 
 50524 1407  186 
 50525 1425  214 
 50526 1423  196 
 50527 1406  199 
 50528 1425  185 
 50529 1429  190 
 50530 1423  218 
 50531 1407  194 
 50532 1403  194 
 50533 1431  206 
 50534 1415  182 
 50535 1424  203 
 50536 1415  196 
 50537 1428  209 
 50538 1404  202 
 50539 1386  223 
 50540 1392  207 
 50541 1390  206 
 50542 1408  223 
 50543 1404  208 
 50544 1413  206 
 50545 1424  198 
 50546 1430  210 
 50547 1423  206 
 50548 1434  223 
 50549 1429  209 
 50550 1450  204 
 50551 1437  208 
 50552 1434  208 
 50553 1436  217 
 50554 1429  210 
 50555 1414  228 
 50556 1423  226 
 50557 1416  215 
 50558 1414  201 
 50559 1400  226 
 50560 1391  215 
 50561 1420  216 
 50562 1424  223 
 50563 1405  240 
 50564 1388  223 
 50565 1431  207 
 50566 1405  235 
 50567 1439  217 
 50568 1439  217 
 50569 1417  215 
 50570 1415  216 
 50571 1430  223 
 50572 1425  210 
 50573 1412  219 
 50574 1422  232 
 50575 1405  222 
 50576 1403  216 
 50577 1402  198 
 50578 1376  227 
 50579 1415  230 
 50580 1380  240 
 50581 1402  216 
 50582 1391  223 
 50583 1394  237 
 50584 1386  242 
 50585 1406  227 
 50586 1421  226 
 50587 1395  242 
 50588 1428  224 
 50589 1401  234 
 50590 1410  229 
 50591 1437  228 
 50592 1439  235 
 50593 1448  244 
 50594 1444  226 
 50595 1433  232 
 50596 1421  236 
 50597 1424  238 
 50598 1431  242 
 50599 1389  249 
 50600 1414  254 
 50601 1411  243 
 50602 1418  250 
 50603 1405  226 
 50604 1434  229 
 50605 1449  242 
 50606 1390  222 
 50607 1431  239 
 50608 1421  245 
 50609 1376  254 
 50610 1408  220 
 50611 1407  252 
 50612 1421  244 
 50613 1416  249 
 50614 1438  251 
 50615 1440  257 
 50616 1461  260 
 50617 1443  233 
 50618 1455  252 
 50619 1448  248 
 50620 1432  262 
 50621 1424  239 
 50622 1395  262 
 50623 1388  241 
 50624 1387  258 
 50625 1377  249 
 50626 1374  236 
 50627 1386  253 
 50628 1394  266 
 50629 1426  263 
 50630 1444  235 
 50631 1446  274 
 50632 1454  245 
 50633 1453  255 
 50634 1448  260 
 50635 1476  263 
 50636 1464  278 
 50637 1453  264 
 50638 1427  275 
 50639 1415  276 
 50640 1430  266 
 50641 1401  277 
 50642 1387  267 
 50643 1399  268 
 50644 1400  272 
 50645 1402  276 
 50646 1395  260 
 50647 1409  254 
 50648 1395  270 
 50649 1386  265 
 50650 1388  260 
 50651 1409  254 
 50652 1401  285 
 50653 1416  264 
 50654 1404  252 
 50655 1374  261 
 50656 1409  276 
 50657 1410  269 
 50658 1430  274 
 50659 1435  274 
 50660 1423  280 
 50661 1424  259 
 50662 1415  269 
 50663 1381  275 
 50664 1387  267 
 50665 1372  288 
 50666 1387  271 
 50667 1386  284 
 50668 1409  305 
 50669 1436  290 
 50670 1434  288 
 50671 1456  279 
 50672 1453  270 
 50673 1468  287 
 50674 1441  273 
 50675 1463  285 
 50676 1459  286 
 50677 1442  284 
 50678 1413  280 
 50679 1413  269 
 50680 1420  281 
 50681 1388  302 
 50682 1420  292 
 50683 1421  280 
 50684 1429  271 
 50685 1402  280 
 50686 1445  285 
 50687 1436  294 
 50688 1425  289 
 50689 1443  281 
 50690 1448  293 
 50691 1422  285 
 50692 1397  285 
 50693 1420  296 
 50694 1440  297 
 50695 1402  296 
 50696 1392  289 
 50697 1420  307 
 50698 1403  283 
 50699 1392  294 
 50700 1433  288 
 50701 1422  293 
 50702 1410  293 
 50703 1382  295 
 50704 1387  311 
 50705 1357  310 
 50706 1350  310 
 50707 1337  301 
 50708 1393  297 
 50709 1396  287 
 50710 1425  284 
 50711 1418  305 
 50712 1454  300 
 50713 1451  295 
 50714 1449  292 
 50715 1464  299 
 50716 1448  304 
 50717 1462  300 
 50718 1406  311 
 50719 1383  312 
 50720 1446  301 
 50721 1409  300 
 50722 1410  316 
 50723 1443  309 
 50724 1413  311 
 50725 1410  309 
 50726 1409  318 
 50727 1415  299 
 50728 1421  319 
 50729 1422  299 
 50730 1419  311 
 50731 1431  306 
 50732 1448  306 
 50733 1461  285 
 50734 1451  322 
 50735 1442  308 
 50736 1424  307 
 50737 1421  316 
 50738 1404  322 
 50739 1421  305 
 50740 1409  312 
 50741 1412  312 
 50742 1388  321 
 50743 1374  326 
 50744 1348  314 
 50745 1325  321 
 50746 1312  320 
 50747 1332  318 
 50748 1361  322 
 50749 1380  321 
 50750 1388  321 
 50751 1419  317 
 50752 1410  302 
 50753 1440  313 
 50754 1449  310 
 50755 1490  320 
 50756 1450  314 
 50757 1469  329 
 50758 1441  328 
 50759 1419  327 
 50760 1392  318 
 50761 1429  335 
 50762 1406  329 
 50763 1436  331 
 50764 1402  315 
 50765 1429  334 
 50766 1437  324 
 50767 1434  331 
 50768 1426  317 
 50769 1423  340 
 50770 1425  345 
 50771 1442  317 
 50772 1436  326 
 50773 1442  323 
 50774 1444  337 
 50775 1431  320 
 50776 1391  331 
 50777 1418  344 
 50778 1395  316 
 50779 1437  343 
 50780 1434  343 
 50781 1405  340 
 50782 1412  336 
 50783 1388  339 
 50784 1379  348 
 50785 1355  347 
 50786 1361  345 
 50787 1369  351 
 50788 1385  324 
 50789 1400  336 
 50790 1441  339 
 50791 1424  334 
 50792 1467  354 
 50793 1481  339 
 50794 1491  355 
 50795 1494  337 
 50796 1492  345 
 50797 1481  341 
 50798 1459  339 
 50799 1435  343 
 50800 1431  346 
 50801 1422  347 
 50802 1414  349 
 50803 1433  335 
 50804 1419  334 
 50805 1424  356 
 50806 1423  355 
 50807 1386  343 
 50808 1395  347 
 50809 1418  338 
 50810 1421  363 
 50811 1409  355 
 50812 1423  351 
 50813 1407  343 
 50814 1438  363 
 50815 1433  355 
 50816 1415  358 
 50817 1389  364 
 50818 1427  362 
 50819 1430  364 
 50820 1386  352 
 50821 1419  358 
 50822 1425  369 
 50823 1396  360 
 50824 1368  374 
 50825 1352  372 
 50826 1335  362 
 50827 1332  362 
 50828 1372  369 
 50829 1387  377 
 50830 1389  350 
 50831 1429  357 
 50832 1475  373 
 50833 1489  360 
 50834 1513  363 
 50835 1505  366 
 50836 1492  379 
 50837 1489  377 
 50838 1473  366 
 50839 1430  376 
 50840 1438  367 
 50841 1416  368 
 50842 1431  376 
 50843 1402  374 
 50844 1404  405 
 50845 1380  379 
 50846 1432  380 
 50847 1407  394 
 50848 1431  388 
 50849 1412  375 
 50850 1429  378 
 50851 1428  364 
 50852 1444  382 
 50853 1432  383 
 50854 1419  386 
 50855 1422  398 
 50856 1396  363 
 50857 1404  406 
 50858 1414  384 
 50859 1418  383 
 50860 1438  367 
 50861 1430  387 
 50862 1401  400 
 50863 1391  366 
 50864 1352  387 
 50865 1340  377 
 50866 1325  394 
 50867 1339  393 
 50868 1326  390 
 50869 1381  401 
 50870 1425  391 
 50871 1457  398 
 50872 1483  378 
 50873 1488  394 
 50874 1503  389 
 50875 1531  392 
 50876 1484  387 
 50877 1530  398 
 50878 1507  408 
 50879 1485  403 
 50880 1433  385 
 50881 1408  406 
 50882 1427  404 
 50883 1375  403 
 50884 1412  412 
 50885 1424  405 
 50886 1416  394 
 50887 1414  398 
 50888 1407  384 
 50889 1430  406 
 50890 1411  403 
 50891 1397  403 
 50892 1406  408 
 50893 1412  410 
 50894 1422  410 
 50895 1411  423 
 50896 1423  431 
 50897 1393  406 
 50898 1420  404 
 50899 1415  413 
 50900 1417  407 
 50901 1404  426 
 50902 1407  430 
 50903 1358  425 
 50904 1340  430 
 50905 1328  412 
 50906 1277  411 
 50907 1338  409 
 50908 1365  416 
 50909 1389  409 
 50910 1424  428 
 50911 1466  408 
 50912 1500  419 
 50913 1489  424 
 50914 1498  415 
 50915 1505  426 
 50916 1496  421 
 50917 1488  427 
 50918 1490  425 
 50919 1432  443 
 50920 1438  433 
 50921 1376  406 
 50922 1413  444 
 50923 1419  430 
 50924 1389  435 
 50925 1400  434 
 50926 1422  422 
 50927 1437  427 
 50928 1422  424 
 50929 1431  419 
 50930 1431  420 
 50931 1434  436 
 50932 1414  438 
 50933 1440  437 
 50934 1426  439 
 50935 1429  443 
 50936 1430  443 
 50937 1432  429 
 50938 1409  444 
 50939 1432  440 
 50940 1422  437 
 50941 1398  438 
 50942 1366  433 
 50943 1363  450 
 50944 1318  459 
 50945 1305  447 
 50946 1325  447 
 50947 1337  449 
 50948 1399  447 
 50949 1431  437 
 50950 1440  452 
 50951 1449  449 
 50952 1501  439 
 50953 1525  426 
 50954 1527  447 
 50955 1504  432 
 50956 1466  459 
 50957 1454  448 
 50958 1438  462 
 50959 1383  460 
 50960 1412  449 
 50961 1406  459 
 50962 1411  465 
 50963 1393  454 
 50964 1425  463 
 50965 1425  452 
 50966 1408  471 
 50967 1405  449 
 50968 1433  443 
 50969 1400  466 
 50970 1432  453 
 50971 1440  451 
 50972 1421  477 
 50973 1404  477 
 50974 1362  461 
 50975 1403  456 
 50976 1408  457 
 50977 1410  477 
 50978 1425  477 
 50979 1370  475 
 50980 1405  462 
 50981 1330  471 
 50982 1324  483 
 50983 1282  472 
 50984 1318  464 
 50985 1363  481 
 50986 1371  470 
 50987 1387  481 
 50988 1460  467 
 50989 1505  477 
 50990 1481  473 
 50991 1500  474 
 50992 1541  467 
 50993 1482  468 
 50994 1526  457 
 50995 1460  459 
 50996 1438  490 
 50997 1435  488 
 50998 1429  479 
 50999 1435  484 
 51000 1392  479 
 51001 1427  500 
 51002 1407  474 
 51003 1408  478 
 51004 1437  474 
 51005 1406  494 
 51006 1425  474 
 51007 1413  491 
 51008 1410  476 
 51009 1417  491 
 51010 1400  498 
 51011 1411  503 
 51012 1410  487 
 51013 1419  474 
 51014 1393  510 
 51015 1418  502 
 51016 1407  501 
 51017 1404  492 
 51018 1404  493 
 51019 1375  487 
 51020 1319  500 
 51021 1270  498 
 51022 1273  485 
 51023 1294  503 
 51024 1347  509 
 51025 1371  499 
 51026 1438  505 
 51027 1437  513 
 51028 1506  504 
 51029 1470  505 
 51030 1552  504 
 51031 1537  494 
 51032 1537  496 
 51033 1526  512 
 51034 1504  525 
 51035 1457  508 
 51036 1438  506 
 51037 1421  515 
 51038 1419  515 
 51039 1381  529 
 51040 1369  512 
 51041 1413  510 
 51042 1423  516 
 51043 1408  523 
 51044 1443  518 
 51045 1429  521 
 51046 1427  508 
 51047 1430  509 
 51048 1420  516 
 51049 1440  520 
 51050 1408  509 
 51051 1402  500 
 51052 1385  515 
 51053 1411  529 
 51054 1400  521 
 51055 1395  514 
 51056 1402  504 
 51057 1407  514 
 51058 1424  531 
 51059 1393  536 
 51060 1321  531 
 51061 1286  537 
 51062 1229  539 
 51063 1253  550 
 51064 1289  520 
 51065 1366  542 
 51066 1390  530 
 51067 1450  520 
 51068 1512  527 
 51069 1539  549 
 51070 1518  531 
 51071 1550  530 
 51072 1549  536 
 51073 1562  552 
 51074 1525  557 
 51075 1476  539 
 51076 1450  538 
 51077 1438  547 
 51078 1402  539 
 51079 1369  557 
 51080 1399  545 
 51081 1409  530 
 51082 1409  558 
 51083 1409  533 
 51084 1394  539 
 51085 1412  544 
 51086 1426  550 
 51087 1443  553 
 51088 1440  527 
 51089 1421  564 
 51090 1421  555 
 51091 1423  568 
 51092 1405  566 
 51093 1408  569 
 51094 1413  555 
 51095 1417  562 
 51096 1366  557 
 51097 1374  568 
 51098 1399  571 
 51099 1420  566 
 51100 1431  560 
 51101 1378  582 
 51102 1308  572 
 51103 1224  555 
 51104 1202  545 
 51105 1194  561 
 51106 1239  548 
 51107 1324  575 
 51108 1386  568 
 51109 1471  554 
 51110 1505  563 
 51111 1522  589 
 51112 1553  557 
 51113 1604  582 
 51114 1614  567 
 51115 1585  566 
 51116 1569  595 
 51117 1520  569 
 51118 1467  570 
 51119 1420  564 
 51120 1412  572 
 51121 1413  557 
 51122 1389  574 
 51123 1400  575 
 51124 1403  582 
 51125 1429  590 
 51126 1415  591 
 51127 1446  597 
 51128 1429  581 
 51129 1444  593 
 51130 1463  604 
 51131 1454  569 
 51132 1426  591 
 51133 1400  592 
 51134 1442  572 
 51135 1431  590 
 51136 1404  582 
 51137 1398  577 
 51138 1402  587 
 51139 1399  597 
 51140 1403  590 
 51141 1400  600 
 51142 1405  612 
 51143 1338  595 
 51144 1247  606 
 51145 1202  609 
 51146 1150  601 
 51147 1156  593 
 51148 1203  596 
 51149 1285  578 
 51150 1388  603 
 51151 1454  603 
 51152 1524  610 
 51153 1610  621 
 51154 1655  614 
 51155 1630  622 
 51156 1668  621 
 51157 1656  604 
 51158 1604  607 
 51159 1546  601 
 51160 1482  587 
 51161 1425  598 
 51162 1372  600 
 51163 1390  593 
 51164 1376  611 
 51165 1379  605 
 51166 1376  626 
 51167 1412  608 
 51168 1401  605 
 51169 1416  627 
 51170 1445  619 
 51171 1421  611 
 51172 1434  609 
 51173 1446  616 
 51174 1447  600 
 51175 1473  619 
 51176 1438  630 
 51177 1441  618 
 51178 1414  620 
 51179 1381  639 
 51180 1379  615 
 51181 1386  639 
 51182 1400  617 
 51183 1392  620 
 51184 1343  623 
 51185 1312  648 
 51186 1199  646 
 51187 1074  646 
 51188 1040  631 
 51189 1035  647 
 51190 1129  610 
 51191 1229  627 
 51192 1349  652 
 51193 1478  643 
 51194 1578  631 
 51195 1660  629 
 51196 1710  646 
 51197 1718  637 
 51198 1744  631 
 51199 1715  659 
 51200 1674  651 
 51201 1597  646 
 51202 1533  650 
 51203 1505  653 
 51204 1442  651 
 51205 1405  656 
 51206 1397  650 
 51207 1396  660 
 51208 1410  633 
 51209 1395  653 
 51210 1397  656 
 51211 1422  630 
 51212 1420  652 
 51213 1420  654 
 51214 1433  656 
 51215 1446  646 
 51216 1420  660 
 51217 1453  672 
 51218 1436  640 
 51219 1418  655 
 51220 1400  654 
 51221 1367  639 
 51222 1379  649 
 51223 1361  651 
 51224 1348  668 
 51225 1266  652 
 51226 1124  675 
 51227 1005  641 
 51228  910  679 
 51229  946  683 
 51230 1015  662 
 51231 1150  652 
 51232 1276  676 
 51233 1442  676 
 51234 1582  683 
 51235 1706  671 
 51236 1785  669 
 51237 1832  659 
 51238 1850  668 
 51239 1825  663 
 51240 1781  671 
 51241 1696  678 
 51242 1632  673 
 51243 1513  672 
 51244 1467  673 
 51245 1426  682 
 51246 1421  684 
 51247 1377  679 
 51248 1395  684 
 51249 1401  676 
 51250 1418  679 
 51251 1440  690 
 51252 1483  660 
 51253 1441  688 
 51254 1499  672 
 51255 1458  688 
 51256 1439  694 
 51257 1478  690 
 51258 1433  704 
 51259 1417  667 
 51260 1380  689 
 51261 1361  702 
 51262 1361  706 
 51263 1331  691 
 51264 1231  696 
 51265 1088  711 
 51266  921  704 
 51267  790  707 
 51268  745  690 
 51269  759  702 
 51270  872  700 
 51271 1055  705 
 51272 1222  711 
 51273 1434  715 
 51274 1600  696 
 51275 1780  689 
 51276 1874  706 
 51277 1960  706 
 51278 2014  718 
 51279 1985  711 
 51280 1913  706 
 51281 1823  721 
 51282 1744  711 
 51283 1660  689 
 51284 1543  712 
 51285 1476  724 
 51286 1466  721 
 51287 1427  705 
 51288 1423  705 
 51289 1367  726 
 51290 1415  689 
 51291 1381  718 
 51292 1413  740 
 51293 1429  702 
 51294 1406  720 
 51295 1432  697 
 51296 1419  721 
 51297 1408  724 
 51298 1377  744 
 51299 1322  716 
 51300 1285  708 
 51301 1249  732 
 51302 1239  720 
 51303 1245  740 
 51304 1158  734 
 51305 1057  749 
 51306  888  756 
 51307  780  743 
 51308  723  739 
 51309  746  753 
 51310  909  750 
 51311 1078  736 
 51312 1282  748 
 51313 1495  746 
 51314 1646  744 
 51315 1819  734 
 51316 1956  742 
 51317 2018  745 
 51318 2064  754 
 51319 2059  743 
 51320 1991  725 
 51321 1908  761 
 51322 1739  752 
 51323 1682  746 
 51324 1599  756 
 51325 1495  736 
 51326 1465  729 
 51327 1440  746 
 51328 1408  729 
 51329 1429  738 
 51330 1446  738 
 51331 1450  762 
 51332 1458  745 
 51333 1472  745 
 51334 1464  754 
 51335 1437  746 
 51336 1408  735 
 51337 1397  756 
 51338 1341  766 
 51339 1269  750 
 51340 1272  747 
 51341 1249  755 
 51342 1219  754 
 51343 1156  781 
 51344 1021  772 
 51345  861  778 
 51346  760  777 
 51347  690  789 
 51348  708  787 
 51349  797  781 
 51350  955  759 
 51351 1167  777 
 51352 1344  797 
 51353 1584  768 
 51354 1759  774 
 51355 1922  777 
 51356 2039  778 
 51357 2134  758 
 51358 2157  779 
 51359 2128  780 
 51360 2033  774 
 51361 1942  772 
 51362 1833  791 
 51363 1726  776 
 51364 1618  776 
 51365 1538  791 
 51366 1471  789 
 51367 1408  776 
 51368 1361  774 
 51369 1386  792 
 51370 1343  761 
 51371 1322  782 
 51372 1311  769 
 51373 1263  795 
 51374 1253  804 
 51375 1223  792 
 51376 1220  777 
 51377 1216  792 
 51378 1215  805 
 51379 1218  808 
 51380 1207  798 
 51381 1239  815 
 51382 1229  802 
 51383 1089  812 
 51384  980  822 
 51385  870  799 
 51386  811  818 
 51387  801  814 
 51388  862  807 
 51389  983  803 
 51390 1201  820 
 51391 1385  818 
 51392 1608  808 
 51393 1805  812 
 51394 1934  792 
 51395 2079  814 
 51396 2158  817 
 51397 2220  824 
 51398 2182  817 
 51399 2129  814 
 51400 2022  802 
 51401 1900  813 
 51402 1782  824 
 51403 1653  809 
 51404 1512  827 
 51405 1442  833 
 51406 1338  808 
 51407 1274  829 
 51408 1240  808 
 51409 1184  821 
 51410 1101  840 
 51411 1105  825 
 51412 1112  819 
 51413 1135  844 
 51414 1121  826 
 51415 1162  825 
 51416 1180  825 
 51417 1196  843 
 51418 1247  832 
 51419 1278  828 
 51420 1297  830 
 51421 1280  843 
 51422 1228  847 
 51423 1084  845 
 51424  969  845 
 51425  911  850 
 51426  898  858 
 51427  925  835 
 51428 1086  870 
 51429 1218  845 
 51430 1391  863 
 51431 1562  845 
 51432 1785  852 
 51433 1917  845 
 51434 2110  868 
 51435 2170  865 
 51436 2197  848 
 51437 2216  850 
 51438 2132  862 
 51439 1987  851 
 51440 1882  858 
 51441 1753  871 
 51442 1589  865 
 51443 1462  870 
 51444 1378  865 
 51445 1297  835 
 51446 1211  848 
 51447 1183  866 
 51448 1167  866 
 51449 1177  872 
 51450 1162  869 
 51451 1176  875 
 51452 1193  883 
 51453 1188  862 
 51454 1217  858 
 51455 1233  880 
 51456 1281  873 
 51457 1284  878 
 51458 1277  873 
 51459 1339  857 
 51460 1337  863 
 51461 1284  875 
 51462 1160  868 
 51463 1028  854 
 51464  956  893 
 51465  922  891 
 51466  992  884 
 51467 1101  886 
 51468 1256  890 
 51469 1399  895 
 51470 1547  902 
 51471 1707  875 
 51472 1840  869 
 51473 1971  899 
 51474 2068  898 
 51475 2117  895 
 51476 2132  891 
 51477 2040  890 
 51478 1915  899 
 51479 1810  881 
 51480 1659  889 
 51481 1553  915 
 51482 1460  891 
 51483 1419  892 
 51484 1328  892 
 51485 1284  910 
 51486 1262  904 
 51487 1222  880 
 51488 1216  888 
 51489 1195  897 
 51490 1218  904 
 51491 1202  913 
 51492 1219  895 
 51493 1239  893 
 51494 1237  904 
 51495 1248  903 
 51496 1291  890 
 51497 1299  926 
 51498 1328  904 
 51499 1345  923 
 51500 1376  906 
 51501 1304  935 
 51502 1223  929 
 51503 1065  928 
 51504  962  926 
 51505  965  931 
 51506 1012  941 
 51507 1142  946 
 51508 1271  932 
 51509 1463  934 
 51510 1593  955 
 51511 1740  937 
 51512 1868  922 
 51513 1953  938 
 51514 2002  925 
 51515 2038  916 
 51516 1987  937 
 51517 1925  908 
 51518 1827  926 
 51519 1701  932 
 51520 1608  921 
 51521 1506  924 
 51522 1429  946 
 51523 1361  926 
 51524 1335  949 
 51525 1314  936 
 51526 1271  937 
 51527 1289  936 
 51528 1260  955 
 51529 1262  936 
 51530 1249  948 
 51531 1248  933 
 51532 1235  929 
 51533 1241  945 
 51534 1255  932 
 51535 1276  938 
 51536 1279  961 
 51537 1289  954 
 51538 1346  958 
 51539 1365  948 
 51540 1387  949 
 51541 1378  964 
 51542 1286  972 
 51543 1170  968 
 51544 1080  969 
 51545 1014  971 
 51546 1026  965 
 51547 1175  966 
 51548 1326  968 
 51549 1512  980 
 51550 1673  975 
 51551 1810  986 
 51552 1921  955 
 51553 1950  988 
 51554 1996  948 
 51555 1922  986 
 51556 1861  970 
 51557 1757  987 
 51558 1646  983 
 51559 1508  969 
 51560 1420  991 
 51561 1339  979 
 51562 1297  997 
 51563 1259  990 
 51564 1239  984 
 51565 1238  995 
 51566 1253  987 
 51567 1268  998 
 51568 1264  983 
 51569 1273 1005 
 51570 1286  984 
 51571 1317  997 
 51572 1316 1002 
 51573 1309  990 
 51574 1298 1020 
 51575 1343 1014 
 51576 1373  998 
 51577 1372  996 
 51578 1383  968 
 51579 1428 1019 
 51580 1395 1012 
 51581 1395 1001 
 51582 1333 1009 
 51583 1238 1024 
 51584 1117 1000 
 51585 1069 1011 
 51586 1040 1019 
 51587 1114 1010 
 51588 1287 1011 
 51589 1433 1012 
 51590 1639 1016 
 51591 1814 1022 
 51592 1898 1007 
 51593 1971 1016 
 51594 1991 1019 
 51595 1953 1033 
 51596 1854  999 
 51597 1754 1010 
 51598 1630 1041 
 51599 1541 1035 
 51600 1406 1026 
 51601 1363 1003 
 51602 1306 1023 
 51603 1275  987 
 51604 1254 1014 
 51605 1255 1026 
 51606 1243 1032 
 51607 1257 1026 
 51608 1283 1013 
 51609 1247 1025 
 51610 1292 1029 
 51611 1310 1049 
 51612 1312 1030 
 51613 1336 1018 
 51614 1357 1057 
 51615 1352 1024 
 51616 1335 1050 
 51617 1356 1047 
 51618 1378 1040 
 51619 1385 1053 
 51620 1387 1051 
 51621 1406 1047 
 51622 1386 1068 
 51623 1343 1072 
 51624 1289 1073 
 51625 1179 1076 
 51626 1144 1074 
 51627 1161 1071 
 51628 1236 1072 
 51629 1390 1041 
 51630 1565 1038 
 51631 1711 1077 
 51632 1818 1041 
 51633 1882 1066 
 51634 1845 1061 
 51635 1819 1043 
 51636 1738 1072 
 51637 1670 1058 
 51638 1552 1062 
 51639 1465 1053 
 51640 1390 1070 
 51641 1354 1072 
 51642 1311 1065 
 51643 1286 1081 
 51644 1306 1063 
 51645 1301 1075 
 51646 1298 1080 
 51647 1313 1049 
 51648 1331 1069 
 51649 1334 1069 
 51650 1335 1064 
 51651 1311 1086 
 51652 1313 1089 
 51653 1359 1085 
 51654 1379 1084 
 51655 1370 1095 
 51656 1351 1090 
 51657 1387 1097 
 51658 1405 1089 
 51659 1432 1075 
 51660 1442 1095 
 51661 1403 1084 
 51662 1415 1102 
 51663 1372 1114 
 51664 1300 1094 
 51665 1225 1078 
 51666 1202 1075 
 51667 1245 1090 
 51668 1313 1096 
 51669 1496 1095 
 51670 1611 1100 
 51671 1681 1104 
 51672 1732 1116 
 51673 1728 1115 
 51674 1689 1113 
 51675 1641 1099 
 51676 1550 1113 
 51677 1506 1096 
 51678 1441 1107 
 51679 1399 1100 
 51680 1368 1127 
 51681 1347 1129 
 51682 1351 1106 
 51683 1350 1112 
 51684 1378 1114 
 51685 1364 1115 
 51686 1349 1142 
 51687 1365 1100 
 51688 1386 1127 
 51689 1352 1126 
 51690 1382 1116 
 51691 1376 1131 
 51692 1387 1118 
 51693 1399 1115 
 51694 1399 1136 
 51695 1390 1113 
 51696 1393 1128 
 51697 1387 1128 
 51698 1383 1120 
 51699 1398 1154 
 51700 1427 1143 
 51701 1397 1133 
 51702 1354 1145 
 51703 1277 1126 
 51704 1204 1147 
 51705 1234 1134 
 51706 1301 1142 
 51707 1384 1158 
 51708 1494 1144 
 51709 1597 1155 
 51710 1631 1139 
 51711 1652 1156 
 51712 1658 1141 
 51713 1625 1168 
 51714 1578 1139 
 51715 1512 1173 
 51716 1472 1157 
 51717 1410 1162 
 51718 1382 1156 
 51719 1359 1156 
 51720 1331 1140 
 51721 1335 1148 
 51722 1335 1165 
 51723 1339 1145 
 51724 1328 1152 
 51725 1354 1168 
 51726 1367 1163 
 51727 1352 1178 
 51728 1362 1173 
 51729 1394 1169 
 51730 1398 1146 
 51731 1368 1139 
 51732 1404 1158 
 51733 1407 1182 
 51734 1409 1158 
 51735 1438 1180 
 51736 1426 1189 
 51737 1416 1170 
 51738 1425 1174 
 51739 1416 1186 
 51740 1419 1174 
 51741 1381 1186 
 51742 1329 1164 
 51743 1268 1176 
 51744 1259 1197 
 51745 1272 1189 
 51746 1400 1189 
 51747 1520 1180 
 51748 1617 1190 
 51749 1635 1202 
 51750 1672 1205 
 51751 1638 1154 
 51752 1630 1209 
 51753 1605 1189 
 51754 1541 1200 
 51755 1477 1215 
 51756 1442 1197 
 51757 1381 1205 
 51758 1360 1198 
 51759 1354 1201 
 51760 1361 1210 
 51761 1338 1208 
 51762 1331 1205 
 51763 1361 1204 
 51764 1366 1200 
 51765 1380 1228 
 51766 1384 1217 
 51767 1407 1228 
 51768 1396 1230 
 51769 1417 1204 
 51770 1401 1222 
 51771 1394 1214 
 51772 1408 1225 
 51773 1424 1218 
 51774 1397 1242 
 51775 1412 1234 
 51776 1397 1236 
 51777 1420 1220 
 51778 1420 1223 
 51779 1426 1225 
 51780 1397 1233 
 51781 1361 1231 
 51782 1305 1253 
 51783 1253 1225 
 51784 1247 1233 
 51785 1321 1262 
 51786 1409 1238 
 51787 1506 1236 
 51788 1562 1239 
 51789 1584 1249 
 51790 1605 1254 
 51791 1617 1237 
 51792 1559 1259 
 51793 1569 1249 
 51794 1538 1270 
 51795 1483 1263 
 51796 1434 1248 
 51797 1403 1253 
 51798 1377 1245 
 51799 1371 1228 
 51800 1365 1251 
 51801 1361 1231 
 51802 1367 1255 
 51803 1366 1265 
 51804 1387 1259 
 51805 1375 1265 
 51806 1404 1252 
 51807 1363 1245 
 51808 1408 1270 
 51809 1405 1261 
 51810 1425 1246 
 51811 1376 1262 
 51812 1384 1268 
 51813 1398 1257 
 51814 1389 1284 
 51815 1390 1270 
 51816 1426 1269 
 51817 1437 1252 
 51818 1423 1268 
 51819 1427 1265 
 51820 1408 1278 
 51821 1353 1313 
 51822 1316 1297 
 51823 1292 1283 
 51824 1285 1277 
 51825 1323 1291 
 51826 1411 1276 
 51827 1457 1276 
 51828 1521 1306 
 51829 1545 1287 
 51830 1564 1291 
 51831 1575 1298 
 51832 1567 1267 
 51833 1530 1278 
 51834 1503 1277 
 51835 1478 1295 
 51836 1451 1303 
 51837 1413 1285 
 51838 1394 1309 
 51839 1385 1289 
 51840 1403 1300 
 51841 1376 1308 
 51842 1385 1303 
 51843 1401 1304 
 51844 1417 1300 
 51845 1413 1283 
 51846 1409 1305 
 51847 1404 1303 
 51848 1386 1310 
 51849 1393 1297 
 51850 1384 1321 
 51851 1376 1314 
 51852 1372 1315 
 51853 1383 1311 
 51854 1389 1320 
 51855 1393 1322 
 51856 1386 1337 
 51857 1377 1322 
 51858 1393 1335 
 51859 1391 1321 
 51860 1320 1343 
 51861 1299 1308 
 51862 1258 1339 
 51863 1294 1338 
 51864 1336 1332 
 51865 1428 1325 
 51866 1479 1299 
 51867 1532 1340 
 51868 1562 1330 
 51869 1595 1325 
 51870 1563 1333 
 51871 1550 1335 
 51872 1542 1313 
 51873 1492 1333 
 51874 1490 1335 
 51875 1457 1342 
 51876 1407 1331 
 51877 1409 1356 
 51878 1375 1343 
 51879 1345 1343 
 51880 1353 1367 
 51881 1346 1345 
 51882 1352 1325 
 51883 1358 1351 
 51884 1600 1261 
 51885 2483 1218 
 51886 3299 1166 
 51887 3299 1131 
 51888 3299 1121 
 51889 3299 1083 
 51890 3299 1034 
 51891 3299 1038 
 51892 3299 1004 
 51893 3228  959 
 51894 2268  937 
 51895 1461  939 
 51896  803  896 
 51897  334  896 
 51898   21  864 
 51899    4  866 
 51900   13  836 
 51901    9  828 
 51902   11  795 
 51903    8  747 
 51904    8  762 
 51905   10  741 
 51906   12  740 
 51907   12  714 
 51908    4  715 
 51909   11  674 
 51910   11  673 
 51911   81  657 
 51912  257  671 
 51913  416  650 
 51914  585  616 
 51915  706  609 
 51916  833  611 
 51917  931  595 
 51918 1021  585 
 51919 1110  571 
 51920 1188  578 
 51921 1255  565 
 51922 1303  549 
 51923 1346  557 
 51924 1404  532 
 51925 1422  532 
 51926 1434  504 
 51927 1458  519 
 51928 1467  491 
 51929 1487  470 
 51930 1482  490 
 51931 1488  468 
 51932 1492  456 
 51933 1511  457 
 51934 1480  467 
 51935 1490  457 
 51936 1492  446 
 51937 1466  420 
 51938 1473  423 
 51939 1476  414 
 51940 1471  436 
 51941 1457  417 
 51942 1417  426 
 51943 1450  402 
 51944 1437  410 
 51945 1428  399 
 51946 1428  382 
 51947 1435  383 
 51948 1448  372 
 51949 1424  368 
 51950 1426  358 
 51951 1424  360 
 51952 1408  363 
 51953 1443  357 
 51954 1427  367 
 51955 1413  364 
 51956 1403  350 
 51957 1382  342 
 51958 1425  352 
 51959 1425  321 
 51960 1418  330 
 51961 1415  330 
 51962 1404  324 
 51963 1395  312 
 51964 1426  326 
 51965 1433  323 
 51966 1422  324 
 51967 1389  298 
 51968 1427  295 
 51969 1420  312 
 51970 1420  305 
 51971 1431  289 
 51972 1435  293 
 51973 1430  285 
 51974 1439  300 
 51975 1441  302 
 51976 1389  259 
 51977 1443  288 
 51978 1414  273 
 51979 1414  279 
 51980 1429  275 
 51981 1440  265 
 51982 1430  276 
 51983 1417  252 
 51984 1413  255 
 51985 1406  267 
 51986 1412  250 
 51987 1435  252 
 51988 1440  252 
 51989 1430  256 
 51990 1428  244 
 51991 1430  252 
 51992 1406  257 
 51993 1424  228 
 51994 1440  250 
 51995 1407  254 
 51996 1429  229 
 51997 1424  234 
 51998 1425  231 
 51999 1430  228 
 52000 1422  243 
 52001 1419  224 
 52002 1431  215 
 52003 1407  236 
 52004 1444  234 
 52005 1427  222 
 52006 1442  210 
 52007 1391  218 
 52008 1429  223 
 52009 1442  215 
 52010 1444  211 
 52011 1433  206 
 52012 1423  207 
 52013 1347  213 
 52014 1174  206 
 52015  968  206 
 52016  742  204 
 52017  522  208 
 52018  371  208 
 52019  265  213 
 52020  214  202 
 52021  213  217 
 52022  263  195 
 52023  364  208 
 52024  470  212 
 52025  621  188 
 52026  760  206 
 52027  936  194 
 52028 1079  169 
 52029 1202  182 
 52030 1371  201 
 52031 1455  188 
 52032 1558  202 
 52033 1610  191 
 52034 1619  195 
 52035 1657  187 
 52036 1622  203 
 52037 1657  171 
 52038 1636  198 
 52039 1639  194 
 52040 1649  205 
 52041 1650  204 
 52042 1720  199 
 52043 1785  196 
 52044 1808  156 
 52045 1895  174 
 52046 1977  195 
 52047 2071  182 
 52048 2095  181 
 52049 2172  189 
 52050 2187  200 
 52051 2257  156 
 52052 2250  184 
 52053 2265  162 
 52054 2213  170 
 52055 2139  189 
 52056 2089  185 
 52057 2017  158 
 52058 1941  165 
 52059 1834  165 
 52060 1732  178 
 52061 1639  174 
 52062 1563  167 
 52063 1489  168 
 52064 1426  153 
 52065 1368  171 
 52066 1322  157 
 52067 1290  162 
 52068 1298  145 
 52069 1264  153 
 52070 1253  161 
 52071 1275  168 
 52072 1272  155 
 52073 1268  150 
 52074 1297  171 
 52075 1308  148 
 52076 1306  156 
 52077 1337  136 
 52078 1326  127 
 52079 1348  137 
 52080 1321  153 
 52081 1367  132 
 52082 1336  159 
 52083 1326  165 
 52084 1290  168 
 52085 1268  131 
 52086 1250  161 
 52087 1268  143 
 52088 1322  153 
 52089 1367  160 
 52090 1417  150 
 52091 1444  150 
 52092 1498  146 
 52093 1526  154 
 52094 1587  165 
 52095 1602  148 
 52096 1617  144 
 52097 1621  164 
 52098 1615  145 
 52099 1582  148 
 52100 1489  145 
 52101 1436  145 
 52102 1398  140 
 52103 1352  154 
 52104 1324  171 
 52105 1289  139 
 52106 1252  146 
 52107 1209  164 
 52108 1161  157 
 52109 1157  147 
 52110 1177  155 
 52111 1144  179 
 52112 1217  166 
 52113 1231  146 
 52114 1271  174 
 52115 1363  171 
 52116 1466  175 
 52117 1587  185 
 52118 1709  165 
 52119 1804  185 
 52120 1841  181 
 52121 1806  173 
 52122 1764  173 
 52123 1713  169 
 52124 1689  170 
 52125 1710  165 
 52126 1666  173 
 52127 1629  162 
 52128 1599  158 
 52129 1535  172 
 52130 1543  175 
 52131 1500  161 
 52132 1512  172 
 52133 1502  157 
 52134 1502  160 
 52135 1474  153 
 52136 1544  150 
 52137 1586  178 
 52138 1620  160 
 52139 1629  166 
 52140 1589  179 
 52141 1537  175 
 52142 1440  181 
 52143 1397  141 
 52144 1420  162 
 52145 1543  155 
 52146 1577  167 
 52147 1613  162 
 52148 1541  154 
 52149 1424  140 
 52150 1326  146 
 52151 1223  159 
 52152 1170  172 
 52153 1124  153 
 52154 1145  145 
 52155 1243  150 
 52156 1381  156 
 52157 1401  179 
 52158 1190  162 
 52159 1035  146 
 52160 1076  146 
 52161 1302  139 
 52162 1630  136 
 52163 1841  136 
 52164 1931  158 
 52165 1863  149 
 52166 1699  150 
 52167 1398  150 
 52168 1215  138 
 52169 1039  145 
 52170  941  142 
 52171  938  131 
 52172 1026  140 
 52173 1146  152 
 52174 1200  136 
 52175 1175  149 
 52176 1221  149 
 52177 1202  147 
 52178 1265  156 
 52179 1314  151 
 52180 1434  157 
 52181 1594  145 
 52182 1726  146 
 52183 1838  133 
 52184 1855  133 
 52185 1825  143 
 52186 1843  140 
 52187 1915  122 
 52188 1928  126 
 52189 1856  155 
 52190 1696  146 
 52191 1474  137 
 52192 1299  116 
 52193 1211  115 
 52194 1315   97 
 52195 1507  130 
 52196 1662   92 
 52197 1631  123 
 52198 1580  112 
 52199 1436  135 
 52200 1255  130 
 52201 1116  127 
 52202  964  142 
 52203  852  116 
 52204  849  118 
 52205  937  105 
 52206 1170  112 
 52207 1440  114 
 52208 1700  110 
 52209 1849  112 
 52210 1926  126 
 52211 1942  115 
 52212 1865   96 
 52213 1744  107 
 52214 1632  106 
 52215 1493  101 
 52216 1337  100 
 52217 1227  112 
 52218 1135   91 
 52219 1024  103 
 52220  979   89 
 52221  978  113 
 52222  970  112 
 52223  990  113 
 52224 1046  111 
 52225 1079   99 
 52226 1170  106 
 52227 1230  101 
 52228 1275  103 
 52229 1324  117 
 52230 1403  112 
 52231 1442  105 
 52232 1501  117 
 52233 1518  121 
 52234 1517  104 
 52235 1546  103 
 52236 1533   87 
 52237 1537   92 
 52238 1545  107 
 52239 1550  121 
 52240 1544   79 
 52241 1543  116 
 52242 1546  122 
 52243 1558   90 
 52244 1522  105 
 52245 1518  112 
 52246 1490  103 
 52247 1429  105 
 52248 1423  114 
 52249 1395  108 
 52250 1372  105 
 52251 1374  108 
 52252 1398  115 
 52253 1428  109 
 52254 1478  104 
 52255 1552  122 
 52256 1579   99 
 52257 1636  112 
 52258 1664   98 
 52259 1649  101 
 52260 1633  121 
 52261 1606  115 
 52262 1560  115 
 52263 1496  104 
 52264 1466   90 
 52265 1424  109 
 52266 1403  112 
 52267 1342  107 
 52268 1357  116 
 52269 1326   99 
 52270 1314  108 
 52271 1306  115 
 52272 1322  110 
 52273 1323  113 
 52274 1352   98 
 52275 1354  111 
 52276 1407  100 
 52277 1435  103 
 52278 1417  106 
 52279 1412   97 
 52280 1426  108 
 52281 1458  102 
 