=~=~=~=~=~=~=~=~=~=~=~= PuTTY log 2024.04.25 10:32:13 =~=~=~=~=~=~=~=~=~=~=~=
 43421 1413  105 
 43422 1420   86 
 43423 1398  109 
 43424 1419  111 
 43425 1422  101 
 43426 1408   94 
 43427 1424   96 
 43428 1420   97 
 43429 1424  105 
 43430 1441   94 
 43431 1409   88 
 43432 1408   93 
 43433 1410   77 
 43434 1422  111 
 43435 1406   98 
 43436 1425  107 
 43437 1416  114 
 43438 1412  100 
 43439 1398   94 
 43440 1408   85 
 43441 1396   85 
 43442 1420   95 
 43443 1423   91 
 43444 1433  104 
 43445 1437  100 
 43446 1449  109 
 43447 1421   92 
 43448 1420   97 
 43449 1399  102 
 43450 1379   86 
 43451 1404   93 
 43452 1417   88 
 43453 1417   96 
 43454 1430   94 
 43455 1444   97 
 43456 1410  109 
 43457 1425  101 
 43458 1418  102 
 43459 1396  101 
 43460 1412  103 
 43461 1410   79 
 43462 1416   86 
 43463 1400  107 
 43464 1420   83 
 43465 1409  121 
 43466 1413  117 
 43467 1428   96 
 43468 1410  106 
 43469 1399   90 
 43470 1424  121 
 43471 1448   87 
 43472 1440  101 
 43473 1414  121 
 43474 1431  108 
 43475 1407   75 
 43476 1407   89 
 43477 1405   93 
 43478 1415  103 
 43479 1410  102 
 43480 1424  105 
 43481 1441  115 
 43482 1416   72 
 43483 1396   81 
 43484 1403   81 
 43485 1427   92 
 43486 1400  101 
 43487 1413   99 
 43488 1402   91 
 43489 1414  105 
 43490 1395  115 
 43491 1411   81 
 43492 1429  114 
 43493 1399  100 
 43494 1429   95 
 43495 1438   93 
 43496 1419   99 
 43497 1408   95 
 43498 1414  101 
 43499 1403  110 
 43500 1417   95 
 43501 1416   87 
 43502 1413  102 
 43503 1423  106 
 43504 1394  105 
 43505 1435  117 
 43506 1408  102 
 43507 1436  107 
 43508 1391   98 
 43509 1429   91 
 43510 1410  110 
 43511 1440  104 
 43512 1422   83 
 43513 1387  102 
 43514 1420   94 
 43515 1411  126 
 43516 1405   94 
 43517 1424   82 
 43518 1410  112 
 43519 1415  107 
 43520 1425  110 
 43521 1376   83 
 43522 1410  116 
 43523 1406  104 
 43524 1402   94 
 43525 1419  116 
 43526 1414  101 
 43527 1422  116 
 43528 1401   96 
 43529 1400   99 
 43530 1414  105 
 43531 1399   77 
 43532 1391  110 
 43533 1421  113 
 43534 1412  105 
 43535 1395  100 
 43536 1403  100 
 43537 1407  100 
 43538 1403  114 
 43539 1440  103 
 43540 1403   91 
 43541 1442  102 
 43542 1408   65 
 43543 1441  106 
 43544 1414   98 
 43545 1415  104 
 43546 1417   79 
 43547 1392  101 
 43548 1408  114 
 43549 1419   95 
 43550 1418  112 
 43551 1426   95 
 43552 1415  101 
 43553 1415   99 
 43554 1406   94 
 43555 1397  104 
 43556 1417  118 
 43557 1412  105 
 43558 1402  110 
 43559 1443  112 
 43560 1421  118 
 43561 1420  108 
 43562 1420   97 
 43563 1387  122 
 43564 1423  106 
 43565 1402  115 
 43566 1389   99 
 43567 1405   96 
 43568 1406  124 
 43569 1432  109 
 43570 1431  101 
 43571 1403  102 
 43572 1388   91 
 43573 1438  110 
 43574 1402  113 
 43575 1405  113 
 43576 1407   97 
 43577 1424   90 
 43578 1406   99 
 43579 1434   91 
 43580 1433  100 
 43581 1394   79 
 43582 1339  111 
 43583 1235  114 
 43584 1125  117 
 43585 1047  120 
 43586  929  136 
 43587  924  111 
 43588  907  110 
 43589  937  121 
 43590 1025  119 
 43591 1099  124 
 43592 1195  126 
 43593 1299  128 
 43594 1386  125 
 43595 1457  126 
 43596 1501  132 
 43597 1556  142 
 43598 1541  133 
 43599 1558  130 
 43600 1571  122 
 43601 1584  145 
 43602 1590  154 
 43603 1577  145 
 43604 1576  165 
 43605 1566  127 
 43606 1567  149 
 43607 1571  154 
 43608 1562  159 
 43609 1579  186 
 43610 1552  165 
 43611 1523  151 
 43612 1550  168 
 43613 1552  165 
 43614 1514  190 
 43615 1511  168 
 43616 1490  187 
 43617 1485  184 
 43618 1431  175 
 43619 1459  180 
 43620 1434  196 
 43621 1449  194 
 43622 1450  182 
 43623 1417  189 
 43624 1430  208 
 43625 1441  194 
 43626 1442  183 
 43627 1430  210 
 43628 1425  200 
 43629 1429  203 
 43630 1417  212 
 43631 1439  219 
 43632 1434  215 
 43633 1436  202 
 43634 1416  226 
 43635 1419  236 
 43636 1425  234 
 43637 1434  224 
 43638 1397  230 
 43639 1412  238 
 43640 1378  242 
 43641 1412  238 
 43642 1390  247 
 43643 1414  249 
 43644 1398  226 
 43645 1398  242 
 43646 1405  236 
 43647 1439  253 
 43648 1454  234 
 43649 1458  249 
 43650 1473  257 
 43651 1465  251 
 43652 1496  248 
 43653 1482  246 
 43654 1504  260 
 43655 1471  281 
 43656 1481  244 
 43657 1479  255 
 43658 1454  256 
 43659 1487  274 
 43660 1453  244 
 43661 1443  265 
 43662 1454  267 
 43663 1426  249 
 43664 1426  261 
 43665 1453  252 
 43666 1405  276 
 43667 1391  279 
 43668 1395  266 
 43669 1386  267 
 43670 1394  272 
 43671 1363  247 
 43672 1386  286 
 43673 1380  289 
 43674 1358  288 
 43675 1342  280 
 43676 1351  282 
 43677 1327  279 
 43678 1309  251 
 43679 1330  292 
 43680 1318  297 
 43681 1330  278 
 43682 1382  282 
 43683 1394  288 
 43684 1399  304 
 43685 1429  260 
 43686 1445  274 
 43687 1441  284 
 43688 1450  264 
 43689 1429  293 
 43690 1443  299 
 43691 1401  298 
 43692 1412  309 
 43693 1395  294 
 43694 1402  299 
 43695 1385  302 
 43696 1376  292 
 43697 1387  308 
 43698 1368  301 
 43699 1367  287 
 43700 1348  307 
 43701 1346  302 
 43702 1363  307 
 43703 1346  332 
 43704 1360  293 
 43705 1346  317 
 43706 1334  314 
 43707 1335  299 
 43708 1360  329 
 43709 1373  320 
 43710 1367  331 
 43711 1379  304 
 43712 1387  329 
 43713 1383  320 
 43714 1384  296 
 43715 1364  315 
 43716 1362  336 
 43717 1357  332 
 43718 1306  330 
 43719 1336  320 
 43720 1352  311 
 43721 1342  334 
 43722 1377  339 
 43723 1413  317 
 43724 1413  314 
 43725 1451  334 
 43726 1483  344 
 43727 1472  341 
 43728 1450  343 
 43729 1455  349 
 43730 1457  350 
 43731 1419  321 
 43732 1401  343 
 43733 1408  345 
 43734 1403  351 
 43735 1412  350 
 43736 1417  325 
 43737 1417  330 
 43738 1425  343 
 43739 1426  349 
 43740 1439  361 
 43741 1423  354 
 43742 1444  346 
 43743 1435  363 
 43744 1414  358 
 43745 1408  348 
 43746 1386  347 
 43747 1371  349 
 43748 1407  355 
 43749 1375  360 
 43750 1389  336 
 43751 1395  352 
 43752 1384  347 
 43753 1382  364 
 43754 1402  358 
 43755 1379  366 
 43756 1340  366 
 43757 1314  379 
 43758 1304  362 
 43759 1301  382 
 43760 1298  360 
 43761 1383  360 
 43762 1379  364 
 43763 1418  361 
 43764 1437  362 
 43765 1461  381 
 43766 1484  386 
 43767 1497  364 
 43768 1461  366 
 43769 1464  367 
 43770 1415  385 
 43771 1399  369 
 43772 1387  374 
 43773 1381  396 
 43774 1393  379 
 43775 1405  379 
 43776 1400  381 
 43777 1410  384 
 43778 1405  374 
 43779 1406  383 
 43780 1421  405 
 43781 1417  390 
 43782 1425  399 
 43783 1439  377 
 43784 1405  383 
 43785 1421  399 
 43786 1430  395 
 43787 1382  378 
 43788 1417  400 
 43789 1393  394 
 43790 1394  400 
 43791 1387  386 
 43792 1400  398 
 43793 1361  415 
 43794 1328  407 
 43795 1312  400 
 43796 1323  400 
 43797 1339  408 
 43798 1370  390 
 43799 1405  409 
 43800 1428  407 
 43801 1445  417 
 43802 1477  412 
 43803 1486  400 
 43804 1479  426 
 43805 1483  403 
 43806 1460  432 
 43807 1407  425 
 43808 1388  426 
 43809 1377  417 
 43810 1392  418 
 43811 1389  416 
 43812 1377  429 
 43813 1381  435 
 43814 1399  414 
 43815 1372  427 
 43816 1408  425 
 43817 1421  437 
 43818 1388  411 
 43819 1426  420 
 43820 1394  433 
 43821 1387  412 
 43822 1389  441 
 43823 1392  423 
 43824 1391  449 
 43825 1389  445 
 43826 1379  431 
 43827 1359  417 
 43828 1365  453 
 43829 1369  444 
 43830 1331  457 
 43831 1323  439 
 43832 1310  435 
 43833 1311  453 
 43834 1311  452 
 43835 1356  444 
 43836 1397  453 
 43837 1445  458 
 43838 1450  434 
 43839 1466  455 
 43840 1532  458 
 43841 1516  452 
 43842 1489  468 
 43843 1494  450 
 43844 1445  451 
 43845 1445  457 
 43846 1399  479 
 43847 1378  457 
 43848 1376  471 
 43849 1396  451 
 43850 1378  463 
 43851 1384  450 
 43852 1397  474 
 43853 1421  443 
 43854 1419  490 
 43855 1421  452 
 43856 1398  488 
 43857 1428  496 
 43858 1397  474 
 43859 1371  488 
 43860 1386  486 
 43861 1374  486 
 43862 1376  465 
 43863 1370  464 
 43864 1381  479 
 43865 1391  492 
 43866 1383  476 
 43867 1415  479 
 43868 1403  482 
 43869 1396  491 
 43870 1406  498 
 43871 1374  482 
 43872 1324  474 
 43873 1289  509 
 43874 1284  504 
 43875 1275  491 
 43876 1285  512 
 43877 1337  518 
 43878 1381  511 
 43879 1428  516 
 43880 1481  503 
 43881 1500  517 
 43882 1532  515 
 43883 1491  515 
 43884 1476  521 
 43885 1494  498 
 43886 1456  503 
 43887 1445  493 
 43888 1421  490 
 43889 1414  528 
 43890 1412  530 
 43891 1415  529 
 43892 1426  514 
 43893 1404  515 
 43894 1406  513 
 43895 1424  534 
 43896 1449  510 
 43897 1422  529 
 43898 1428  546 
 43899 1396  532 
 43900 1417  513 
 43901 1403  521 
 43902 1401  537 
 43903 1384  507 
 43904 1388  537 
 43905 1389  536 
 43906 1395  532 
 43907 1388  539 
 43908 1418  529 
 43909 1395  538 
 43910 1385  550 
 43911 1382  557 
 43912 1398  524 
 43913 1367  555 
 43914 1381  544 
 43915 1324  547 
 43916 1262  558 
 43917 1234  554 
 43918 1174  566 
 43919 1151  566 
 43920 1228  552 
 43921 1285  539 
 43922 1344  548 
 43923 1424  546 
 43924 1493  573 
 43925 1531  559 
 43926 1563  574 
 43927 1555  554 
 43928 1567  547 
 43929 1514  578 
 43930 1504  572 
 43931 1469  562 
 43932 1420  560 
 43933 1411  566 
 43934 1395  574 
 43935 1404  585 
 43936 1403  570 
 43937 1432  568 
 43938 1432  573 
 43939 1475  587 
 43940 1468  559 
 43941 1473  580 
 43942 1453  599 
 43943 1438  589 
 43944 1445  596 
 43945 1433  579 
 43946 1401  587 
 43947 1392  592 
 43948 1340  591 
 43949 1389  604 
 43950 1357  605 
 43951 1345  592 
 43952 1342  606 
 43953 1354  592 
 43954 1325  609 
 43955 1343  591 
 43956 1346  612 
 43957 1369  576 
 43958 1408  582 
 43959 1427  578 
 43960 1445  608 
 43961 1371  601 
 43962 1305  614 
 43963 1197  623 
 43964 1162  627 
 43965 1134  611 
 43966 1207  606 
 43967 1245  610 
 43968 1333  623 
 43969 1417  647 
 43970 1506  627 
 43971 1551  613 
 43972 1636  634 
 43973 1643  615 
 43974 1656  631 
 43975 1614  614 
 43976 1602  639 
 43977 1512  648 
 43978 1456  643 
 43979 1437  639 
 43980 1412  627 
 43981 1391  630 
 43982 1384  650 
 43983 1416  627 
 43984 1415  641 
 43985 1416  651 
 43986 1440  649 
 43987 1455  637 
 43988 1456  654 
 43989 1428  634 
 43990 1427  649 
 43991 1440  639 
 43992 1403  635 
 43993 1387  651 
 43994 1371  654 
 43995 1384  653 
 43996 1388  641 
 43997 1391  663 
 43998 1440  648 
 43999 1420  656 
 44000 1419  666 
 44001 1410  653 
 44002 1423  645 
 44003 1412  664 
 44004 1373  656 
 44005 1324  644 
 44006 1251  690 
 44007 1128  668 
 44008 1042  680 
 44009  965  694 
 44010  968  658 
 44011 1035  695 
 44012 1158  676 
 44013 1332  681 
 44014 1509  675 
 44015 1704  685 
 44016 1828  683 
 44017 1898  685 
 44018 1907  685 
 44019 1870  688 
 44020 1820  675 
 44021 1687  693 
 44022 1503  681 
 44023 1365  685 
 44024 1252  694 
 44025 1159  709 
 44026 1107  711 
 44027 1112  706 
 44028 1131  685 
 44029 1158  712 
 44030 1234  714 
 44031 1278  715 
 44032 1346  706 
 44033 1416  706 
 44034 1463  682 
 44035 1516  688 
 44036 1501  706 
 44037 1509  719 
 44038 1493  690 
 44039 1480  713 
 44040 1455  723 
 44041 1436  737 
 44042 1435  719 
 44043 1434  704 
 44044 1443  737 
 44045 1428  710 
 44046 1434  737 
 44047 1444  730 
 44048 1407  718 
 44049 1342  746 
 44050 1240  719 
 44051 1105  736 
 44052  949  749 
 44053  868  729 
 44054  836  760 
 44055  882  736 
 44056  985  751 
 44057 1142  713 
 44058 1348  740 
 44059 1537  758 
 44060 1751  754 
 44061 1842  779 
 44062 1927  727 
 44063 1998  750 
 44064 1962  785 
 44065 1869  761 
 44066 1810  760 
 44067 1709  751 
 44068 1611  741 
 44069 1495  757 
 44070 1464  763 
 44071 1409  762 
 44072 1371  774 
 44073 1350  778 
 44074 1360  751 
 44075 1370  779 
 44076 1366  768 
 44077 1390  775 
 44078 1379  757 
 44079 1390  757 
 44080 1377  754 
 44081 1338  768 
 44082 1318  782 
 44083 1314  792 
 44084 1256  770 
 44085 1264  776 
 44086 1249  782 
 44087 1250  772 
 44088 1244  798 
 44089 1257  801 
 44090 1223  793 
 44091 1156  792 
 44092 1035  821 
 44093  957  792 
 44094  917  818 
 44095  908  810 
 44096  938  820 
 44097 1017  816 
 44098 1179  830 
 44099 1358  811 
 44100 1544  806 
 44101 1743  813 
 44102 1864  830 
 44103 2007  832 
 44104 2069  831 
 44105 2055  810 
 44106 2032  843 
 44107 1937  825 
 44108 1844  811 
 44109 1720  844 
 44110 1642  835 
 44111 1560  844 
 44112 1486  822 
 44113 1429  834 
 44114 1384  839 
 44115 1336  851 
 44116 1260  843 
 44117 1246  843 
 44118 1196  838 
 44119 1205  838 
 44120 1206  849 
 44121 1233  837 
 44122 1229  859 
 44123 1218  847 
 44124 1233  853 
 44125 1281  867 
 44126 1309  872 
 44127 1340  846 
 44128 1370  840 
 44129 1365  864 
 44130 1341  850 
 44131 1333  885 
 44132 1271  865 
 44133 1219  885 
 44134 1072  873 
 44135 1012  882 
 44136  980  867 
 44137 1007  884 
 44138 1056  883 
 44139 1123  877 
 44140 1295  887 
 44141 1429  903 
 44142 1647  890 
 44143 1783  888 
 44144 1869  918 
 44145 1967  892 
 44146 2034  913 
 44147 2008  888 
 44148 1967  903 
 44149 1839  931 
 44150 1747  892 
 44151 1637  929 
 44152 1510  893 
 44153 1393  898 
 44154 1320  905 
 44155 1247  913 
 44156 1241  934 
 44157 1220  922 
 44158 1220  896 
 44159 1206  911 
 44160 1245  911 
 44161 1250  907 
 44162 1273  921 
 44163 1285  918 
 44164 1298  938 
 44165 1303  926 
 44166 1357  924 
 44167 1378  929 
 44168 1378  933 
 44169 1383  930 
 44170 1388  937 
 44171 1417  944 
 44172 1403  940 
 44173 1418  932 
 44174 1402  945 
 44175 1376  956 
 44176 1313  964 
 44177 1260  938 
 44178 1148  952 
 44179 1072  952 
 44180 1053  968 
 44181 1021  977 
 44182 1081  978 
 44183 1210  960 
 44184 1360  956 
 44185 1533  976 
 44186 1667  972 
 44187 1796  951 
 44188 1820  965 
 44189 1838  988 
 44190 1779  977 
 44191 1735  990 
 44192 1617  981 
 44193 1580  992 
 44194 1498  969 
 44195 1470  988 
 44196 1435  987 
 44197 1451  967 
 44198 1434  975 
 44199 1393  984 
 44200 1402  984 
 44201 1381  994 
 44202 1356  991 
 44203 1349 1010 
 44204 1346 1019 
 44205 1334  999 
 44206 1331 1021 
 44207 1323 1022 
 44208 1316 1000 
 44209 1309 1022 
 44210 1317 1002 
 44211 1330 1025 
 44212 1323 1008 
 44213 1343 1010 
 44214 1346 1021 
 44215 1356 1031 
 44216 1384 1035 
 44217 1347 1044 
 44218 1364 1006 
 44219 1354 1048 
 44220 1361 1049 
 44221 1328 1059 
 44222 1271 1015 
 44223 1226 1045 
 44224 1214 1040 
 44225 1178 1045 
 44226 1222 1067 
 44227 1320 1054 
 44228 1414 1044 
 44229 1541 1074 
 44230 1607 1063 
 44231 1640 1073 
 44232 1641 1043 
 44233 1630 1080 
 44234 1619 1046 
 44235 1543 1074 
 44236 1475 1074 
 44237 1406 1059 
 44238 1375 1078 
 44239 1397 1074 
 44240 1371 1074 
 44241 1384 1080 
 44242 1378 1074 
 44243 1380 1084 
 44244 1392 1066 
 44245 1395 1084 
 44246 1401 1065 
 44247 1375 1085 
 44248 1388 1090 
 44249 1341 1083 
 44250 1351 1083 
 44251 1363 1083 
 44252 1330 1106 
 44253 1358 1109 
 44254 1364 1097 
 44255 1387 1107 
 44256 1372 1105 
 44257 1389 1091 
 44258 1391 1095 
 44259 1392 1107 
 44260 1404 1124 
 44261 1382 1124 
 44262 1384 1105 
 44263 1404 1126 
 44264 1393 1106 
 44265 1397 1116 
 44266 1363 1116 
 44267 1348 1145 
 44268 1285 1124 
 44269 1276 1119 
 44270 1236 1137 
 44271 1303 1142 
 44272 1344 1138 
 44273 1426 1118 
 44274 1509 1164 
 44275 1569 1116 
 44276 1550 1124 
 44277 1575 1123 
 44278 1588 1149 
 44279 1534 1133 
 44280 1474 1148 
 44281 1463 1159 
 44282 1424 1150 
 44283 1384 1175 
 44284 1353 1186 
 44285 1377 1157 
 44286 1382 1185 
 44287 1391 1145 
 44288 1428 1178 
 44289 1446 1155 
 44290 1420 1175 
 44291 1424 1180 
 44292 1408 1178 
 44293 1411 1197 
 44294 1394 1170 
 44295 1369 1189 
 44296 1353 1167 
 44297 1332 1182 
 44298 1336 1192 
 44299 1347 1184 
 44300 1343 1171 
 44301 1339 1190 
 44302 1349 1194 
 44303 1393 1206 
 44304 1366 1193 
 44305 1396 1229 
 44306 1359 1219 
 44307 1367 1210 
 44308 1393 1235 
 44309 1375 1179 
 44310 1362 1226 
 44311 1336 1204 
 44312 1308 1237 
 44313 1271 1251 
 44314 1253 1208 
 44315 1292 1215 
 44316 1319 1225 
 44317 1392 1198 
 44318 1454 1216 
 44319 1509 1223 
 44320 1528 1217 
 44321 1591 1212 
 44322 1589 1232 
 44323 1576 1205 
 44324 1550 1246 
 44325 1514 1240 
 44326 1472 1212 
 44327 1440 1254 
 44328 1440 1224 
 44329 1410 1230 
 44330 1405 1270 
 44331 1370 1249 
 44332 1403 1256 
 44333 1412 1257 
 44334 1391 1255 
 44335 1404 1255 
 44336 1414 1283 
 44337 1388 1245 
 44338 1388 1267 
 44339 1380 1284 
 44340 1359 1260 
 44341 1370 1266 
 44342 1351 1271 
 44343 1365 1295 
 44344 1362 1247 
 44345 1384 1290 
 44346 1373 1270 
 44347 1375 1269 
 44348 1376 1266 
 44349 1387 1290 
 44350 1386 1300 
 44351 1392 1288 
 44352 1398 1309 
 44353 1391 1300 
 44354 1378 1311 
 44355 1395 1321 
 44356 1387 1290 
 44357 1388 1302 
 44358 1366 1305 
 44359 1313 1290 
 44360 1289 1319 
 44361 1284 1298 
 44362 1322 1304 
 44363 1361 1307 
 44364 1392 1344 
 44365 1432 1304 
 44366 1490 1348 
 44367 1507 1343 
 44368 1496 1324 
 44369 1497 1306 
 44370 1517 1312 
 44371 1524 1345 
 44372 1493 1333 
 44373 1458 1304 
 44374 1422 1334 
 44375 1406 1319 
 44376 1398 1336 
 44377 1411 1335 
 44378 1396 1319 
 44379 1389 1346 
 44380 1392 1342 
 44381 1384 1335 
 44382 1359 1363 
 44383 1377 1355 
 44384 1367 1387 
 44385 1365 1364 
 44386 1550 1248 
 44387 2557 1199 
 44388 3299 1135 
 44389 3299 1083 
 44390 3299 1022 
 44391 3299  988 
 44392 3299  945 
 44393 3299  909 
 44394 3299  880 
 44395 3094  856 
 44396 2112  815 
 44397 1277  766 
 44398  584  736 
 44399  139  717 
 44400    8  724 
 44401    4  666 
 44402    7  645 
 44403    2  616 
 44404    5  612 
 44405    7  581 
 44406    8  569 
 44407    3  574 
 44408    3  564 
 44409   10  555 
 44410    6  534 
 44411    3  520 
 44412    6  489 
 44413    4  512 
 44414  138  480 
 44415  336  474 
 44416  495  477 
 44417  662  416 
 44418  798  419 
 44419  899  433 
 44420  986  427 
 44421 1089  400 
 44422 1164  418 
 44423 1224  395 
 44424 1290  390 
 44425 1340  356 
 44426 1392  362 
 44427 1409  366 
 44428 1436  360 
 44429 1442  355 
 44430 1487  342 
 44431 1480  317 
 44432 1463  329 
 44433 1490  321 
 44434 1485  310 
 44435 1489  321 
 44436 1482  310 
 44437 1478  321 
 44438 1451  294 
 44439 1493  290 
 44440 1470  293 
 44441 1461  286 
 44442 1450  271 
 44443 1452  288 
 44444 1413  235 
 44445 1430  275 
 44446 1458  265 
 44447 1422  260 
 44448 1431  264 
 44449 1404  270 
 44450 1408  256 
 44451 1432  239 
 44452 1425  249 
 44453 1413  220 
 44454 1409  250 
 44455 1405  242 
 44456 1390  242 
 44457 1400  227 
 44458 1411  240 
 44459 1398  228 
 44460 1419  220 
 44461 1408  214 
 44462 1409  208 
 44463 1409  198 
 44464 1403  204 
 44465 1429  203 
 44466 1420  187 
 44467 1394  183 
 44468 1427  219 
 44469 1393  192 
 44470 1428  190 
 44471 1420  185 
 44472 1408  193 
 44473 1413  193 
 44474 1414  196 
 44475 1402  208 
 44476 1375  172 
 44477 1439  166 
 44478 1402  188 
 44479 1410  187 
 44480 1412  156 
 44481 1429  188 
 44482 1412  177 
 44483 1439  181 
 44484 1401  170 
 44485 1409  187 
 44486 1422  183 
 44487 1414  170 
 44488 1431  159 
 44489 1414  148 
 44490 1412  161 
 44491 1400  152 
 44492 1398  183 
 44493 1421  164 
 44494 1409  160 
 44495 1419  133 
 44496 1414  167 
 44497 1424  164 
 44498 1417  155 
 44499 1429  160 
 44500 1403  163 
 44501 1413  155 
 44502 1431  158 
 44503 1400  144 
 44504 1424  159 
 44505 1418  157 
 44506 1434  148 
 44507 1424  148 
 44508 1408  143 
 44509 1419  126 
 44510 1422  141 
 44511 1392  136 
 44512 1412  155 
 44513 1418  135 
 44514 1419  143 
 44515 1415  124 
 44516 1408  142 
 44517 1419  128 
 44518 1388  127 
 44519 1373  156 
 44520 1216  106 
 44521 1050  141 
 44522  810  147 
 44523  569  145 
 44524  392  108 
 44525  239  138 
 44526  147  130 
 44527   90  120 
 44528  114  131 
 44529  178  113 
 44530  287  126 
 44531  422  130 
 44532  579  111 
 44533  736  110 
 44534  933  123 
 44535 1096  128 
 44536 1249  122 
 44537 1400  124 
 44538 1549  129 
 44539 1634   99 
 44540 1729  115 
 44541 1790  122 
 44542 1861  124 
 44543 1905  116 
 44544 1943  120 
 44545 1963  126 
 44546 1940  113 
 44547 1966  113 
 44548 1984  100 
 44549 1993  123 
 44550 1952  109 
 44551 1926  110 
 44552 1936  115 
 44553 1872  110 
 44554 1889  118 
 44555 1851  101 
 44556 1847  112 
 44557 1791  107 
 44558 1776  103 
 44559 1758   94 
 44560 1725  115 
 44561 1704  127 
 44562 1703  119 
 44563 1658  121 
 44564 1666  128 
 44565 1617  112 
 44566 1644  122 
 44567 1603  116 
 44568 1579  103 
 44569 1540  123 
 44570 1566  105 
 44571 1528   89 
 44572 1549  112 
 44573 1526  110 
 44574 1514  108 
 44575 1508  123 
 44576 1496   87 
 44577 1462  100 
 44578 1476  121 
 44579 1443  103 
 44580 1460   95 
 44581 1441  131 
 44582 1449   99 
 44583 1415   77 
 44584 1419   77 
 44585 1432  108 
 44586 1425  106 
 44587 1440   86 
 44588 1408  105 
 44589 1417  126 
 44590 1432   98 
 44591 1436  106 
 44592 1434   76 
 44593 1444  106 
 44594 1429  103 
 44595 1449   89 
 44596 1434  101 
 44597 1443   97 
 44598 1407  113 
 44599 1403  107 
 44600 1402   96 
 44601 1410  113 
 44602 1391   94 
 44603 1398  115 
 44604 1408  105 
 44605 1420  103 
 44606 1413   91 
 44607 1421   97 
 44608 1407   94 
 44609 1434  117 
 44610 1425  101 
 44611 1447   98 
 44612 1425   95 
 44613 1451   98 
 44614 1424  118 
 44615 1439   76 
 44616 1458  119 
 44617 1466  104 
 44618 1460  105 
 44619 1466  111 
 44620 1450  108 
 44621 1419  120 
 44622 1426  105 
 44623 1418  116 
 44624 1419   93 
 44625 1396  102 
 44626 1392   95 
 44627 1424  111 
 44628 1381   85 
 44629 1413  103 
 44630 1409  117 
 44631 1425   86 
 44632 1484  100 
 44633 1514   86 
 44634 1490   73 
 44635 1488   97 
 44636 1452  112 
 44637 1423  117 
 44638 1404   97 
 44639 1432  101 
 44640 1430  103 
 44641 1468   81 
 44642 1455   96 
 44643 1467   96 
 44644 1477   93 
 44645 1462   99 
 44646 1454  127 
 44647 1415  110 
 44648 1385  106 
 44649 1327   95 
 44650 1276  109 
 44651 1236   89 
 44652 1279  112 
 44653 1277  106 
 44654 1307  105 
 44655 1307  107 
 44656 1276  121 
 44657 1265  114 
 44658 1257   97 
 44659 1265   93 
 44660 1339  106 
 44661 1387  106 
 44662 1465   92 
 44663 1547   96 
 44664 1619  110 
 44665 1646   98 
 44666 1620  110 
 44667 1614   97 
 4