=~=~=~=~=~=~=~=~=~=~=~= PuTTY log 2024.04.25 10:36:43 =~=~=~=~=~=~=~=~=~=~=~=
 56298 1404  120 
 56299 1400   90 
 56300 1398   96 
 56301 1424  114 
 56302 1438  115 
 56303 1415  101 
 56304 1400   93 
 56305 1420   96 
 56306 1401   93 
 56307 1438  108 
 56308 1397  104 
 56309 1429   92 
 56310 1421  117 
 56311 1396   98 
 56312 1421  121 
 56313 1412  111 
 56314 1400   88 
 56315 1415  102 
 56316 1425  107 
 56317 1427   99 
 56318 1436  121 
 56319 1408  120 
 56320 1411  102 
 56321 1442  122 
 56322 1403   99 
 56323 1410  110 
 56324 1410  110 
 56325 1423  105 
 56326 1433  100 
 56327 1432  101 
 56328 1421  117 
 56329 1438  105 
 56330 1418  109 
 56331 1409  105 
 56332 1395  101 
 56333 1426   98 
 56334 1401   94 
 56335 1420  100 
 56336 1433  115 
 56337 1428   82 
 56338 1417  113 
 56339 1432  114 
 56340 1418  104 
 56341 1422  106 
 56342 1412  101 
 56343 1418  124 
 56344 1418   88 
 56345 1396   95 
 56346 1410   82 
 56347 1416   92 
 56348 1393   95 
 56349 1429  109 
 56350 1394   88 
 56351 1433   94 
 56352 1403  122 
 56353 1414  121 
 56354 1438  120 
 56355 1379   88 
 56356 1437  103 
 56357 1414  106 
 56358 1402  103 
 56359 1410   87 
 56360 1411  100 
 56361 1427  100 
 56362 1419  105 
 56363 1435  107 
 56364 1417  106 
 56365 1427   91 
 56366 1431   99 
 56367 1412  101 
 56368 1402   95 
 56369 1416   91 
 56370 1427   98 
 56371 1402  102 
 56372 1425  106 
 56373 1411  112 
 56374 1424  114 
 56375 1429  104 
 56376 1401  101 
 56377 1412  102 
 56378 1405  100 
 56379 1433  100 
 56380 1430  118 
 56381 1420  104 
 56382 1422  119 
 56383 1403   83 
 56384 1414  108 
 56385 1421  104 
 56386 1414   94 
 56387 1420  103 
 56388 1406  108 
 56389 1430   88 
 56390 1394   99 
 56391 1425  110 
 56392 1420  113 
 56393 1393  100 
 56394 1402  104 
 56395 1403   85 
 56396 1411   93 
 56397 1416  115 
 56398 1442  100 
 56399 1416  123 
 56400 1429   86 
 56401 1423  102 
 56402 1423  104 
 56403 1406  115 
 56404 1412  100 
 56405 1427   81 
 56406 1393  103 
 56407 1408  116 
 56408 1439  109 
 56409 1411  112 
 56410 1429  108 
 56411 1415   99 
 56412 1414  113 
 56413 1401  103 
 56414 1422  102 
 56415 1433  108 
 56416 1413  111 
 56417 1425   95 
 56418 1424  105 
 56419 1432  101 
 56420 1417   96 
 56421 1418  113 
 56422 1396   87 
 56423 1397   92 
 56424 1402   79 
 56425 1404  105 
 56426 1434  106 
 56427 1409  109 
 56428 1426  100 
 56429 1409   91 
 56430 1407   85 
 56431 1408   82 
 56432 1413   94 
 56433 1385   83 
 56434 1425  117 
 56435 1425  111 
 56436 1442  107 
 56437 1418  110 
 56438 1422  120 
 56439 1443  109 
 56440 1405  106 
 56441 1384  100 
 56442 1432  105 
 56443 1443   98 
 56444 1391  111 
 56445 1424  114 
 56446 1420  117 
 56447 1430  118 
 56448 1401   98 
 56449 1404  105 
 56450 1419   79 
 56451 1442  108 
 56452 1422   86 
 56453 1408   91 
 56454 1419  109 
 56455 1409  115 
 56456 1402   92 
 56457 1428  100 
 56458 1421   93 
 56459 1423  113 
 56460 1412  121 
 56461 1412  105 
 56462 1393   89 
 56463 1407   94 
 56464 1404  114 
 56465 1432  117 
 56466 1400  100 
 56467 1418  116 
 56468 1409   95 
 56469 1431  105 
 56470 1417  121 
 56471 1393   95 
 56472 1404  108 
 56473 1401  107 
 56474 1418  108 
 56475 1426   87 
 56476 1398   94 
 56477 1408   78 
 56478 1422   97 
 56479 1411   93 
 56480 1417   99 
 56481 1419   88 
 56482 1408   98 
 56483 1427  115 
 56484 1438  119 
 56485 1407  110 
 56486 1447  115 
 56487 1398  102 
 56488 1431   96 
 56489 1418  109 
 56490 1388  103 
 56491 1440  113 
 56492 1444  108 
 56493 1436   97 
 56494 1440  113 
 56495 1413  112 
 56496 1403  112 
 56497 1396   80 
 56498 1421   86 
 56499 1434   95 
 56500 1413   99 
 56501 1446   94 
 56502 1436   99 
 56503 1436  103 
 56504 1426  112 
 56505 1427  101 
 56506 1401   89 
 56507 1408   96 
 56508 1416  113 
 56509 1406   91 
 56510 1407  104 
 56511 1412   91 
 56512 1425  104 
 56513 1407  104 
 56514 1413   99 
 56515 1422   89 
 56516 1411  103 
 56517 1433  113 
 56518 1419  106 
 56519 1429  109 
 56520 1431  102 
 56521 1411  103 
 56522 1431  102 
 56523 1391  106 
 56524 1411  112 
 56525 1418  123 
 56526 1414   95 
 56527 1412   79 
 56528 1429  116 
 56529 1399  104 
 56530 1391   90 
 56531 1423   91 
 56532 1430  112 
 56533 1431  103 
 56534 1415   97 
 56535 1424  119 
 56536 1378  104 
 56537 1404   97 
 56538 1422  129 
 56539 1401  108 
 56540 1404   90 
 56541 1402   92 
 56542 1404  104 
 56543 1408  107 
 56544 1428  106 
 56545 1406  100 
 56546 1411  101 
 56547 1433   84 
 56548 1377  107 
 56549 1269  127 
 56550 1117  111 
 56551 1004  141 
 56552  868  132 
 56553  747  124 
 56554  740  135 
 56555  739  123 
 56556  803  145 
 56557  916  142 
 56558 1041  117 
 56559 1214  144 
 56560 1347  135 
 56561 1500  145 
 56562 1619  144 
 56563 1701  144 
 56564 1752  143 
 56565 1771  142 
 56566 1837  136 
 56567 1794  155 
 56568 1821  171 
 56569 1806  152 
 56570 1730  150 
 56571 1703  168 
 56572 1675  143 
 56573 1657  152 
 56574 1611  164 
 56575 1566  153 
 56576 1561  176 
 56577 1539  174 
 56578 1517  188 
 56579 1452  179 
 56580 1443  159 
 56581 1445  184 
 56582 1419  169 
 56583 1421  161 
 56584 1442  183 
 56585 1433  195 
 56586 1441  164 
 56587 1464  206 
 56588 1439  181 
 56589 1441  200 
 56590 1455  189 
 56591 1443  180 
 56592 1468  192 
 56593 1468  195 
 56594 1470  173 
 56595 1466  204 
 56596 1486  202 
 56597 1486  187 
 56598 1489  199 
 56599 1449  192 
 56600 1459  198 
 56601 1472  212 
 56602 1476  209 
 56603 1429  201 
 56604 1404  198 
 56605 1404  225 
 56606 1379  216 
 56607 1367  212 
 56608 1342  214 
 56609 1332  232 
 56610 1350  208 
 56611 1363  203 
 56612 1375  208 
 56613 1398  236 
 56614 1440  225 
 56615 1434  191 
 56616 1448  215 
 56617 1467  216 
 56618 1478  222 
 56619 1460  218 
 56620 1449  233 
 56621 1444  228 
 56622 1460  249 
 56623 1419  217 
 56624 1419  236 
 56625 1421  219 
 56626 1428  206 
 56627 1407  221 
 56628 1393  237 
 56629 1357  240 
 56630 1348  231 
 56631 1316  242 
 56632 1292  232 
 56633 1282  250 
 56634 1228  229 
 56635 1219  238 
 56636 1225  258 
 56637 1194  238 
 56638 1203  234 
 56639 1188  240 
 56640 1213  237 
 56641 1214  262 
 56642 1231  257 
 56643 1280  240 
 56644 1292  229 
 56645 1354  252 
 56646 1393  261 
 56647 1434  265 
 56648 1454  242 
 56649 1506  273 
 56650 1511  259 
 56651 1530  270 
 56652 1528  273 
 56653 1535  260 
 56654 1504  238 
 56655 1490  241 
 56656 1474  257 
 56657 1467  259 
 56658 1457  282 
 56659 1449  284 
 56660 1498  274 
 56661 1500  262 
 56662 1489  266 
 56663 1495  263 
 56664 1468  262 
 56665 1501  286 
 56666 1505  264 
 56667 1454  290 
 56668 1458  287 
 56669 1449  256 
 56670 1420  290 
 56671 1412  280 
 56672 1428  289 
 56673 1436  289 
 56674 1406  284 
 56675 1402  271 
 56676 1394  294 
 56677 1364  262 
 56678 1383  272 
 56679 1328  267 
 56680 1350  289 
 56681 1360  268 
 56682 1340  284 
 56683 1365  287 
 56684 1396  268 
 56685 1400  280 
 56686 1419  284 
 56687 1415  259 
 56688 1419  288 
 56689 1424  294 
 56690 1460  278 
 56691 1470  297 
 56692 1426  288 
 56693 1424  271 
 56694 1396  271 
 56695 1414  283 
 56696 1375  297 
 56697 1372  273 
 56698 1379  292 
 56699 1377  301 
 56700 1397  298 
 56701 1370  273 
 56702 1339  283 
 56703 1322  297 
 56704 1343  303 
 56705 1322  287 
 56706 1307  289 
 56707 1338  278 
 56708 1368  311 
 56709 1420  303 
 56710 1407  281 
 56711 1421  295 
 56712 1483  290 
 56713 1448  284 
 56714 1476  305 
 56715 1445  304 
 56716 1422  292 
 56717 1407  303 
 56718 1436  293 
 56719 1400  305 
 56720 1362  307 
 56721 1381  305 
 56722 1346  302 
 56723 1354  306 
 56724 1352  287 
 56725 1383  302 
 56726 1385  311 
 56727 1367  302 
 56728 1379  301 
 56729 1366  305 
 56730 1355  307 
 56731 1379  306 
 56732 1348  293 
 56733 1357  298 
 56734 1389  309 
 56735 1409  311 
 56736 1405  292 
 56737 1429  300 
 56738 1435  307 
 56739 1422  302 
 56740 1436  318 
 56741 1442  322 
 56742 1405  316 
 56743 1434  293 
 56744 1382  318 
 56745 1388  305 
 56746 1398  331 
 56747 1358  306 
 56748 1369  306 
 56749 1377  324 
 56750 1407  328 
 56751 1409  322 
 56752 1423  289 
 56753 1421  322 
 56754 1391  304 
 56755 1404  293 
 56756 1361  321 
 56757 1326  299 
 56758 1356  299 
 56759 1340  323 
 56760 1372  321 
 56761 1404  313 
 56762 1392  305 
 56763 1420  326 
 56764 1399  326 
 56765 1411  332 
 56766 1457  327 
 56767 1430  348 
 56768 1453  308 
 56769 1425  331 
 56770 1400  321 
 56771 1425  321 
 56772 1378  305 
 56773 1428  322 
 56774 1406  324 
 56775 1408  317 
 56776 1403  329 
 56777 1403  306 
 56778 1429  332 
 56779 1425  338 
 56780 1406  328 
 56781 1415  329 
 56782 1390  315 
 56783 1388  314 
 56784 1372  327 
 56785 1386  330 
 56786 1392  346 
 56787 1394  332 
 56788 1408  319 
 56789 1417  332 
 56790 1413  337 
 56791 1445  344 
 56792 1428  313 
 56793 1439  327 
 56794 1454  335 
 56795 1440  319 
 56796 1419  341 
 56797 1406  345 
 56798 1407  334 
 56799 1401  352 
 56800 1389  320 
 56801 1410  331 
 56802 1409  363 
 56803 1432  333 
 56804 1414  355 
 56805 1411  359 
 56806 1422  333 
 56807 1395  346 
 56808 1352  341 
 56809 1351  321 
 56810 1341  329 
 56811 1388  342 
 56812 1357  356 
 56813 1402  347 
 56814 1416  344 
 56815 1418  347 
 56816 1453  351 
 56817 1442  358 
 56818 1440  345 
 56819 1456  351 
 56820 1458  346 
 56821 1444  375 
 56822 1422  346 
 56823 1404  354 
 56824 1405  348 
 56825 1404  351 
 56826 1408  359 
 56827 1414  370 
 56828 1407  350 
 56829 1403  361 
 56830 1423  361 
 56831 1422  354 
 56832 1411  366 
 56833 1382  374 
 56834 1363  368 
 56835 1341  378 
 56836 1344  369 
 56837 1369  362 
 56838 1401  371 
 56839 1429  375 
 56840 1446  364 
 56841 1430  363 
 56842 1428  358 
 56843 1461  389 
 56844 1438  364 
 56845 1432  374 
 56846 1443  355 
 56847 1426  369 
 56848 1394  393 
 56849 1390  375 
 56850 1376  369 
 56851 1390  369 
 56852 1361  375 
 56853 1411  364 
 56854 1405  354 
 56855 1387  386 
 56856 1421  372 
 56857 1405  373 
 56858 1438  385 
 56859 1396  371 
 56860 1406  375 
 56861 1371  366 
 56862 1360  374 
 56863 1354  390 
 56864 1369  383 
 56865 1383  379 
 56866 1385  380 
 56867 1409  386 
 56868 1433  395 
 56869 1440  385 
 56870 1450  409 
 56871 1443  397 
 56872 1421  370 
 56873 1423  376 
 56874 1433  398 
 56875 1412  395 
 56876 1423  400 
 56877 1422  404 
 56878 1462  379 
 56879 1454  414 
 56880 1460  401 
 56881 1431  400 
 56882 1415  414 
 56883 1419  408 
 56884 1377  392 
 56885 1358  384 
 56886 1378  410 
 56887 1301  401 
 56888 1326  389 
 56889 1331  407 
 56890 1336  383 
 56891 1358  409 
 56892 1377  419 
 56893 1402  401 
 56894 1385  413 
 56895 1435  418 
 56896 1422  416 
 56897 1425  415 
 56898 1429  412 
 56899 1426  411 
 56900 1415  426 
 56901 1429  424 
 56902 1397  401 
 56903 1435  389 
 56904 1428  427 
 56905 1436  427 
 56906 1451  413 
 56907 1399  405 
 56908 1401  429 
 56909 1419  419 
 56910 1371  431 
 56911 1364  425 
 56912 1350  414 
 56913 1357  426 
 56914 1348  442 
 56915 1335  431 
 56916 1369  428 
 56917 1388  422 
 56918 1431  427 
 56919 1415  441 
 56920 1462  416 
 56921 1457  431 
 56922 1468  420 
 56923 1443  420 
 56924 1467  413 
 56925 1424  440 
 56926 1449  443 
 56927 1432  438 
 56928 1420  420 
 56929 1425  408 
 56930 1462  428 
 56931 1452  443 
 56932 1472  440 
 56933 1458  437 
 56934 1416  415 
 56935 1401  444 
 56936 1377  448 
 56937 1344  433 
 56938 1328  455 
 56939 1287  454 
 56940 1286  451 
 56941 1321  418 
 56942 1326  448 
 56943 1328  454 
 56944 1364  432 
 56945 1388  448 
 56946 1402  453 
 56947 1416  426 
 56948 1458  461 
 56949 1488  440 
 56950 1452  455 
 56951 1419  441 
 56952 1425  451 
 56953 1427  449 
 56954 1417  443 
 56955 1410  456 
 56956 1410  438 
 56957 1429  453 
 56958 1418  462 
 56959 1404  450 
 56960 1396  476 
 56961 1360  475 
 56962 1323  443 
 56963 1355  473 
 56964 1337  449 
 56965 1347  467 
 56966 1359  476 
 56967 1372  468 
 56968 1406  461 
 56969 1438  466 
 56970 1403  455 
 56971 1436  465 
 56972 1432  475 
 56973 1416  472 
 56974 1431  479 
 56975 1416  483 
 56976 1422  478 
 56977 1401  470 
 56978 1419  484 
 56979 1429  486 
 56980 1440  471 
 56981 1452  493 
 56982 1464  467 
 56983 1452  483 
 56984 1428  499 
 56985 1414  471 
 56986 1389  497 
 56987 1377  474 
 56988 1355  472 
 56989 1361  485 
 56990 1371  493 
 56991 1393  503 
 56992 1422  496 
 56993 1483  497 
 56994 1479  483 
 56995 1462  485 
 56996 1484  491 
 56997 1482  514 
 56998 1492  485 
 56999 1461  483 
 57000 1448  487 
 57001 1441  495 
 57002 1426  479 
 57003 1445  494 
 57004 1434  508 
 57005 1412  483 
 57006 1419  506 
 57007 1446  509 
 57008 1406  490 
 57009 1358  492 
 57010 1361  505 
 57011 1342  499 
 57012 1337  494 
 57013 1323  494 
 57014 1336  492 
 57015 1365  517 
 57016 1398  483 
 57017 1401  507 
 57018 1425  506 
 57019 1430  482 
 57020 1411  511 
 57021 1415  494 
 57022 1410  499 
 57023 1382  498 
 57024 1377  527 
 57025 1368  510 
 57026 1346  495 
 57027 1386  513 
 57028 1372  507 
 57029 1379  494 
 57030 1377  542 
 57031 1363  502 
 57032 1362  516 
 57033 1340  531 
 57034 1326  520 
 57035 1312  525 
 57036 1305  531 
 57037 1327  519 
 57038 1326  516 
 57039 1378  504 
 57040 1417  531 
 57041 1449  516 
 57042 1488  510 
 57043 1445  513 
 57044 1479  510 
 57045 1486  533 
 57046 1443  494 
 57047 1434  522 
 57048 1440  521 
 57049 1392  511 
 57050 1396  520 
 57051 1406  529 
 57052 1378  515 
 57053 1401  536 
 57054 1398  526 
 57055 1360  533 
 57056 1375  549 
 57057 1360  516 
 57058 1352  529 
 57059 1325  541 
 57060 1317  546 
 57061 1367  557 
 57062 1377  554 
 57063 1408  530 
 57064 1405  516 
 57065 1449  564 
 57066 1459  538 
 57067 1464  533 
 57068 1453  540 
 57069 1458  525 
 57070 1449  539 
 57071 1432  548 
 57072 1448  570 
 57073 1395  551 
 57074 1420  541 
 57075 1400  550 
 57076 1390  557 
 57077 1396  565 
 57078 1401  555 
 57079 1422  569 
 57080 1397  563 
 57081 1378  559 
 57082 1346  554 
 57083 1318  560 
 57084 1334  561 
 57085 1363  573 
 57086 1368  550 
 57087 1403  553 
 57088 1410  567 
 57089 1464  579 
 57090 1488  558 
 57091 1483  561 
 57092 1476  558 
 57093 1503  576 
 57094 1464  581 
 57095 1434  586 
 57096 1418  583 
 57097 1402  592 
 57098 1390  576 
 57099 1412  568 
 57100 1393  571 
 57101 1383  572 
 57102 1386  564 
 57103 1378  552 
 57104 1377  588 
 57105 1326  585 
 57106 1317  584 
 57107 1298  574 
 57108 1257  605 
 57109 1296  590 
 57110 1324  605 
 57111 1339  581 
 57112 1397  593 
 57113 1434  594 
 57114 1433  594 
 57115 1488  586 
 57116 1478  597 
 57117 1482  592 
 57118 1478  571 
 57119 1468  611 
 57120 1460  588 
 57121 1423  613 
 57122 1420  590 
 57123 1428  594 
 57124 1417  571 
 57125 1421  595 
 57126 1410  607 
 57127 1408  590 
 57128 1411  616 
 57129 1370  614 
 57130 1363  624 
 57131 1353  605 
 57132 1312  594 
 57133 1314  620 
 57134 1319  602 
 57135 1363  592 
 57136 1391  625 
 57137 1434  616 
 57138 1452  596 
 57139 1498  605 
 57140 1505  629 
 57141 1550  630 
 57142 1495  613 
 57143 1495  650 
 57144 1474  632 
 57145 1444  650 
 57146 1436  619 
 57147 1420  624 
 57148 1402  639 
 57149 1344  652 
 57150 1313  634 
 57151 1327  624 
 57152 1308  635 
 57153 1284  629 
 57154 1292  646 
 57155 1275  627 
 57156 1275  612 
 57157 1275  655 
 57158 1329  656 
 57159 1364  657 
 57160 1402  657 
 57161 1393  670 
 57162 1345  659 
 57163 1323  654 
 57164 1300  663 
 57165 1345  658 
 57166 1390  667 
 57167 1460  645 
 57168 1550  661 
 57169 1648  656 
 57170 1712  655 
 57171 1760  647 
 57172 1809  673 
 57173 1851  646 
 57174 1837  645 
 57175 1790  667 
 57176 1753  660 
 57177 1683  667 
 57178 1611  635 
 57179 1493  646 
 57180 1406  641 
 57181 1296  654 
 57182 1273  678 
 57183 1220  660 
 57184 1204  686 
 57185 1228  665 
 57186 1187  643 
 57187 1228  658 
 57188 1204  659 
 57189 1219  658 
 57190 1207  647 
 57191 1200  672 
 57192 1238  672 
 57193 1235  665 
 57194 1228  656 
 57195 1253  663 
 57196 1293  669 
 57197 1324  687 
 57198 1331  655 
 57199 1333  680 
 57200 1367  685 
 57201 1372  674 
 57202 1314  671 
 57203 1309  670 
 57204 1288  669 
 57205 1286  689 
 57206 1319  668 
 57207 1356  684 
 57208 1374  671 
 57209 1430  697 
 57210 1475  699 
 57211 1473  690 
 57212 1495  686 
 57213 1486  682 
 57214 1491  691 
 57215 1510  702 
 57216 1465  679 
 57217 1470  695 
 57218 1438  671 
 57219 1419  689 
 57220 1434  688 
 57221 1419  700 
 57222 1442  680 
 57223 1388  685 
 57224 1395  713 
 57225 1375  688 
 57226 1335  707 
 57227 1313  706 
 57228 1281  722 
 57229 1284  698 
 57230 1317  711 
 57231 1339  700 
 57232 1390  709 
 57233 1419  709 
 57234 1470  701 
 57235 1504  698 
 57236 1526  682 
 57237 1520  721 
 57238 1518  702 
 57239 1511  693 
 57240 1473  724 
 57241 1464  716 
 57242 1445  725 
 57243 1418  706 
 57244 1407  731 
 57245 1427  710 
 57246 1411  724 
 57247 1423  728 
 57248 1433  732 
 57249 1373  734 
 57250 1318  717 
 57251 1293  720 
 57252 1264  715 
 57253 1264  724 
 57254 1261  749 
 57255 1297  740 
 57256 1321  746 
 57257 1391  726 
 57258 1416  739 
 57259 1516  727 
 57260 1535  717 
 57261 1542  763 
 57262 1550  712 
 57263 1533  742 
 57264 1522  735 
 57265 1490  746 
 57266 1499  729 
 57267 1459  745 
 57268 1410  736 
 57269 1425  734 
 57270 1437  756 
 57271 1421  776 
 57272 1391  754 
 57273 1384  766 
 57274 1350  756 
 57275 1306  738 
 57276 1257  777 
 57277 1223  773 
 57278 1246  771 
 57279 1235  761 
 57280 1296  779 
 57281 1328  772 
 57282 1374  776 
 57283 1441  759 
 57284 1501  781 
 57285 1517  771 
 57286 1552  787 
 57287 1533  754 
 57288 1521  752 
 57289 1500  777 
 57290 1490  762 
 57291 1442  787 
 57292 1414  789 
 57293 1386  765 
 57294 1375  787 
 57295 1387  768 
 57296 1376  784 
 57297 1389  777 
 57298 1373  787 
 57299 1376  793 
 57300 1352  780 
 57301 1314  772 
 57302 1251  785 
 57303 1226  800 
 57304 1231  788 
 57305 1240  781 
 57306 1237  802 
 57307 1320  799 
 57308 1366  786 
 57309 1414  800 
 57310 1457  797 
 57311 1500  806 
 57312 1530  794 
 57313 1543  814 
 57314 1540  823 
 57315 1496  797 
 57316 1524  818 
 57317 1506  821 
 57318 1509  819 
 57319 1510  825 
 57320 1477  815 
 57321 1452  811 
 57322 1447  795 
 57323 1402  837 
 57324 1420  833 
 57325 1380  816 
 57326 1330  827 
 57327 1261  830 
 57328 1232  814 
 57329 1168  837 
 57330 1156  829 
 57331 1189  847 
 57332 1227  827 
 57333 1289  833 
 57334 1386  851 
 57335 1441  830 
 57336 1522  814 
 57337 1541  827 
 57338 1580  823 
 57339 1567  857 
 57340 1583  832 
 57341 1488  838 
 57342 1473  833 
 57343 1446  831 
 57344 1410  826 
 57345 1422  829 
 57346 1427  855 
 57347 1462  862 
 57348 1445  852 
 57349 1494  844 
 57350 1498  860 
 57351 1489  855 
 57352 1464  861 
 57353 1453  832 
 57354 1355  834 
 57355 1320  865 
 57356 1308  882 
 57357 1300  857 
 57358 1346  833 
 57359 1383  838 
 57360 1438  852 
 57361 1512  877 
 57362 1558  864 
 57363 1602  884 
 57364 1590  853 
 57365 1561  856 
 57366 1564  888 
 57367 1547  844 
 57368 1505  866 
 57369 1456  861 
 57370 1451  857 
 57371 1449  871 
 57372 1446  881 
 57373 1419  862 
 57374 1429  886 
 57375 1423  858 
 57376 1406  879 
 57377 1347  883 
 57378 1296  910 
 57379 1240  892 
 57380 1169  875 
 57381 1133  875 
 57382 1144  866 
 57383 1154  901 
 57384 1217  883 
 57385 1288  865 
 57386 1339  892 
 57387 1417  871 
 57388 1462  889 
 57389 1506  903 
 57390 1515  904 
 57391 1504  917 
 57392 1476  883 
 57393 1439  893 
 57394 1390  902 
 57395 1385  880 
 57396 1370  894 
 57397 1365  897 
 57398 1377  901 
 57399 1376  905 
 57400 1378  904 
 57401 1389  900 
 57402 1337  920 
 57403 1296  905 
 57404 1229  893 
 57405 1164  898 
 57406 1105  899 
 57407 1123  909 
 57408 1150  908 
 57409 1247  894 
 57410 1288  906 
 57411 1407  911 
 57412 1472  922 
 57413 1579  904 
 57414 1654  906 
 57415 1633  937 
 57416 1628  933 
 57417 1607  918 
 57418 1584  926 
 57419 1528  932 
 57420 1498  912 
 57421 1478  913 
 57422 1455  933 
 57423 1431  926 
 57424 1468  925 
 57425 1459  922 
 57426 1422  923 
 57427 1419  935 
 57428 1410  939 
 57429 1306  941 
 57430 1215  958 
 57431 1174  938 
 57432 1139  953 
 57433 1136  923 
 57434 1167  960 
 57435 1247  946 
 57436 1289  934 
 57437 1377  966 
 57438 1500  953 
 57439 1550  950 
 57440 1569  915 
 57441 1632  953 
 57442 1629  958 
 57443 1599  929 
 57444 1533  937 
 57445 1520  964 
 57446 1492  965 
 57447 1463  962 
 57448 1442  955 
 57449 1451  956 
 57450 1477  963 
 57451 1516  949 
 57452 1510  948 
 57453 1460  936 
 57454 1406  954 
 57455 1291  970 
 57456 1155  954 
 57457 1025  968 
 57458  939  953 
 57459  943  993 
 57460  984  965 
 57461 1107  968 
 57462 1236  979 
 57463 1353  985 
 57464 1484  984 
 57465 1638  987 
 57466 1703  973 
 57467 1739  990 
 57468 1755  990 
 57469 1725 1004 
 57470 1676  999 
 57471 1621  991 
 57472 1547 1022 
 57473 1536  988 
 57474 1489  995 
 57475 1482  968 
 57476 1486  987 
 57477 1454  964 
 57478 1461 1001 
 57479 1503  999 
 57480 1479 1002 
 57481 1415 1018 
 57482 1233 1030 
 57483 1043 1010 
 57484  911 1035 
 57485  823  978 
 57486  844 1000 
 57487  872  986 
 57488 1025 1003 
 57489 1151 1024 
 57490 1350 1005 
 57491 1528 1001 
 57492 1677 1026 
 57493 1798 1025 
 57494 1853 1021 
 57495 1839 1032 
 57496 1801 1033 
 57497 1738 1003 
 57498 1658 1037 
 57499 1590 1018 
 57500 1534  996 
 57501 1530 1000 
 57502 1513 1028 
 57503 1524 1003 
 57504 1546 1042 
 57505 1550 1014 
 57506 1558 1014 
 57507 1488 1016 
 57508 1382 1044 
 57509 1146 1014 
 57510  896 1014 
 57511  709 1047 
 57512  631 1065 
 57513  619 1059 
 57514  734 1050 
 57515  900 1074 
 57516 1080 1044 
 57517 1337 1035 
 57518 1584 1039 
 57519 1802 1054 
 57520 1912 1051 
 57521 2010 1044 
 57522 1989 1043 
 57523 1932 1057 
 57524 1855 1056 
 57525 1768 1068 
 57526 1676 1052 
 57527 1612 1055 
 57528 1573 1044 
 57529 1551 1045 
 57530 1575 1064 
 57531 1562 1058 
 57532 1583 1071 
 57533 1523 1059 
 57534 1422 1067 
 57535 1186 1082 
 57536  892 1069 
 57537  633 1075 
 57538  433 1069 
 57539  364 1068 
 57540  429 1106 
 57541  588 1071 
 57542  802 1086 
 57543 1155 1084 
 57544 1484 1092 
 57545 1781 1069 
 57546 2031 1065 
 57547 2184 1060 
 57548 2256 1081 
 57549 2261 1075 
 57550 2186 1082 
 57551 2081 1088 
 57552 1960 1070 
 57553 1878 1094 
 57554 1720 1067 
 57555 1672 1093 
 57556 1579 1090 
 57557 1500 1102 
 57558 1351 1092 
 57559 1228 1117 
 57560 1010 1101 
 57561  762 1106 
 57562  489 1128 
 57563  307 1111 
 57564  226 1133 
 57565  283 1140 
 57566  468 1109 
 57567  753 1116 
 57568 1093 1095 
 57569 1510 1138 
 57570 1875 1113 
 57571 2206 1108 
 57572 2406 1137 
 57573 2494 1106 
 57574 2564 1134 
 57575 2462 1115 
 57576 2331 1131 
 57577 2202 1096 
 57578 1964 1117 
 57579 1827 1102 
 57580 1651 1123 
 57581 1491 1131 
 57582 1371 1118 
 57583 1225 1129 
 57584 1101 1123 
 57585  871 1131 
 57586  623 1148 
 57587  393 1140 
 57588  250 1128 
 57589  181 1172 
 57590  274 1150 
 57591  475 1130 
 57592  764 1142 
 57593 1143 1133 
 57594 1507 1152 
 57595 1911 1137 
 57596 2214 1121 
 57597 2409 1155 
 57598 2522 1123 
 57599 2521 1137 
 57600 2409 1140 
 57601 2272 1138 
 57602 2075 1139 
 57603 1866 1124 
 57604 1662 1126 
 57605 1486 1157 
 57606 1308 1130 
 57607 1180 1126 
 57608 1041 1155 
 57609  864 1140 
 57610  649 1184 
 57611  428 1157 
 57612  274 1168 
 57613  164 1194 
 57614  180 1179 
 57615  306 1180 
 57616  540 1193 
 57617  898 1152 
 57618 1256 1140 
 57619 1686 1181 
 57620 2064 1186 
 57621 2304 1187 
 57622 2498 1162 
 57623 2586 1156 
 57624 2596 1177 
 57625 2530 1163 
 57626 2351 1165 
 57627 2115 1154 
 57628 1950 1195 
 57629 1721 1192 
 57630 1529 1183 
 57631 1358 1181 
 57632 1205 1185 
 57633 1040 1202 
 57634  840 1200 
 57635  619 1193 
 57636  390 1177 
 57637  204 1199 
 57638  116 1201 
 57639  152 1218 
 57640  309 1222 
 57641  596 1223 
 57642  929 1191 
 57643 1340 1206 
 57644 1797 1206 
 57645 2153 1199 
 57646 2476 1189 
 57647 2601 1188 
 57648 2685 1183 
 57649 2647 1214 
 57650 2546 1216 
 57651 2334 1188 
 57652 2079 1214 
 57653 1856 1188 
 57654 1629 1179 
 57655 1430 1213 
 57656 1249 1206 
 57657 1150 1205 
 57658 1018 1226 
 57659  810 1228 
 57660  595 1238 
 57661  396 1250 
 57662  197 1240 
 57663  138 1255 
 57664  161 1246 
 57665  339 1254 
 57666  604 1247 
 57667  938 1225 
 57668 1347 1249 
 57669 1828 1238 
 57670 2195 1240 
 57671 2503 1229 
 57672 2683 1199 
 57673 2766 1235 
 57674 2674 1247 
 57675 2493 1229 
 57676 2278 1224 
 57677 2030 1254 
 57678 1778 1248 
 57679 1552 1244 
 57680 1381 1250 
 57681 1241 1231 
 57682 1120 1231 
 57683 1017 1244 
 57684  877 1254 
 57685  702 1273 
 57686  516 1245 
 57687  299 1277 
 57688  184 1296 
 57689  147 1263 
 57690  256 1280 
 57691  468 1280 
 57692  766 1282 
 57693 1180 1278 
 57694 1631 1230 
 57695 2067 1244 
 57696 2384 1271 
 57697 2661 1292 
 57698 2760 1282 
 57699 2734 1233 
 57700 2588 1256 
 57701 2371 1278 
 57702 2105 1264 
 57703 1825 1281 
 57704 1652 1272 
 57705 1434 1276 
 57706 1278 1265 
 57707 1153 1279 
 57708 1065 1294 
 57709  952 1283 
 57710  814 1290 
 57711  643 1323 
 57712  459 1305 
 57713  310 1318 
 57714  218 1316 
 57715  232 1335 
 57716  350 1317 
 57717  555 1288 
 57718  894 1325 
 57719 1324 1307 
 57720 1816 1310 
 57721 2233 1306 
 57722 2552 1315 
 57723 2648 1291 
 57724 2721 1325 
 57725 2618 1308 
 57726 2450 1307 
 57727 2176 1308 
 57728 1950 1317 
 57729 1727 1294 
 57730 1553 1307 
 57731 1362 1294 
 57732 1251 1331 
 57733 1156 1322 
 57734 1087 1315 
 57735  941 1324 
 57736  810 1335 
 57737  695 1353 
 57738  543 1360 
 57739  432 1325 
 57740  427 1323 
 57741  448 1336 
 57742  626 1295 
 57743  872 1345 
 57744 1204 1331 
 57745 1616 1346 
 57746 2010 1307 
 57747 2242 1318 
 57748 2405 1311 
 57749 2486 1346 
 57750 2391 1319 
 57751 2225 1366 
 57752 2061 1380 
 57753 1896 1340 
 57754 1696 1336 
 57755 1538 1338 
 57756 1408 1359 
 57757 1306 1364 
 57758 1252 1349 
 57759 1183 1387 
 57760 1125 1366 
 57761 1010 1353 
 57762  870 1401 
 57763  756 1391 
 57764  658 1371 
 57765  613 1375 
 57766  688 1372 
 57767  793 1365 
 57768 1028 1377 
 57769 1301 1357 
 57770 1642 1364 
 57771 1979 1372 
 57772 2152 1377 
 57773 2255 1373 
 57774 2260 1393 
 57775 2193 1367 
 57776 2068 1362 
 57777 1904 1379 
 57778 1780 1370 
 57779 1638 1393 
 57780 1526 1387 
 57781 1398 1388 
 57782 1327 1371 
 57783 1221 1411 
 57784 1179 1380 
 57785 1050 1408 
 57786  954 1413 
 57787  751 1403 
 57788  643 1406 
 57789  581 1413 
 57790  562 1422 
 57791  621 1421 
 57792  719 1434 
 57793  908 1419 
 57794 1181 1427 
 57795 1532 1410 
 57796 1875 1414 
 57797 2138 1393 
 57798 2316 1379 
 57799 2328 1391 
 57800 2274 1376 
 57801 2142 1405 
 57802 1984 1425 
 57803 1813 1437 
 57804 1693 1419 
 57805 1538 1394 
 57806 1396 1386 
 57807 1309 1373 
 57808 1229 1403 
 57809 1149 1418 
 57810 1027 1418 
 57811  883 1431 
 57812  725 1428 
 57813  585 1439 
 57814  518 1431 
 57815  551 1453 
 57816  605 1487 
 57817  718 1445 
 57818  944 1438 
 57819 1219 1438 
 57820 1624 1431 
 57821 1980 1426 
 57822 2217 1444 
 57823 2410 1437 
 57824 2429 1422 
 57825 2371 1441 
 57826 2221 1411 
 57827 2026 1424 
 57828 1840 1415 
 57829 1687 1412 
 57830 1531 1434 
 57831 1393 1432 
 57832 1305 1449 
 57833 1199 1460 
 57834 1135 1456 
 57835 1051 1435 
 57836  899 1444 
 57837  759 1454 
 57838  650 1448 
 57839  580 1492 
 57840  550 1449 
 57841  605 1480 
 57842  732 1473 
 57843  886 1486 
 57844 1142 1458 
 57845 1470 1464 
 57846 1804 1440 
 57847 2104 1453 
 57848 2260 1451 
 57849 2345 1465 
 57850 2290 1483 
 57851 2169 1466 
 57852 2047 1468 
 57853 1870 1474 
 57854 1725 1447 
 57855 1594 1474 
 57856 1467 1461 
 57857 1378 1504 
 57858 1284 1462 
 57859 1222 1479 
 57860 1179 1493 
 57861 1085 1470 
 57862  997 1491 
 57863  860 1484 
 57864  740 1454 
 57865  673 1529 
 57866  657 1528 
 57867  700 1481 
 57868  819 1529 
 57869  958 1531 
 57870 1173 1491 
 57871 1447 1509 
 57872 1776 1502 
 57873 2005 1519 
 57874 2181 1482 
 57875 2219 1524 
 57876 2199 1491 
 57877 2075 1467 
 57878 1981 1517 
 57879 1842 1532 
 57880 1694 1508 
 57881 1581 1504 
 57882 1469 1486 
 57883 1393 1477 
 57884 1343 1493 
 57885 1287 1534 
 57886 1233 1531 
 57887 1204 1544 
 57888 1115 1518 
 57889  987 1518 
 57890  887 1507 
 57891  793 1550 
 57892  739 1544 
 57893  776 1502 
 57894  869 1510 
 57895 1001 1510 
 57896 1193 1517 
 57897 1443 1531 
 57898 1714 1526 
 57899 1908 1551 
 57900 2008 1512 
 57901 2007 1518 
 57902 1963 1547 
 57903 1873 1537 
 57904 1749 1545 
 57905 1642 1524 
 57906 1542 1534 
 57907 1473 1544 
 57908 1410 1540 
 57909 1361 1564 
 57910 1298 1529 
 57911 1226 1532 
 57912 1242 1535 
 57913 1185 1573 
 57914 1198 1548 
 57915 1128 1573 
 57916 1105 1552 
 57917 1013 1596 
 57918  948 1564 
 57919  879 1592 
 57920  917 1583 
 57921 1019 1532 
 57922 1193 1596 
 57923 1368 1557 
 57924 1599 1545 
 57925 1809 1574 
 57926 1968 1582 
 57927 2033 1559 
 57928 1988 1562 
 57929 1919 1553 
 57930 1833 1589 
 57931 1736 1597 
 57932 1653 1546 
 57933 1580 1596 
 57934 1475 1584 
 57935 1428 1570 
 57936 1390 1590 
 57937 1334 1603 
 57938 1335 1577 
 57939 1332 1572 
 57940 1288 1582 
 57941 1258 1575 
 57942 1252 1603 
 57943 1154 1594 
 57944 1104 1602 
 57945 1041 1605 
 57946 1034 1620 
 57947 1088 1611 
 57948 1169 1573 
 57949 1299 1592 
 57950 1448 1604 
 57951 1578 1609 
 57952 1688 1586 
 57953 1729 1608 
 57954 1731 1606 
 57955 1714 1597 
 57956 1647 1599 
 57957 1600 1580 
 57958 1543 1612 
 57959 1496 1594 
 57960 1470 1605 
 57961 1427 1626 
 57962 1393 1636 
 57963 1364 1617 
 57964 1328 1600 
 57965 1304 1610 
 57966 1325 1611 
 57967 1315 1623 
 57968 1296 1616 
 57969 1253 1625 
 57970 1165 1621 
 57971 1114 1613 
 57972 1065 1657 
 57973 1066 1626 
 57974 1127 1625 
 57975 1208 1610 
 57976 1355 1611 
 57977 1455 1634 
 57978 1584 1618 
 57979 1673 1598 
 57980 1719 1636 
 57981 1724 1639 
 57982 1686 1644 
 57983 1634 1660 
 57984 1573 1641 
 57985 1510 1635 
 57986 1454 1634 
 57987 1433 1588 
 57988 1388 1620 
 57989 1369 1634 
 57990 1339 1617 
 57991 1328 1624 
 57992 1297 1677 
 57993 1286 1623 
 57994 1259 1670 
 57995 1222 1642 
 57996 1165 1676 
 57997 1108 1642 
 57998 1080 1661 
 57999 1091 1660 
 58000 1191 1670 
 58001 1227 1632 
 58002 1363 1661 
 58003 1432 1634 
 58004 1576 1647 
 58005 1657 1653 
 58006 1701 1655 
 58007 1707 1628 
 58008 1692 1681 
 58009 1635 1656 
 58010 1575 1629 
 58011 1521 1659 
 58012 1496 1672 
 58013 1434 1667 
 58014 1420 1649 
 58015 1407 1649 
 58016 1369 1673 
 58017 1357 1665 
 58018 1335 1674 
 58019 1344 1707 
 58020 1336 1660 
 58021 1293 1682 
 58022 1216 1684 
 58023 1176 1691 
 58024 1114 1705 
 58025 1123 1694 
 58026 1170 1690 
 58027 1262 1711 
 58028 1360 1691 
 58029 1423 1706 
 58030 1536 1700 
 58031 1609 1696 
 58032 1666 1695 
 58033 1687 1664 
 58034 1639 1699 
 58035 1616 1685 
 58036 1602 1710 
 58037 1522 1690 
 58038 1477 1720 
 58039 1430 1706 
 58040 1425 1737 
 58041 1396 1710 
 58042 1360 1695 
 58043 1360 1715 
 58044 1363 1725 
 58045 1296 1715 
 58046 1318 1713 
 58047 1305 1690 
 58048 1305 1732 
 58049 1212 1730 
 58050 1167 1753 
 58051 1130 1713 
 58052 1156 1731 
 58053 1217 1705 
 58054 1273 1713 
 58055 1367 1690 
 58056 1451 1722 
 58057 1527 1697 
 58058 1573 1738 
 58059 1637 1719 
 58060 1618 1718 
 58061 1612 1740 
 58062 1563 1735 
 58063 1501 1719 
 58064 1477 1764 
 58065 1428 1726 
 58066 1365 1757 
 58067 1322 1760 
 58068 1342 1750 
 58069 1322 1762 
 58070 1310 1723 
 58071 1344 1766 
 58072 1360 1753 
 58073 1375 1772 
 58074 1381 1747 
 58075 1376 1752 
 58076 1333 1770 
 58077 1299 1767 
 58078 1253 1781 
 58079 1279 1756 
 58080 1336 1750 
 58081 1402 1751 
 58082 1457 1762 
 58083 1519 1785 
 58084 1586 1753 
 58085 1596 1731 
 58086 1666 1734 
 58087 1634 1762 
 58088 1565 1746 
 58089 1535 1750 
 58090 1479 1766 
 58091 1432 1795 
 58092 1399 1789 
 58093 1395 1766 
 58094 1338 1774 
 58095 1331 1773 
 58096 1338 1774 
 58097 1373 1783 
 58098 1355 1756 
 58099 1348 1754 
 58100 1357 1761 
 58101 1357 1760 
 58102 1325 1745 
 58103 1285 1775 
 58104 1243 1805 
 58105 1241 1767 
 58106 1236 1796 
 58107 1289 1785 
 58108 1355 1805 
 58109 1381 1806 
 58110 1641 1735 
 58111 2673 1632 
 58112 3299 1591 
 58113 3299 1542 
 58114 3299 1470 
 58115 3299 1445 
 58116 3299 1400 
 58117 3299 1368 
 58118 3299 1349 
 58119 2923 1299 
 58120 2058 1261 
 58121 1238 1211 
 58122  619 1174 
 58123  217 1189 
 58124    3 1151 
 58125    6 1116 
 58126   17 1102 
 58127    6 1074 
 58128    9 1048 
 58129    5 1040 
 58130    4  984 
 58131    4  978 
 58132   13  967 
 58133   10  941 
 58134   13  923 
 58135    9  908 
 58136    1  867 
 58137  105  841 
 58138  283  854 
 58139  469  831 
 58140  600  801 
 58141  749  801 
 58142  842  756 
 58143  941  752 
 58144 1024  729 
 58145 1118  746 
 58146 1185  698 
 58147 1250  692 
 58148 1302  680 
 58149 1365  668 
 58150 1394  667 
 58151 1443  627 
 58152 1424  611 
 58153 1430  606 
 58154 1453  611 
 58155 1481  601 
 58156 1459  607 
 58157 1490  578 
 58158 1487  567 
 58159 1466  545 
 58160 1490  557 
 58161 1459  536 
 58162 1479  530 
 58163 1468  528 
 58164 1485  546 
 58165 1450  527 
 58166 1454  516 
 58167 1456  501 
 58168 1437  479 
 58169 1425  474 
 58170 1440  476 
 58171 1430  478 
 58172 1423  460 
 58173 1436  458 
 58174 1406  432 
 58175 1427  416 
 58176 1404  426 
 58177 1386  430 
 58178 1396  389 
 58179 1420  434 
 58180 1397  402 
 58181 1416  396 
 58182 1436  412 
 58183 1414  407 
 58184 1398  384 
 58185 1421  398 
 58186 1415  386 
 58187 1409  385 
 58188 1417  374 
 58189 1410  384 
 58190 1400  366 
 58191 1405  348 
 58192 1410  371 
 58193 1407  378 
 58194 1406  336 
 58195 1409  322 
 58196 1408  337 
 58197 1420  321 
 58198 1417  344 
 58199 1436  330 
 58200 1407  344 
 58201 1427  302 
 58202 1423  316 
 58203 1412  304 
 58204 1400  308 
 58205 1420  305 
 58206 1427  311 
 58207 1418  309 
 58208 1412  289 
 58209 1421  305 
 58210 1441  312 
 58211 1412  278 
 58212 1430  288 
 58213 1414  277 
 58214 1404  277 
 58215 1406  287 
 58216 1418  298 
 58217 1426  258 
 58218 1421  273 
 58219 1399  262 
 58220 1412  249 
 58221 1402  269 
 58222 1436  272 
 58223 1426  262 
 58224 1405  267 
 58225 1381  246 
 58226 1433  262 
 58227 1424  250 
 58228 1422  245 
 58229 1402  255 
 58230 1408  249 
 58231 1386  239 
 58232 1418  229 
 58233 1431  224 
 58234 1421  261 
 58235 1427  213 
 58236 1403  232 
 58237 1410  240 
 58238 1406  223 
 58239 1421  214 
 58240 1429  225 
 58241 1418  236 
 58242 1414  225 
 58243 1424  231 
 58244 1418  226 
 58245 1414  228 
 58246 1402  217 
 58247 1404  197 
 58248 1438  220 
 58249 1411  223 
 58250 1436  223 
 58251 1414  178 
 58252 1422  243 
 58253 1402  205 
 58254 1423  195 
 58255 1410  208 
 58256 1396  183 
 58257 1404  201 
 58258 1417  210 
 58259 1399  212 
 58260 1406  216 
 58261 1394  185 
 58262 1425  192 
 58263 1418  207 
 58264 1411  191 
 58265 1414  209 
 58266 1436  210 
 58267 1419  200 
 58268 1420  192 
 58269 1420  189 
 58270 1436  203 
 58271 1419  206 
 58272 1440  193 
 58273 1421  154 
 58274 1442  198 
 58275 1423  187 
 58276 1402  196 
 58277 1412  199 
 58278 1401  182 
 58279 1437  185 
 58280 1425  202 
 58281 1400  186 
 58282 1401  181 
 58283 1399  187 
 58284 1425  185 
 58285 1425  184 
 58286 1392  186 
 58287 1442  189 
 58288 1418  195 
 58289 1426  174 
 58290 1426  177 
 58291 1400  170 
 58292 1297  167 
 58293 1152  190 
 58294  946  145 
 58295  738  173 
 58296  535  163 
 58297  386  169 
 58298  260  173 
 58299  174  182 
 58300  182  163 
 58301  208  172 
 58302  304  150 
 58303  427  172 
 58304  571  160 
 58305  689  138 
 58306  876  151 
 58307 1033  167 
 58308 1199  176 
 58309 1331  142 
 58310 1479  155 
 58311 1595  159 
 58312 1677  164 
 58313 1737  158 
 58314 1778  150 
 58315 1863  141 
 58316 1893  156 
 58317 1918  167 
 58318 1939  153 
 58319 1959  144 
 58320 1945  149 
 58321 1951  126 
 58322 1928  153 
 58323 1896  129 
 58324 1891  155 
 58325 1880  139 
 58326 1845  124 
 58327 1843  161 
 58328 1818  129 
 58329 1792  152 
 58330 1751  148 
 58331 1723  152 
 58332 1700  144 
 58333 1709  142 
 58334 1683  141 
 58335 1650  112 
 58336 1652  130 
 58337 1614  134 
 58338 1603  132 
 58339 1558  139 
 58340 1555  135 
 58341 1543  120 
 58342 1528  136 
 58343 1535  141 
 58344 1554  146 
 58345 1554  141 
 58346 1547  140 
 58347 1578  140 
 58348 1548  147 
 58349 1579  122 
 58350 1497  132 
 58351 1530  138 
 58352 1522  140 
 58353 1491  139 
 58354 1478  116 
 58355 1439  123 
 58356 1455  128 
 58357 1435  118 
 58358 1432  144 
 58359 1438  132 
 58360 1438  121 
 58361 1412  134 
 58362 1410  127 
 58363 1395  114 
 58364 1417  140 
 58365 1399  114 
 58366 1424  118 
 58367 1390   94 
 58368 1401  123 
 58369 1411  127 
 58370 1420  128 
 58371 1439  134 
 58372 1410  136 
 58373 1405  120 
 58374 1409   92 
 58375 1404   99 
 58376 1427   96 
 58377 1445  127 
 58378 1419  118 
 58379 1447  127 
 58380 1432  100 
 58381 1436  106 
 58382 1397  116 
 58383 1436  127 
 58384 1425   93 
 58385 1414  122 
 58386 1415  113 
 58387 1397  118 
 58388 1393  129 
 58389 1403  114 
 58390 1392  107 
 58391 1405   94 
 58392 1437  109 
 58393 1427  107 
 58394 1440  105 
 58395 1438  125 
 58396 1429  129 
 58397 1414  116 
 58398 1442  122 
 58399 1433  107 
 58400 1412  111 
 58401 1422  129 
 58402 1424  113 
 58403 1404   95 
 58404 1405  118 
 58405 1427  108 
 58406 1413  103 
 58407 1407  103 
 58408 1430  114 
 58409 1410   96 
 58410 1414  110 
 58411 1407  115 
 58412 1416  119 
 58413 1426  114 
 58414 1434  101 
 58415 1427  107 
 58416 1418  105 
 58417 1442  121 
 58418 1438  111 
 58419 1413  113 
 58420 1399  111 
 58421 1423  110 
 58422 1416  119 
 58423 1442  100 
 58424 1417  113 
 58425 1413  115 
 58426 1439  121 
 58427 1453  105 
 58428 1445   98 
 58429 1460  111 
 58430 1442   99 
 58431 1409   91 
 58432 1403  120 
 58433 1408   90 
 58434 1427  114 
 58435 1426   93 
 58436 1425  110 
 58437 1417  105 
 58438 1409  103 
 58439 1416  107 
 58440 1440  101 
 58441 1419  117 
 58442 1421   98 
 58443 1410   96 
 58444 1413   92 
 58445 1421  125 
 58446 1380  104 
 58447 1427  113 
 58448 1393  111 
 58449 1449  115 
 58450 1451  116 
 58451 1463  110 
 58452 1414   93 
 58453 1445  118 
 58454 1408   99 
 58455 1388   96 
 58456 1414  104 
 58457 1411  104 
 58458 1419  103 
 58459 1385  108 
 58460 1423  122 
 58461 1415  117 
 58462 1419   91 
 58463 1389  104 
 58464 1405  114 
 58465 1397   99 
 58466 1391   98 
 58467 1433  110 
 58468 1420  115 
 58469 1417   92 
 58470 1430  101 
 58471 1443  111 
 58472 1446  114 
 58473 1410  104 
 58474 1359   94 
 58475 1375  114 
 58476 1422  111 
 58477 1396  121 
 58478 1426   93 
 58479 1417  108 
 58480 1440   98 
 58481 1452  119 
 58482 1456  103 
 58483 1410  123 
 58484 1437   99 
 58485 1426  111 
 58486 1399  105 
 58487 1399  114 
 58488 1415  114 
 58489 1389   87 
 58490 1440  101 
 58491 1444   97 
 58492 1439  124 
 58493 1411  113 
 58494 1427  100 
 58495 1415  110 
 58496 1400  105 
 58497 1402  103 
 58498 1388  111 
 58499 1425   98 
 58500 1426  120 
 58501 1427   92 
 58502 1449   91 
 58503 1425  102 
 58504 1392  101 
 58505 1419   95 
 58506 1396  102 
 58507 1386  103 
 58508 1417  118 
 58509 1420  104 
 58510 1437  109 
 58511 1441  100 
 58512 1433  112 
 58513 1429  104 
 58514 1444  105 
 58515 1416  111 
 58516 1455  110 
 58517 1429  102 
 58518 1441   93 
 58519 1427  116 
 58520 1429  101 
 58521 1442  100 
 58522 1437  119 
 58523 1410  111 
 58524 1411   88 
 58525 1423  100 
 58526 1440  102 
 58527 1416  100 
 58528 1442   95 
 58529 1418  132 
 58530 1436  113 
 58531 1434   93 
 58532 1391  115 
 58533 1400  107 
 58534 1400   83 
 58535 1394  111 
 58536 1376  102 
 58537 1407  114 
 58538 1422  102 
 58539 1436  121 
 58540 1396  108 
 58541 1400   99 
 58542 1422  100 
 58543 1424  113 
 58544 1444  109 
 58545 1387   92 
 58546 1419  105 
 58547 1412  106 
 58548 1412  115 
 58549 1400   80 
 58550 1406  105 
 58551 1416   90 
 58552 1413  116 
 58553 1427  124 
 58554 1429  110 
 58555 1436   81 
 58556 1436  115 
 58557 1408   92 
 58558 1424  112 
 58559 1437  101 
 58560 1418  111 
 58561 1415  113 
 58562 1427   96 
 58563 1409   99 
 58564 1411  101 
 58565 1440  109 
 58566 1435  115 
 58567 1442  120 
 58568 1432   77 
 58569 1441  107 
 58570 1405  100 
 58571 1436  122 
 58572 1429   86 
 58573 1404   88 
 58574 1411   90 
 58575 1438   91 
 58576 1412  119 
 58577 1427   85 
 58578 1427  103 
 58579 1423  108 
 58580 1399  115 
 58581 1395  101 
 58582 1399   98 
 58583 1432  123 
 58584 1409  103 
 58585 1408  112 
 58586 1424   93 
 58587 1424  116 
 58588 1419  118 
 58589 1434   93 
 58590 1432  102 
 58591 1451  112 
 58592 1416  106 
 58593 1415  111 
 58594 1412   82 
 58595 1412   94 
 58596 1408   90 
 58597 1421  104 
 58598 1410  103 
 58599 1411  100 
 58600 1417   91 
 58601 1397   96 
 58602 1382  114 
 58603 1423  105 
 58604 1426  101 
 58605 1405   92 
 58606 1414  104 
 58607 1416   95 
 58608 1407  101 
 58609 1418  119 
 58610 1419  107 
 58611 1413   92 
 58612 1435  103 
 58613 1403   84 
 58614 1401   79 
 58615 1419  111 
 58616 1402  104 
 58617 1384   91 
 58618 1396  102 
 58619 1440  110 
 58620 1416  105 
 58621 1391  107 
 58622 1419  123 
 58623 1421  110 
 58624 1417  103 
 58625 1408   83 
 58626 1403   93 
 58627 1434  117 
 58628 1434  117 
 58629 1437  100 
 58630 1417   98 
 58631 1431   86 
 58632 1424   75 
 58633 1416  106 
 58634 1401  105 
 58635 1405  110 
 58636 1417  114 
 58637 1397  112 
 58638 1436   99 
 58639 1386  109 
 58640 1433  105 
 58641 1425  111 
 58642 1423  100 
 58643 1413  107 
 58644 1417  110 
 58645 1405   97 
 58646 1408  131 
 58647 1408  103 
 58648 1417  104 
 58649 1443  102 
 58650 1446   93 
 58651 1413   92 
 58652 1409  102 
 58653 1416  112 
 58654 1409  104 
 58655 1412   94 
 58656 1441  108 
 58657 1415   93 
 58658 1398   94 
 58659 1395  106 
 58660 1430  105 
 58661 1408  110 
 58662 1419   98 
 58663 1416  102 
 58664 1413   95 
 58665 1404  111 
 58666 1422  113 
 58667 1429  116 
 58668 1427  120 
 58669 1407  104 
 58670 1417   98 
 58671 1416  112 
 58672 1439  103 
 58673 1391  109 
 58674 1420  116 
 58675 1443  117 
 58676 1402   95 
 58677 1416  120 
 58678 1397  101 
 58679 1429   84 
 58680 1410   93 
 58681 1410   96 
 58682 1412   86 
 58683 1414  118 
 58684 1414  105 
 58685 1403   77 
 58686 1411  110 
 58687 1415   95 
 58688 1410  109 
 58689 1436  106 
 58690 1399  103 
 58691 1396  103 
 58692 1420  109 
 58693 1418  100 
 58694 1418  121 
 58695 1403   99 
 58696 1420  100 
 58697 1429  104 
 58698 1423   83 
 58699 1406   96 
 58700 1403   93 
 58701 1442  112 
 58702 1446  116 
 58703 1424  102 
 58704 1424  114 
 58705 1438  110 
 58706 1432  107 
 58707 1414  114 
 58708 1425  103 
 58709 1424  103 
 58710 1412  113 
 58711 1415  103 
 58712 1405  119 
 58713 1423  114 
 58714 1417  116 
 58715 1426  100 
 58716 1402  111 
 58717 1422  105 
 58718 1438  107 
 58719 1391   81 
 58720 1410   99 
 58721 1441  101 
 58722 1423  115 
 58723 1411  110 
 58724 1425  104 
 58725 1436  103 
 58726 1418  105 
 58727 1426  110 
 58728 1418  115 
 58729 1411   92 
 58730 1413  120 
 58731 1432  116 
 58732 1409   93 
 58733 1401  101 
 58734 1412  101 
 58735 1441  131 
 58736 1409  104 
 58737 1427  109 
 58738 1426  119 
 58739 1413   98 
 58740 1414  116 
 58741 1422  110 
 58742 1411  105 
 58743 1415  114 
 58744 1429  102 
 58745 1421  106 
 58746 1402  117 
 58747 1379   79 
 58748 1404  115 
 58749 1393   94 
 58750 1408  101 
 58751 1438   95 
 58752 1416   99 
 58753 1432  119 
 58754 1400  117 
 58755 1433  115 
 58756 1421  112 
 58757 1414  118 
 58758 1414  100 
 58759 1420  106 
 58760 1416   99 
 58761 1430   89 
 58762 1415  102 
 58763 1415  114 
 58764 1442  111 
 58765 1408   90 
 58766 1422  107 
 58767 1420   85 
 58768 1429   89 
 58769 1423  115 
 58770 1419   90 
 58771 1410  108 
 58772 1411   94 
 58773 1406   80 
 58774 1394  106 
 58775 1410  110 
 58776 1419  115 
 58777 1425   88 
 58778 1412  110 
 58779 1433  111 
 58780 1429  121 
 58781 1409  101 
 58782 1417  103 
 58783 1439  109 
 58784 1430   96 
 58785 1413  110 
 58786 1402  117 
 58787 1434  112 
 58788 1430  110 
 58789 1432  101 
 58790 1412  104 
 58791 1427  103 
 58792 1416  107 
 58793 1444  104 
 58794 1400  101 
 58795 1413  109 
 58796 1415   94 
 58797 1434  109 
 58798 1443   97 
 58799 1411  118 
 58800 1417   97 
 58801 1409  101 
 58802 1419   98 
 58803 1400  104 
 58804 1438  110 
 58805 1443   88 
 58806 1412  105 
 58807 1401  100 
 58808 1419  106 
 58809 1420  103 
 58810 1416  120 
 58811 1414   85 
 58812 1418   90 
 58813 1424   83 
 58814 1439  118 
 58815 1386  101 
 58816 1412   87 
 58817 1419  102 
 58818 1410  100 
 58819 1402  108 
 58820 1430  104 
 58821 1440   83 
 58822 1409   99 
 58823 1433  104 
 58824 1432  113 
 58825 1423  103 
 58826 1404   85 
 58827 1425   96 
 58828 1434  103 
 58829 1416  110 
 58830 1431  107 
 58831 1438  105 
 58832 1410  105 
 58833 1425  104 
 58834 1417  101 
 58835 1412  110 
 58836 1404   85 
 58837 1418  116 
 58838 1429  111 
 58839 1416   92 
 58840 1397   91 
 58841 1392   89 
 58842 1401  108 
 58843 1424  101 
 58844 1422  106 
 58845 1434  104 
 58846 1409  120 
 58847 1433  101 
 58848 1441  105 
 58849 1433  108 
 58850 1427  103 
 58851 1398   91 
 58852 1441  117 
 58853 1426  104 
 58854 1428  119 
 58855 1440  102 
 58856 1410  103 
 58857 1412   97 
 58858 1414  111 
 58859 1423   97 
 58860 1429  114 
 58861 1429  115 
 58862 1430   87 
 58863 1403  116 
 58864 1432   88 
 58865 1433  106 
 58866 1405  109 
 58867 1382   97 
 58868 1393   84 
 58869 1395   90 
 58870 1444  115 
 58871 1415   95 
 58872 1428  122 
 58873 1427  101 
 58874 1432  117 
 58875 1430   96 
 58876 1407  114 
 58877 1404  103 
 58878 1431  115 
 58879 1410   99 
 58880 1441  117 
 58881 1402   94 
 58882 1425  110 
 58883 1413   83 
 58884 1415  115 
 58885 1409  103 
 58886 1442  103 
 58887 1438  109 
 58888 1412  114 
 58889 1414  100 
 58890 1442  110 
 58891 1408   94 
 58892 1425  117 
 58893 1406   76 
 58894 1415   96 
 58895 1431  113 
 58896 1401  108 
 58897 1418   92 
 58898 1398  118 
 58899 1424  111 
 58900 1415   99 
 58901 1433  107 
 58902 1436  104 
 58903 1408   95 
 58904 1401  101 
 58905 1406  112 
 58906 1394   76 
 58907 1411   98 
 58908 1411   98 
 58909 1413  109 
 58910 1389   88 
 58911 1422   90 
 58912 1426  117 
 58913 1415  106 
 58914 1413  100 
 58915 1426   98 
 58916 1427   89 
 58917 1438   88 
 58918 1418   86 
 58919 1404   88 
 58920 1427   91 
 58921 1435   96 
 58922 1410  111 
 58923 1429  102 
 58924 1419  110 
 58925 1421   92 
 58926 1405   90 
 58927 1425   81 
 58928 1431   97 
 58929 1398   89 
 58930 1425  110 
 58931 1435  102 
 58932 1437  115 
 58933 1415  104 
 58934 1411  109 
 58935 1411  107 
 58936 1418   74 
 58937 1415   99 
 58938 1415   91 
 58939 1390  101 
 58940 1415  103 
 58941 1411   88 
 58942 1410  102 
 58943 1429   99 
 58944 1414  104 
 58945 1422  101 
 58946 1415  116 
 58947 1433  101 
 58948 1415   98 
 58949 1430  107 
 58950 1407   97 
 58951 1407  102 
 58952 1404   91 
 58953 1403  104 
 58954 1402  109 
 58955 1427  107 
 58956 1418   90 
 58957 1431  111 
 58958 1415  106 
 58959 1406  101 
 58960 1420  104 
 58961 1446  109 
 58962 1403  104 
 58963 1396  107 
 58964 1434   90 
 58965 1443  100 
 58966 1400   96 
 58967 1423  101 
 58968 1402  104 
 58969 1399   76 
 58970 1434  114 
 58971 1401   99 
 58972 1403  104 
 58973 1412   96 
 58974 1396  110 
 58975 1405  110 
 58976 1418  103 
 58977 1427  101 
 58978 1415  114 
 58979 1420   92 
 58980 1419  107 
 58981 1397   89 
 58982 1410  104 
 58983 1413   87 
 58984 1414   86 
 58985 1396  118 
 58986 1422   78 
 58987 1412   91 
 58988 1425  116 
 58989 1421  121 
 58990 1411   97 
 58991 1427  114 
 58992 1394  106 
 58993 1416   94 
 58994 1428   91 
 58995 1412  101 
 58996 1403   78 
 58997 1428  120 
 58998 1417  115 
 58999 1438  110 
 59000 1391  110 
 59001 1415   88 
 59002 1414   98 
 59003 1444  105 
 59004 1416  114 
 59005 1415  101 
 59006 1422   80 
 59007 1445  116 
 59008 1410   86 
 59009 1401   90 
 59010 1423  101 
 59011 1414   99 
 59012 1440  103 
 59013 1435  109 
 59014 1377   93 
 59015 1397  105 
 59016 1432  101 
 59017 1412   98 
 59018 1393  113 
 59019 1410   83 
 59020 1432  106 
 59021 1404  102 
 59022 1429  114 
 59023 1418   90 
 59024 1398   94 
 59025 1424  104 
 59026 1422   92 
 59027 1378   97 
 59028 1418  104 
 59029 1400   92 
 59030 1424  109 
 59031 1413  101 
 59032 1392  102 
 59033 1426   94 
 59034 1433  105 
 59035 1416   92 
 59036 1409   94 
 59037 1431   94 
 59038 1418  112 
 59039 1422   99 
 59040 1433  107 
 59041 1414  119 
 59042 1398   84 
 59043 1403   79 
 59044 1430   94 
 59045 1402  103 
 59046 1423   96 
 59047 1429   99 
 59048 1416  112 
 59049 1412   91 
 59050 1389  110 
 59051 1421  102 
 59052 1413  104 
 59053 1423  112 
 59054 1442  106 
 59055 1423  106 
 59056 1436   93 
 59057 1429  107 
 59058 1419   96 
 59059 1399  100 
 59060 1425   92 
 59061 1412   98 
 59062 1397   82 
 59063 1409  105 
 59064 1404  107 
 59065 1413   95 
 59066 1404  114 
 59067 1401  117 
 59068 1430   95 
 59069 1428  107 
 59070 1402   87 
 59071 1414   97 
 59072 1404  103 
 59073 1425  115 
 59074 1436  114 
 59075 1401   97 
 59076 1418   91 
 59077 1407   94 
 59078 1406   79 
 59079 1410  118 
 59080 1456  116 
 59081 1413  104 
 59082 1418  118 
 59083 1438  118 
 59084 1430   99 
 59085 1434  109 
 59086 1420  114 
 59087 1432  106 
 59088 1392  115 
 59089 1435   97 
 59090 1413  112 
 59091 1399  104 
 59092 1424   89 
 59093 1404  109 
 59094 1403  115 
 59095 1406  103 
 59096 1428  103 
 59097 1412   98 
 59098 1408  117 
 59099 1382  109 
 59100 1431  103 
 59101 1387  110 
 59102 1431  103 
 59103 1400   79 
 59104 1422  114 
 59105 1421  104 
 59106 1443  110 
 59107 1386  103 
 59108 1397  107 
 59109 1404  100 
 59110 1417   75 
 59111 1399   84 
 59112 1432  108 
 59113 1441  114 
 59114 1399  101 
 59115 1412  109 
 59116 1403  113 
 59117 1423  101 
 59118 1421   85 
 59119 1404   92 
 59120 1414  113 
 59121 1415  111 
 59122 1415  100 
 59123 1442  110 
 59124 1429  117 
 59125 1446  118 
 59126 1403  123 
 59127 1446  103 
 59128 1393  108 
 59129 1409   84 
 59130 1415  106 
 59131 1418  107 
 59132 1411   95 
 59133 1413  112 
 59134 1438   94 
 59135 1420   86 
 59136 1431  107 
 59137 1426  101 
 59138 1401  110 
 59139 1418  102 
 59140 1399  107 
 59141 1402   92 
 59142 1422  108 
 59143 1411  103 
 59144 1414   88 
 59145 1429  114 
 59146 1412   83 
 59147 1423  103 
 59148 1404  104 
 59149 1442  100 
 59150 1399  115 
 59151 1421  104 
 59152 1439  106 
 59153 1442  119 
 59154 1441  103 
 59155 1393   92 
 59156 1443  109 
 59157 1441  111 
 59158 1426  103 
 59159 1427   84 
 59160 1451   97 
 59161 1431  113 
 59162 1413   95 
 59163 1408   94 
 59164 1404  103 
 59165 1407   99 
 59166 1374   98 
 59167 1360   89 
 59168 1375  105 
 59169 1402  105 
 59170 1400  100 
 59171 1449   97 
 59172 1478  103 
 59173 1515  103 
 59174 1526  111 
 59175 1531  116 
 59176 1478  110 
 59177 1462  100 
 59178 1401   96 
 59179 1377  104 
 59180 1354   95 
 59181 1323   98 
 59182 1275  103 
 59183 1281   94 
 59184 1294   97 
 59185 1320  105 
 59186 1358  107 
 59187 1368  102 
 59188 1389  108 
 59189 1438  103 
 59190 1416  110 
 59191 1466  111 
 59192 1462  109 
 59193 1466  122 
 59194 1480   91 
 59195 1487   80 
 59196 1518  105 
 59197 1509  102 
 59198 1482  106 
 59199 1462  110 
 59200 1456   96 
 59201 1450  104 
 59202 1421  102 
 59203 1420  110 
 59204 1421  100 
 59205 1437  118 
 59206 1415  105 
 59207 1402   80 
 59208 1414  106 
 59209 1425  105 
 59210 1434  104 
 59211 1421  113 
 59212 1437   92 
 59213 1445  110 
 59214 1400  110 
 59215 1407   82 
 59216 1388  110 
 59217 1361  112 
 59218 1334  115 
 59219 1297  112 
 59220 1253  105 
 59221 1256  109 
 59222 1261   78 
 59223 1294  125 
 59224 1307  123 
 59225 1346  134 
 59226 1310  128 
 59227 1344  101 
 59228 1461  113 
 59229 1561  122 
 59230 1616  114 
 