=~=~=~=~=~=~=~=~=~=~=~= PuTTY log 2024.04.25 10:41:08 =~=~=~=~=~=~=~=~=~=~=~=
 3362 1400  121 
 3363 1410  103 
 3364 1443  103 
 3365 1412  116 
 3366 1410  124 
 3367 1419  117 
 3368 1419  113 
 3369 1417  111 
 3370 1438  116 
 3371 1414  113 
 3372 1425  119 
 3373 1406  115 
 3374 1427   90 
 3375 1411  114 
 3376 1427  106 
 3377 1406  103 
 3378 1429  105 
 3379 1413  112 
 3380 1400   91 
 3381 1399   98 
 3382 1409   81 
 3383 1400  115 
 3384 1416  100 
 3385 1418  116 
 3386 1412   92 
 3387 1430  104 
 3388 1439   99 
 3389 1431  117 
 3390 1419   99 
 3391 1423  114 
 3392 1432  117 
 3393 1424  115 
 3394 1401  111 
 3395 1425   95 
 3396 1422   90 
 3397 1408   95 
 3398 1396  100 
 3399 1425  107 
 3400 1436   94 
 3401 1427  108 
 3402 1417   98 
 3403 1427  112 
 3404 1423  106 
 3405 1400   91 
 3406 1408  104 
 3407 1415  112 
 3408 1435  102 
 3409 1451  123 
 3410 1406  113 
 3411 1433  105 
 3412 1436  109 
 3413 1407  113 
 3414 1411   89 
 3415 1396   93 
 3416 1407   90 
 3417 1414  103 
 3418 1438  110 
 3419 1418  113 
 3420 1432  115 
 3421 1405  106 
 3422 1425  113 
 3423 1413  105 
 3424 1415  112 
 3425 1435   99 
 3426 1421   84 
 3427 1423  104 
 3428 1409  117 
 3429 1402  114 
 3430 1426  108 
 3431 1418   86 
 3432 1411   97 
 3433 1414  113 
 3434 1442  112 
 3435 1420  117 
 3436 1416  109 
 3437 1442  106 
 3438 1395   98 
 3439 1415  108 
 3440 1414  112 
 3441 1405   93 
 3442 1419   84 
 3443 1423  108 
 3444 1440   82 
 3445 1418  103 
 3446 1424  103 
 3447 1424   81 
 3448 1412  103 
 3449 1446   90 
 3450 1401  101 
 3451 1414  105 
 3452 1410  109 
 3453 1408  104 
 3454 1430  118 
 3455 1425  111 
 3456 1415  105 
 3457 1442  102 
 3458 1404   90 
 3459 1429  103 
 3460 1389   76 
 3461 1427  109 
 3462 1420  112 
 3463 1410   93 
 3464 1415  116 
 3465 1389   87 
 3466 1417  100 
 3467 1413  112 
 3468 1428   97 
 3469 1416  109 
 3470 1425  105 
 3471 1395   83 
 3472 1442  121 
 3473 1437  109 
 3474 1417  102 
 3475 1442  114 
 3476 1404   73 
 3477 1401  104 
 3478 1436   98 
 3479 1421  109 
 3480 1442  103 
 3481 1412  109 
 3482 1419  112 
 3483 1391  104 
 3484 1434   82 
 3485 1418   85 
 3486 1421   90 
 3487 1389   95 
 3488 1432  110 
 3489 1427  115 
 3490 1436  103 
 3491 1436  105 
 3492 1442  102 
 3493 1445   99 
 3494 1432   98 
 3495 1410  114 
 3496 1429  106 
 3497 1432  109 
 3498 1399  109 
 3499 1424   81 
 3500 1402   85 
 3501 1417  120 
 3502 1416  100 
 3503 1424  104 
 3504 1421  117 
 3505 1402  109 
 3506 1417   97 
 3507 1410  109 
 3508 1409  116 
 3509 1394   95 
 3510 1417  104 
 3511 1429  105 
 3512 1437   93 
 3513 1397  100 
 3514 1412  116 
 3515 1407  109 
 3516 1435   95 
 3517 1430   76 
 3518 1431  110 
 3519 1431  101 
 3520 1426  106 
 3521 1432   93 
 3522 1407   98 
 3523 1395  102 
 3524 1420  100 
 3525 1419  115 
 3526 1412  107 
 3527 1396   94 
 3528 1398  109 
 3529 1406   87 
 3530 1417  110 
 3531 1444   98 
 3532 1421   99 
 3533 1425  119 
 3534 1434  105 
 3535 1434  108 
 3536 1420  111 
 3537 1408  104 
 3538 1439  115 
 3539 1431  103 
 3540 1403  116 
 3541 1418  112 
 3542 1404  105 
 3543 1401  112 
 3544 1410  103 
 3545 1405  106 
 3546 1442  108 
 3547 1409   92 
 3548 1423  116 
 3549 1408  111 
 3550 1421  106 
 3551 1408  107 
 3552 1407  123 
 3553 1415  123 
 3554 1415   89 
 3555 1424  106 
 3556 1422  113 
 3557 1419  113 
 3558 1425  106 
 3559 1431  119 
 3560 1440  113 
 3561 1419  112 
 3562 1427  111 
 3563 1423  103 
 3564 1418   82 
 3565 1410   98 
 3566 1420  119 
 3567 1396   95 
 3568 1413   95 
 3569 1423  104 
 3570 1416  117 
 3571 1423  109 
 3572 1411  108 
 3573 1422  108 
 3574 1438  107 
 3575 1421  119 
 3576 1432  102 
 3577 1419   85 
 3578 1436  103 
 3579 1416  102 
 3580 1441  109 
 3581 1437  103 
 3582 1428   82 
 3583 1427  109 
 3584 1394   86 
 3585 1418  114 
 3586 1433   82 
 3587 1420  102 
 3588 1412   75 
 3589 1387  102 
 3590 1386  106 
 3591 1412  105 
 3592 1419   99 
 3593 1443  105 
 3594 1420  112 
 3595 1404  102 
 3596 1432  120 
 3597 1416   86 
 3598 1446  103 
 3599 1444  101 
 3600 1406  114 
 3601 1404   91 
 3602 1442   95 
 3603 1442  115 
 3604 1403  105 
 3605 1419  115 
 3606 1438  125 
 3607 1430  118 
 3608 1419  115 
 3609 1399  114 
 3610 1421   89 
 3611 1412  103 
 3612 1408  111 
 3613 1416   89 
 3614 1428  125 
 3615 1414  108 
 3616 1413  109 
 3617 1411  104 
 3618 1384   64 
 3619 1402  101 
 3620 1431  110 
 3621 1408  106 
 3622 1382  106 
 3623 1410  106 
 3624 1426  102 
 3625 1417   92 
 3626 1438  100 
 3627 1407  107 
 3628 1415  121 
 3629 1411  111 
 3630 1420  109 
 3631 1437  118 
 3632 1419  112 
 3633 1416  115 
 3634 1446  119 
 3635 1434  116 
 3636 1427  104 
 3637 1404   78 
 3638 1437   70 
 3639 1423  109 
 3640 1422  109 
 3641 1422  110 
 3642 1420  103 
 3643 1437  108 
 3644 1440  101 
 3645 1439  114 
 3646 1426  122 
 3647 1433  116 
 3648 1436  102 
 3649 1422  107 
 3650 1421   99 
 3651 1421  115 
 3652 1407  115 
 3653 1402   84 
 3654 1419  112 
 3655 1414  120 
 3656 1410  100 
 3657 1428   90 
 3658 1407   83 
 3659 1412  104 
 3660 1400  110 
 3661 1433  100 
 3662 1427  104 
 3663 1408  101 
 3664 1412   85 
 3665 1408  119 
 3666 1406  113 
 3667 1407  115 
 3668 1401   93 
 3669 1449   81 
 3670 1424  108 
 3671 1420  108 
 3672 1388   95 
 3673 1444  103 
 3674 1407   91 
 3675 1409  112 
 3676 1409  114 
 3677 1399  107 
 3678 1389   97 
 3679 1434   92 
 3680 1418  105 
 3681 1407   89 
 3682 1407  109 
 3683 1440  104 
 3684 1413  109 
 3685 1400   96 
 3686 1440  103 
 3687 1402   84 
 3688 1433   99 
 3689 1415  116 
 3690 1410  101 
 3691 1434  101 
 3692 1436  103 
 3693 1406   95 
 3694 1439  104 
 3695 1437   90 
 3696 1441  109 
 3697 1400  102 
 3698 1422  114 
 3699 1424  121 
 3700 1412  114 
 3701 1429  106 
 3702 1410  103 
 3703 1430  116 
 3704 1435   88 
 3705 1395   85 
 3706 1415  101 
 3707 1421  129 
 3708 1427   95 
 3709 1396  102 
 3710 1415  114 
 3711 1419  105 
 3712 1418  110 
 3713 1430  106 
 3714 1440  114 
 3715 1440   93 
 3716 1403  102 
 3717 1423  117 
 3718 1432  102 
 3719 1444  105 
 3720 1406   75 
 3721 1412   73 
 3722 1419  113 
 3723 1415  118 
 3724 1430  104 
 3725 1415  106 
 3726 1412  110 
 3727 1420  111 
 3728 1423  113 
 3729 1403   95 
 3730 1425  101 
 3731 1395  101 
 3732 1429  112 
 3733 1423  103 
 3734 1432  124 
 3735 1407  100 
 3736 1420  103 
 3737 1451  104 
 3738 1459   99 
 3739 1385  116 
 3740 1311   92 
 3741 1236  101 
 3742 1145  116 
 3743 1101  118 
 3744 1095  126 
 3745 1047  106 
 3746 1052  115 
 3747 1086  103 
 3748 1127  106 
 3749 1174  111 
 3750 1217  122 
 3751 1281  143 
 3752 1318  135 
 3753 1355  132 
 3754 1380  149 
 3755 1418  129 
 3756 1445  149 
 3757 1421  118 
 3758 1453  131 
 3759 1451  140 
 3760 1441  158 
 3761 1475  161 
 3762 1441  155 
 3763 1475  159 
 3764 1467  171 
 3765 1479  184 
 3766 1462  166 
 3767 1447  162 
 3768 1460  176 
 3769 1441  167 
 3770 1452  188 
 3771 1442  190 
 3772 1438  187 
 3773 1430  188 
 3774 1440  200 
 3775 1426  198 
 3776 1445  202 
 3777 1446  193 
 3778 1441  213 
 3779 1437  221 
 3780 1469  201 
 3781 1489  203 
 3782 1498  218 
 3783 1496  209 
 3784 1524  219 
 3785 1490  219 
 3786 1536  221 
 3787 1538  226 
 3788 1501  244 
 3789 1545  246 
 3790 1527  227 
 3791 1497  257 
 3792 1490  247 
 3793 1466  240 
 3794 1473  242 
 3795 1461  240 
 3796 1466  242 
 3797 1506  247 
 3798 1517  239 
 3799 1536  242 
 3800 1570  280 
 3801 1572  262 
 3802 1550  253 
 3803 1566  266 
 3804 1556  279 
 3805 1520  263 
 3806 1573  281 
 3807 1537  249 
 3808 1503  254 
 3809 1493  271 
 3810 1467  283 
 3811 1466  296 
 3812 1459  298 
 3813 1435  288 
 3814 1436  273 
 3815 1424  290 
 3816 1416  290 
 3817 1382  272 
 3818 1429  299 
 3819 1414  300 
 3820 1399  312 
 3821 1409  298 
 3822 1395  293 
 3823 1385  298 
 3824 1385  310 
 3825 1370  305 
 3826 1388  307 
 3827 1380  314 
 3828 1379  322 
 3829 1375  318 
 3830 1385  304 
 3831 1373  297 
 3832 1368  319 
 3833 1377  311 
 3834 1363  333 
 3835 1409  326 
 3836 1385  315 
 3837 1384  327 
 3838 1361  324 
 3839 1371  339 
 3840 1382  328 
 3841 1362  315 
 3842 1399  330 
 3843 1404  333 
 3844 1391  353 
 3845 1387  338 
 3846 1419  335 
 3847 1420  328 
 3848 1424  337 
 3849 1448  325 
 3850 1442  334 
 3851 1438  340 
 3852 1411  348 
 3853 1399  327 
 3854 1398  353 
 3855 1346  355 
 3856 1285  359 
 3857 1239  368 
 3858 1214  377 
 3859 1232  364 
 3860 1220  355 
 3861 1264  348 
 3862 1271  370 
 3863 1327  350 
 3864 1394  378 
 3865 1403  360 
 3866 1458  368 
 3867 1495  375 
 3868 1524  361 
 3869 1514  356 
 3870 1546  376 
 3871 1513  360 
 3872 1494  352 
 3873 1474  351 
 3874 1466  380 
 3875 1449  379 
 3876 1427  385 
 3877 1422  399 
 3878 1397  358 
 3879 1398  372 
 3880 1406  376 
 3881 1398  390 
 3882 1387  371 
 3883 1414  383 
 3884 1415  391 
 3885 1427  389 
 3886 1404  404 
 3887 1388  385 
 3888 1400  387 
 3889 1398  400 
 3890 1375  380 
 3891 1408  401 
 3892 1403  410 
 3893 1351  395 
 3894 1380  407 
 3895 1337  402 
 3896 1353  383 
 3897 1400  403 
 3898 1376  414 
 3899 1382  381 
 3900 1381  398 
 3901 1403  403 
 3902 1407  426 
 3903 1419  411 
 3904 1420  396 
 3905 1400  400 
 3906 1431  416 
 3907 1405  400 
 3908 1436  423 
 3909 1384  432 
 3910 1418  426 
 3911 1394  401 
 3912 1409  399 
 3913 1390  426 
 3914 1379  428 
 3915 1395  434 
 3916 1414  417 
 3917 1377  424 
 3918 1341  433 
 3919 1313  440 
 3920 1252  449 
 3921 1208  440 
 3922 1264  455 
 3923 1289  447 
 3924 1356  452 
 3925 1389  446 
 3926 1458  441 
 3927 1519  445 
 3928 1519  450 
 3929 1560  451 
 3930 1547  456 
 3931 1529  438 
 3932 1555  455 
 3933 1535  458 
 3934 1492  436 
 3935 1467  446 
 3936 1446  438 
 3937 1428  439 
 3938 1406  463 
 3939 1415  456 
 3940 1393  442 
 3941 1407  464 
 3942 1424  477 
 3943 1397  470 
 3944 1410  461 
 3945 1420  468 
 3946 1405  463 
 3947 1412  473 
 3948 1428  463 
 3949 1393  480 
 3950 1372  470 
 3951 1386  469 
 3952 1389  465 
 3953 1389  477 
 3954 1417  478 
 3955 1394  474 
 3956 1405  489 
 3957 1388  474 
 3958 1386  484 
 3959 1379  493 
 3960 1414  471 
 3961 1405  488 
 3962 1390  474 
 3963 1410  503 
 3964 1400  486 
 3965 1411  487 
 3966 1374  474 
 3967 1389  481 
 3968 1406  470 
 3969 1403  479 
 3970 1389  456 
 3971 1377  494 
 3972 1389  471 
 3973 1366  485 
 3974 1429  507 
 3975 1419  504 
 3976 1409  507 
 3977 1415  481 
 3978 1412  514 
 3979 1392  489 
 3980 1315  484 
 3981 1256  512 
 3982 1175  519 
 3983 1150  490 
 3984 1169  518 
 3985 1148  514 
 3986 1243  533 
 3987 1326  508 
 3988 1387  520 
 3989 1454  482 
 3990 1508  502 
 3991 1555  506 
 3992 1593  498 
 3993 1595  520 
 3994 1623  514 
 3995 1636  514 
 3996 1613  529 
 3997 1571  523 
 3998 1524  535 
 3999 1512  553 
 4000 1461  538 
 4001 1462  533 
 4002 1411  525 
 4003 1416  555 
 4004 1404  536 
 4005 1374  552 
 4006 1413  553 
 4007 1422  556 
 4008 1415  534 
 4009 1431  555 
 4010 1392  533 
 4011 1406  526 
 4012 1406  544 
 4013 1402  538 
 4014 1375  518 
 4015 1385  550 
 4016 1387  548 
 4017 1390  554 
 4018 1384  554 
 4019 1363  570 
 4020 1393  575 
 4021 1386  577 
 4022 1405  541 
 4023 1395  570 
 4024 1414  536 
 4025 1402  568 
 4026 1420  566 
 4027 1415  573 
 4028 1429  573 
 4029 1420  579 
 4030 1412  573 
 4031 1402  579 
 4032 1421  571 
 4033 1392  572 
 4034 1404  578 
 4035 1409  578 
 4036 1402  580 
 4037 1416  589 
 4038 1374  567 
 4039 1402  583 
 4040 1385  574 
 4041 1373  563 
 4042 1415  580 
 4043 1397  595 
 4044 1403  582 
 4045 1370  589 
 4046 1323  579 
 4047 1182  569 
 4048 1062  585 
 4049  960  596 
 4050  957  607 
 4051  993  597 
 4052 1077  610 
 4053 1226  622 
 4054 1327  609 
 4055 1479  618 
 4056 1536  622 
 4057 1642  613 
 4058 1726  619 
 4059 1732  602 
 4060 1782  616 
 4061 1778  634 
 4062 1757  606 
 4063 1718  607 
 4064 1683  621 
 4065 1633  612 
 4066 1565  637 
 4067 1523  621 
 4068 1488  609 
 4069 1462  624 
 4070 1449  621 
 4071 1435  638 
 4072 1415  625 
 4073 1403  626 
 4074 1422  618 
 4075 1406  632 
 4076 1414  640 
 4077 1408  621 
 4078 1385  640 
 4079 1353  642 
 4080 1352  614 
 4081 1341  641 
 4082 1346  645 
 4083 1357  651 
 4084 1359  629 
 4085 1359  618 
 4086 1366  629 
 4087 1391  649 
 4088 1390  654 
 4089 1375  650 
 4090 1393  653 
 4091 1389  641 
 4092 1412  651 
 4093 1406  656 
 4094 1399  643 
 4095 1410  660 
 4096 1405  660 
 4097 1395  660 
 4098 1410  665 
 4099 1409  658 
 4100 1404  656 
 4101 1405  639 
 4102 1390  669 
 4103 1378  669 
 4104 1384  688 
 4105 1376  662 
 4106 1376  672 
 4107 1349  671 
 4108 1315  664 
 4109 1263  694 
 4110 1121  684 
 4111  919  686 
 4112  732  678 
 4113  614  716 
 4114  565  682 
 4115  684  688 
 4116  817  692 
 4117 1024  697 
 4118 1254  702 
 4119 1483  707 
 4120 1718  699 
 4121 1866  720 
 4122 2003  714 
 4123 2070  706 
 4124 2130  692 
 4125 2156  719 
 4126 2109  674 
 4127 2023  702 
 4128 1917  700 
 4129 1794  710 
 4130 1711  690 
 4131 1634  732 
 4132 1529  711 
 4133 1469  731 
 4134 1420  719 
 4135 1426  730 
 4136 1422  700 
 4137 1401  692 
 4138 1400  713 
 4139 1411  701 
 4140 1408  738 
 4141 1381  741 
 4142 1412  733 
 4143 1360  706 
 4144 1374  731 
 4145 1353  703 
 4146 1352  743 
 4147 1370  746 
 4148 1374  740 
 4149 1353  735 
 4150 1351  734 
 4151 1315  721 
 4152 1319  735 
 4153 1262  737 
 4154 1260  734 
 4155 1226  735 
 4156 1232  744 
 4157 1220  715 
 4158 1204  745 
 4159 1245  747 
 4160 1238  745 
 4161 1248  729 
 4162 1297  736 
 4163 1292  780 
 4164 1323  760 
 4165 1349  769 
 4166 1336  741 
 4167 1357  746 
 4168 1382  744 
 4169 1383  767 
 4170 1368  732 
 4171 1418  760 
 4172 1444  781 
 4173 1384  754 
 4174 1316  786 
 4175 1145  782 
 4176  950  767 
 4177  753  797 
 4178  685  828 
 4179  703  811 
 4180  768  808 
 4181  961  802 
 4182 1142  808 
 4183 1363  795 
 4184 1583  808 
 4185 1757  810 
 4186 1941  807 
 4187 2058  786 
 4188 2184  803 
 4189 2228  792 
 4190 2279  810 
 4191 2239  813 
 4192 2177  808 
 4193 2100  809 
 4194 1931  799 
 4195 1825  809 
 4196 1701  809 
 4197 1598  819 
 4198 1531  805 
 4199 1487  820 
 4200 1444  798 
 4201 1387  797 
 4202 1389  834 
 4203 1339  827 
 4204 1302  812 
 4205 1248  817 
 4206 1222  820 
 4207 1166  826 
 4208 1156  845 
 4209 1105  831 
 4210 1095  839 
 4211 1105  822 
 4212 1102  843 
 4213 1107  812 
 4214 1134  828 
 4215 1186  815 
 4216 1243  833 
 4217 1240  822 
 4218 1272  840 
 4219 1295  844 
 4220 1323  839 
 4221 1318  852 
 4222 1329  832 
 4223 1348  828 
 4224 1361  835 
 4225 1359  836 
 4226 1383  845 
 4227 1387  846 
 4228 1385  852 
 4229 1391  842 
 4230 1390  855 
 4231 1393  853 
 4232 1417  852 
 4233 1425  842 
 4234 1438  850 
 4235 1411  864 
 4236 1438  859 
 4237 1437  861 
 4238 1332  861 
 4239 1196  882 
 4240 1004  894 
 4241  855  883 
 4242  729  884 
 4243  732  900 
 4244  859  894 
 4245 1017  877 
 4246 1216  891 
 4247 1431  907 
 4248 1608  917 
 4249 1771  890 
 4250 1902  905 
 4251 2014  909 
 4252 2103  894 
 4253 2174  896 
 4254 2244  915 
 4255 2269  900 
 4256 2186  920 
 4257 2105  918 
 4258 2025  899 
 4259 1917  887 
 4260 1786  900 
 4261 1679  903 
 4262 1558  939 
 4263 1440  925 
 4264 1334  888 
 4265 1241  920 
 4266 1176  927 
 4267 1093  922 
 4268 1054  914 
 4269 1029  914 
 4270 1003  923 
 4271 1031  920 
 4272 1064  926 
 4273 1048  917 
 4274 1086  940 
 4275 1118  935 
 4276 1175  930 
 4277 1218  918 
 4278 1254  917 
 4279 1293  933 
 4280 1305  934 
 4281 1344  945 
 4282 1377  932 
 4283 1374  971 
 4284 1403  926 
 4285 1427  950 
 4286 1422  942 
 4287 1432  932 
 4288 1447  946 
 4289 1421  930 
 4290 1420  943 
 4291 1419  974 
 4292 1412  926 
 4293 1417  965 
 4294 1419  963 
 4295 1391  968 
 4296 1397  972 
 4297 1405  977 
 4298 1411  972 
 4299 1390  962 
 4300 1389  965 
 4301 1421  979 
 4302 1393  982 
 4303 1353  948 
 4304 1261  980 
 4305 1114  987 
 4306  981 1004 
 4307  858 1009 
 4308  809 1008 
 4309  901 1001 
 4310 1062  972 
 4311 1284 1008 
 4312 1541  994 
 4313 1744  986 
 4314 1928 1011 
 4315 2063 1006 
 4316 2122 1021 
 4317 2211 1030 
 4318 2199 1020 
 4319 2132 1030 
 4320 1967 1010 
 4321 1799 1014 
 4322 1619  997 
 4323 1415  985 
 4324 1337 1007 
 4325 1207 1021 
 4326 1197 1023 
 4327 1167 1039 
 4328 1146 1024 
 4329 1160  988 
 4330 1181 1041 
 4331 1208 1037 
 4332 1219 1000 
 4333 1201 1021 
 4334 1267 1055 
 4335 1251 1039 
 4336 1253 1035 
 4337 1288 1047 
 4338 1301 1028 
 4339 1333 1036 
 4340 1332 1047 
 4341 1385 1046 
 4342 1378 1040 
 4343 1379 1040 
 4344 1402 1049 
 4345 1384 1053 
 4346 1411 1067 
 4347 1408 1053 
 4348 1387 1032 
 4349 1392 1051 
 4350 1378 1049 
 4351 1407 1061 
 4352 1424 1058 
 4353 1421 1055 
 4354 1402 1032 
 4355 1371 1076 
 4356 1391 1075 
 4357 1400 1050 
 4358 1405 1096 
 4359 1404 1083 
 4360 1413 1072 
 4361 1416 1089 
 4362 1386 1110 
 4363 1393 1085 
 4364 1368 1085 
 4365 1330 1101 
 4366 1240 1066 
 4367 1136 1110 
 4368 1006 1109 
 4369  933 1125 
 4370  964 1109 
 4371 1060 1112 
 4372 1237 1075 
 4373 1434 1093 
 4374 1612 1105 
 4375 1790 1095 
 4376 1871 1120 
 4377 1935 1112 
 4378 1981 1114 
 4379 1994 1101 
 4380 1980 1092 
 4381 1908 1097 
 4382 1750 1110 
 4383 1626 1146 
 4384 1517 1124 
 4385 1395 1113 
 4386 1315 1108 
 4387 1257 1134 
 4388 1234 1112 
 4389 1229 1127 
 4390 1246 1126 
 4391 1240 1116 
 4392 1258 1151 
 4393 1258 1146 
 4394 1260 1119 
 4395 1247 1115 
 4396 1277 1132 
 4397 1280 1119 
 4398 1278 1142 
 4399 1299 1155 
 4400 1327 1150 
 4401 1352 1151 
 4402 1381 1154 
 4403 1379 1117 
 4404 1421 1176 
 4405 1424 1135 
 4406 1414 1122 
 4407 1423 1146 
 4408 1440 1180 
 4409 1441 1158 
 4410 1413 1170 
 4411 1421 1185 
 4412 1426 1159 
 4413 1416 1189 
 4414 1371 1162 
 4415 1387 1193 
 4416 1387 1165 
 4417 1356 1167 
 4418 1378 1169 
 4419 1355 1187 
 4420 1378 1178 
 4421 1378 1185 
 4422 1389 1190 
 4423 1362 1179 
 4424 1382 1154 
 4425 1384 1208 
 4426 1390 1182 
 4427 1392 1189 
 4428 1371 1189 
 4429 1397 1179 
 4430 1414 1207 
 4431 1372 1176 
 4432 1398 1199 
 4433 1342 1223 
 4434 1217 1238 
 4435 1150 1206 
 4436 1089 1218 
 4437 1116 1200 
 4438 1213 1227 
 4439 1320 1217 
 4440 1474 1202 
 4441 1630 1223 
 4442 1673 1222 
 4443 1739 1245 
 4444 1732 1209 
 4445 1743 1232 
 4446 1719 1235 
 4447 1704 1256 
 4448 1664 1243 
 4449 1595 1230 
 4450 1511 1225 
 4451 1453 1225 
 4452 1398 1245 
 4453 1352 1230 
 4454 1348 1265 
 4455 1307 1263 
 4456 1300 1261 
 4457 1292 1237 
 4458 1316 1240 
 4459 1312 1247 
 4460 1322 1269 
 4461 1337 1262 
 4462 1351 1265 
 4463 1371 1253 
 4464 1373 1291 
 4465 1357 1260 
 4466 1351 1267 
 4467 1385 1201 
 4468 1378 1290 
 4469 1374 1252 
 4470 1411 1274 
 4471 1417 1277 
 4472 1442 1242 
 4473 1407 1274 
 4474 1393 1281 
 4475 1400 1261 
 4476 1427 1289 
 4477 1423 1294 
 4478 1413 1280 
 4479 1407 1271 
 4480 1401 1289 
 4481 1397 1266 
 4482 1375 1272 
 4483 1401 1291 
 4484 1392 1302 
 4485 1405 1316 
 4486 1383 1279 
 4487 1402 1269 
 4488 1377 1284 
 4489 1396 1292 
 4490 1399 1307 
 4491 1370 1296 
 4492 1387 1312 
 4493 1353 1290 
 4494 1389 1319 
 4495 1376 1319 
 4496 1369 1283 
 4497 1361 1324 
 4498 1385 1324 
 4499 1371 1306 
 4500 1352 1313 
 4501 1281 1347 
 4502 1203 1316 
 4503 1189 1349 
 4504 1199 1340 
 4505 1243 1347 
 4506 1373 1347 
 4507 1457 1306 
 4508 1541 1313 
 4509 1563 1330 
 4510 1547 1340 
 4511 1554 1348 
 4512 1597 1351 
 4513 1629 1358 
 4514 1604 1335 
 4515 1628 1351 
 4516 1602 1348 
 4517 1548 1344 
 4518 1516 1361 
 4519 1445 1370 
 4520 1427 1362 
 4521 1415 1359 
 4522 1375 1361 
 4523 1377 1394 
 4524 1354 1380 
 4525 1404 1361 
 4526 1406 1356 
 4527 1371 1354 
 4528 1407 1388 
 4529 1384 1380 
 4530 1376 1352 
 4531 1373 1377 
 4532 1364 1399 
 4533 1353 1397 
 4534 1320 1375 
 4535 1309 1355 
 4536 1309 1376 
 4537 1303 1375 
 4538 1331 1377 
 4539 1316 1405 
 4540 1347 1369 
 4541 1335 1415 
 4542 1354 1405 
 4543 1359 1395 
 4544 1377 1399 
 4545 1365 1386 
 4546 1380 1393 
 4547 1401 1406 
 4548 1379 1393 
 4549 1411 1409 
 4550 1405 1414 
 4551 1408 1415 
 4552 1408 1406 
 4553 1394 1398 
 4554 1404 1430 
 4555 1405 1412 
 4556 1443 1393 
 4557 1402 1393 
 4558 1424 1410 
 4559 1444 1437 
 4560 1416 1442 
 4561 1401 1433 
 4562 1418 1427 
 4563 1402 1429 
 4564 1426 1431 
 4565 1438 1433 
 4566 1384 1455 
 4567 1304 1423 
 4568 1294 1455 
 4569 1273 1465 
 4570 1280 1424 
 4571 1324 1472 
 4572 1421 1322 
 4573 2150 1298 
 4574 3299 1257 
 4575 3299 1187 
 4576 3299 1132 
 4577 3299 1102 
 4578 3299 1051 
 4579 3299 1015 
 4580 3299  962 
 4581 3299  961 
 4582 2538  938 
 4583 1646  884 
 4584  892  876 
 4585  316  846 
 4586    4  804 
 4587    4  782 
 4588   13  768 
 4589   10  743 
 4590   11  730 
 4591    8  713 
 4592    1  684 
 4593    3  630 
 4594    6  621 
 4595    3  641 
 4596    7  600 
 4597    5  602 
 4598    7  585 
 4599    4  558 
 4600   74  540 
 4601  247  545 
 4602  448  524 
 4603  620  526 
 4604  755  495 
 4605  829  511 
 4606  971  496 
 4607 1046  480 
 4608 1140  467 
 4609 1204  461 
 4610 1282  439 
 4611 1320  427 
 4612 1363  427 
 4613 1407  412 
 4614 1415  400 
 4615 1477  400 
 4616 1483  385 
 4617 1478  380 
 4618 1474  369 
 4619 1504  363 
 4620 1486  364 
 4621 1482  342 
 4622 1524  360 
 4623 1477  340 
 4624 1479  342 
 4625 1499  335 
 4626 1456  329 
 4627 1476  316 
 4628 1460  306 
 4629 1451  322 
 4630 1464  307 
 4631 1452  314 
 4632 1440  302 
 4633 1408  282 
 4634 1435  287 
 4635 1411  283 
 4636 1440  271 
 4637 1415  279 
 4638 1437  291 
 4639 1398  279 
 4640 1414  269 
 4641 1410  264 
 4642 1400  259 
 4643 1388  272 
 4644 1415  254 
 4645 1389  248 
 4646 1430  243 
 4647 1422  245 
 4648 1411  230 
 4649 1415  216 
 4650 1411  232 
 4651 1418  244 
 4652 1420  218 
 4653 1416  245 
 4654 1399  225 
 4655 1410  222 
 4656 1389  203 
 4657 1412  216 
 4658 1420  202 
 4659 1425  207 
 4660 1411  207 
 4661 1408  213 
 4662 1417  201 
 4663 1414  198 
 4664 1402  185 
 4665 1410  184 
 4666 1420  193 
 4667 1411  179 
 4668 1446  185 
 4669 1430  180 
 4670 1435  181 
 4671 1411  186 
 4672 1412  180 
 4673 1410  146 
 4674 1436  165 
 4675 1440  162 
 4676 1413  167 
 4677 1427  153 
 4678 1424  170 
 4679 1421  167 
 4680 1443  164 
 4681 1424  150 
 4682 1427  145 
 4683 1421  169 
 4684 1440  154 
 4685 1408  147 
 4686 1405  144 
 4687 1405  134 
 4688 1423  138 
 4689 1435  142 
 4690 1396  135 
 4691 1426  148 
 4692 1421  123 
 4693 1415  126 
 4694 1423  147 
 4695 1411  153 
 4696 1401  125 
 4697 1434  120 
 4698 1400  130 
 4699 1412  127 
 4700 1423  144 
 4701 1433  107 
 4702 1416  110 
 4703 1427  129 
 4704 1401  138 
 4705 1408  122 
 4706 1422  139 
 4707 1414  120 
 4708 1394  129 
 4709 1429  121 
 4710 1412  101 
 4711 1413  128 
 4712 1434  121 
 4713 1410  104 
 4714 1415  120 
 4715 1421  116 
 4716 1423   98 
 4717 1426  105 
 4718 1376  126 
 4719 1318   99 
 4720 1115  126 
 4721  877  107 
 4722  642  118 
 4723  409  111 
 4724  235  115 
 4725   98  101 
 4726   42  110 
 4727   25   97 
 4728   62  114 
 4729  175  109 
 4730  306  109 
 4731  461  104 
 4732  632  109 
 4733  818  105 
 4734 1012  109 
 4735 1174  110 
 4736 1330  109 
 4737 1468  103 
 4738 1650  106 
 4739 1741  110 
 4740 1837  109 
 4741 1892  106 
 4742 1945  108 
 4743 2007   96 
 4744 2040  121 
 4745 2027  119 
 4746 2052  122 
 4747 2040  108 
 4748 2042  104 
 4749 2046  107 
 4750 1981  109 
 4751 1974   96 
 4752 1966  111 
 4753 1945  115 
 4754 1895  106 
 4755 1881  110 
 4756 1839  119 
 4757 1795  114 
 4758 1809  118 
 4759 1747  119 
 4760 1725  113 
 4761 1718  116 
 4762 1698  116 
 4763 1681  106 
 4764 1642  121 
 4765 1649   99 
 4766 1587  113 
 4767 1577   88 
 4768 1593  110 
 4769 1563   89 
 4770 1599  113 
 4771 1541   98 
 4772 1545  117 
 4773 1544  104 
 4774 1497  106 
 4775 1518  112 
 4776 1507  100 
 4777 1481   92 
 4778 1496  104 
 4779 1481  116 
 4780 1499  100 
 4781 1477  115 
 4782 1454  120 
 4783 1472   88 
 4784 1449  109 
 4785 1450  105 
 4786 1462  108 
 4787 1431  105 
 4788 1446  123 
 4789 1434  105 
 4790 1413  117 
 4791 1432  105 
 4792 1425   98 
 4793 1392  107 
 4794 1404   72 
 4795 1413  116 
 4796 1407  107 
 4797 1415  114 
 4798 1442  110 
 4799 1427  108 
 4800 1416  123 
 4801 1438   97 
 4802 1409   98 
 4803 1430   80 
 4804 1407  107 
 4805 1416  103 
 4806 1425   99 
 4807 1402  104 
 4808 1407   91 
 4809 1399   72 
 4810 1398   69 
 4811 1384   82 
 4812 1428  118 
 4813 1403  110 
 4814 1412  119 
 4815 1413  111 
 4816 1415  108 
 4817 1434  108 
 4818 1423  120 
 4819 1412  103 
 4820 1424   83 
 4821 1444  115 
 4822 1421  111 
 4823 1430   88 
 4824 1422  111 
 4825 1417   93 
 4826 1431  107 
 4827 1413   84 
 4828 1420   99 
 4829 1425  105 
 4830 1428   90 
 4831 1422  102 
 4832 1429  121 
 4833 1436  128 
 4834 1419  105 
 4835 1423  109 
 4836 1430  119 
 4837 1408  114 
 4838 1413  100 
 4839 1408   99 
 4840 1407  123 
 4841 1420   90 
 4842 1440  109 
 4843 1422  105 
 4844 1412  107 
 4845 1440  109 
 4846 1440   88 
 4847 1399  104 
 4848 1438  112 
 4849 1427  106 
 4850 1443  107 
 4851 1432  121 
 4852 1401  110 
 4853 1408  103 
 4854 1421  114 
 4855 1412  102 
 4856 1395   98 
 4857 1425  113 
 4858 1387  105 
 4859 1433  113 
 4860 1414  102 
 4861 1419  120 
 4862 1432  101 
 4863 1391  103 
 4864 1399   89 
 