=~=~=~=~=~=~=~=~=~=~=~= PuTTY log 2024.04.25 10:50:47 =~=~=~=~=~=~=~=~=~=~=~=
 30962 1423  110 
 30963 1415  101 
 30964 1428  121 
 30965 1427  101 
 30966 1429  104 
 30967 1429  115 
 30968 1448  108 
 30969 1433   88 
 30970 1438  108 
 30971 1433  113 
 30972 1429  115 
 30973 1387   97 
 30974 1412  100 
 30975 1400   99 
 30976 1432   89 
 30977 1416  104 
 30978 1398  104 
 30979 1397   93 
 30980 1414  106 
 30981 1400  116 
 30982 1436  103 
 30983 1424  109 
 30984 1401   81 
 30985 1451   95 
 30986 1421  116 
 30987 1446  106 
 30988 1425  118 
 30989 1442  102 
 30990 1424  105 
 30991 1408   98 
 30992 1439  101 
 30993 1440  100 
 30994 1378  110 
 30995 1422  107 
 30996 1440  103 
 30997 1417  103 
 30998 1435  101 
 30999 1426  101 
 31000 1417  104 
 31001 1437  106 
 31002 1409  100 
 31003 1440  115 
 31004 1446  122 
 31005 1426  112 
 31006 1420  104 
 31007 1438  103 
 31008 1403  106 
 31009 1398   81 
 31010 1429   78 
 31011 1417  111 
 31012 1418  109 
 31013 1436  106 
 31014 1444  105 
 31015 1434   99 
 31016 1408  121 
 31017 1421  108 
 31018 1418  103 
 31019 1432  115 
 31020 1438  110 
 31021 1442  122 
 31022 1437  119 
 31023 1420  113 
 31024 1433  108 
 31025 1430  102 
 31026 1430   96 
 31027 1448  101 
 31028 1437   94 
 31029 1432  104 
 31030 1416   80 
 31031 1427  115 
 31032 1419  107 
 31033 1443  120 
 31034 1425  121 
 31035 1419  115 
 31036 1413  109 
 31037 1422  105 
 31038 1435  115 
 31039 1412   89 
 31040 1442   91 
 31041 1412  125 
 31042 1407  114 
 31043 1389  105 
 31044 1418   98 
 31045 1406  124 
 31046 1428  126 
 31047 1426  102 
 31048 1427  100 
 31049 1432  117 
 31050 1427  108 
 31051 1417  108 
 31052 1436  114 
 31053 1417  111 
 31054 1420  116 
 31055 1451   90 
 31056 1444  119 
 31057 1425  104 
 31058 1425  103 
 31059 1433   97 
 31060 1415   98 
 31061 1419  119 
 31062 1416  106 
 31063 1433   79 
 31064 1428  103 
 31065 1420  121 
 31066 1421  115 
 31067 1438  110 
 31068 1450  102 
 31069 1444  116 
 31070 1444  115 
 31071 1436  109 
 31072 1426  107 
 31073 1408  110 
 31074 1424  113 
 31075 1422  107 
 31076 1436  102 
 31077 1397  113 
 31078 1407  109 
 31079 1425  120 
 31080 1425  112 
 31081 1429  114 
 31082 1419  112 
 31083 1406  104 
 31084 1417  120 
 31085 1418  114 
 31086 1430  104 
 31087 1427  106 
 31088 1427  118 
 31089 1425  113 
 31090 1401  119 
 31091 1434  103 
 31092 1425  116 
 31093 1408  106 
 31094 1405  115 
 31095 1397  107 
 31096 1438  112 
 31097 1414  104 
 31098 1435  108 
 31099 1418  101 
 31100 1420   93 
 31101 1426  109 
 31102 1421  111 
 31103 1416  119 
 31104 1428  111 
 31105 1415  109 
 31106 1397  115 
 31107 1419  111 
 31108 1445  102 
 31109 1427  105 
 31110 1434  119 
 31111 1444  123 
 31112 1421  116 
 31113 1414  120 
 31114 1427   81 
 31115 1425   99 
 31116 1432   90 
 31117 1426   94 
 31118 1445  108 
 31119 1419  117 
 31120 1412  101 
 31121 1409  110 
 31122 1390  102 
 31123 1425  109 
 31124 1436  103 
 31125 1435  111 
 31126 1438  107 
 31127 1428  103 
 31128 1438   93 
 31129 1427   99 
 31130 1431   97 
 31131 1434  105 
 31132 1430  107 
 31133 1434  107 
 31134 1432  116 
 31135 1425  128 
 31136 1434  113 
 31137 1443  103 
 31138 1430  105 
 31139 1429   95 
 31140 1421  108 
 31141 1401  114 
 31142 1420  109 
 31143 1423   99 
 31144 1441  104 
 31145 1428  103 
 31146 1411   83 
 31147 1444  104 
 31148 1422   97 
 31149 1420  115 
 31150 1427  105 
 31151 1426  100 
 31152 1428  112 
 31153 1426  117 
 31154 1413   85 
 31155 1430  115 
 31156 1422  101 
 31157 1430  123 
 31158 1429   99 
 31159 1429   95 
 31160 1409   72 
 31161 1425  107 
 31162 1421  106 
 31163 1437  116 
 31164 1434  113 
 31165 1432  119 
 31166 1423  102 
 31167 1428   98 
 31168 1435  104 
 31169 1426  111 
 31170 1421  110 
 31171 1418  105 
 31172 1400  110 
 31173 1440  102 
 31174 1438  105 
 31175 1416  113 
 31176 1430  107 
 31177 1424  100 
 31178 1444  118 
 31179 1424  101 
 31180 1420  104 
 31181 1438   96 
 31182 1433  117 
 31183 1425  119 
 31184 1425  104 
 31185 1445  123 
 31186 1435  114 
 31187 1415  110 
 31188 1424   99 
 31189 1407   94 
 31190 1431  120 
 31191 1394  106 
 31192 1421   80 
 31193 1416  122 
 31194 1419  101 
 31195 1426  101 
 31196 1419  101 
 31197 1404  109 
 31198 1424  107 
 31199 1406   80 
 31200 1436  116 
 31201 1427   97 
 31202 1423  104 
 31203 1437  115 
 31204 1430   94 
 31205 1428  119 
 31206 1431   95 
 31207 1433  121 
 31208 1422  112 
 31209 1413  123 
 31210 1424   94 
 31211 1417  111 
 31212 1393  117 
 31213 1409   95 
 31214 1438  107 
 31215 1434  102 
 31216 1421  130 
 31217 1366  119 
 31218 1229  102 
 31219 1063  128 
 31220  940  119 
 31221  801  140 
 31222  719  146 
 31223  687  112 
 31224  678  137 
 31225  716  142 
 31226  816  162 
 31227  921  142 
 31228 1056  136 
 31229 1222  155 
 31230 1339  155 
 31231 1489  161 
 31232 1599  142 
 31233 1730  169 
 31234 1791  170 
 31235 1841  175 
 31236 1842  161 
 31237 1883  152 
 31238 1891  172 
 31239 1846  186 
 31240 1855  197 
 31241 1819  195 
 31242 1788  162 
 31243 1780  169 
 31244 1748  189 
 31245 1701  181 
 31246 1673  187 
 31247 1649  192 
 31248 1612  181 
 31249 1585  177 
 31250 1523  180 
 31251 1552  191 
 31252 1532  205 
 31253 1501  212 
 31254 1467  206 
 31255 1439  214 
 31256 1451  225 
 31257 1440  225 
 31258 1426  222 
 31259 1426  208 
 31260 1412  206 
 31261 1442  226 
 31262 1426  232 
 31263 1416  228 
 31264 1434  218 
 31265 1435  217 
 31266 1386  229 
 31267 1396  227 
 31268 1418  234 
 31269 1405  247 
 31270 1430  223 
 31271 1407  238 
 31272 1381  225 
 31273 1392  236 
 31274 1366  252 
 31275 1346  244 
 31276 1325  249 
 31277 1312  235 
 31278 1295  245 
 31279 1321  259 
 31280 1343  269 
 31281 1329  261 
 31282 1289  237 
 31283 1301  259 
 31284 1344  266 
 31285 1325  242 
 31286 1353  249 
 31287 1374  270 
 31288 1392  264 
 31289 1428  263 
 31290 1443  284 
 31291 1456  275 
 31292 1437  265 
 31293 1461  286 
 31294 1467  271 
 31295 1463  280 
 31296 1429  274 
 31297 1458  275 
 31298 1449  282 
 31299 1446  276 
 31300 1424  271 
 31301 1443  291 
 31302 1447  290 
 31303 1439  287 
 31304 1425  256 
 31305 1408  297 
 31306 1414  312 
 31307 1416  296 
 31308 1419  280 
 31309 1400  312 
 31310 1409  296 
 31311 1410  292 
 31312 1418  299 
 31313 1411  292 
 31314 1400  297 
 31315 1414  277 
 31316 1421  308 
 31317 1428  320 
 31318 1389  295 
 31319 1415  306 
 31320 1380  289 
 31321 1358  317 
 31322 1391  332 
 31323 1405  323 
 31324 1424  316 
 31325 1427  305 
 31326 1426  323 
 31327 1427  332 
 31328 1447  316 
 31329 1440  321 
 31330 1427  316 
 31331 1421  326 
 31332 1417  325 
 31333 1392  326 
 31334 1417  307 
 31335 1369  327 
 31336 1358  323 
 31337 1363  336 
 31338 1361  324 
 31339 1382  312 
 31340 1364  329 
 31341 1371  328 
 31342 1404  332 
 31343 1395  340 
 31344 1407  318 
 31345 1393  342 
 31346 1408  329 
 31347 1387  342 
 31348 1403  336 
 31349 1394  352 
 31350 1373  351 
 31351 1377  334 
 31352 1400  342 
 31353 1406  347 
 31354 1397  351 
 31355 1399  359 
 31356 1397  330 
 31357 1398  369 
 31358 1415  366 
 31359 1403  369 
 31360 1393  347 
 31361 1413  360 
 31362 1422  365 
 31363 1370  354 
 31364 1412  376 
 31365 1413  361 
 31366 1440  361 
 31367 1398  379 
 31368 1411  378 
 31369 1399  362 
 31370 1368  367 
 31371 1356  364 
 31372 1355  371 
 31373 1389  389 
 31374 1389  358 
 31375 1431  385 
 31376 1423  360 
 31377 1446  382 
 31378 1471  383 
 31379 1479  396 
 31380 1455  398 
 31381 1469  383 
 31382 1440  378 
 31383 1459  368 
 31384 1443  386 
 31385 1425  367 
 31386 1439  397 
 31387 1428  389 
 31388 1427  387 
 31389 1421  386 
 31390 1452  399 
 31391 1442  382 
 31392 1445  395 
 31393 1438  389 
 31394 1411  395 
 31395 1441  398 
 31396 1421  372 
 31397 1409  390 
 31398 1424  402 
 31399 1401  403 
 31400 1414  389 
 31401 1406  417 
 31402 1426  399 
 31403 1414  404 
 31404 1399  401 
 31405 1386  408 
 31406 1408  404 
 31407 1389  401 
 31408 1409  413 
 31409 1385  407 
 31410 1307  407 
 31411 1332  403 
 31412 1268  426 
 31413 1306  410 
 31414 1332  401 
 31415 1348  435 
 31416 1407  415 
 31417 1412  428 
 31418 1415  416 
 31419 1439  422 
 31420 1425  427 
 31421 1432  420 
 31422 1440  430 
 31423 1423  433 
 31424 1427  403 
 31425 1400  426 
 31426 1411  423 
 31427 1392  424 
 31428 1400  413 
 31429 1390  430 
 31430 1399  437 
 31431 1402  433 
 31432 1409  432 
 31433 1438  437 
 31434 1439  432 
 31435 1421  428 
 31436 1412  433 
 31437 1450  453 
 31438 1430  441 
 31439 1437  428 
 31440 1430  451 
 31441 1425  448 
 31442 1433  457 
 31443 1442  430 
 31444 1410  436 
 31445 1427  459 
 31446 1425  458 
 31447 1412  464 
 31448 1434  461 
 31449 1413  426 
 31450 1404  458 
 31451 1391  447 
 31452 1408  463 
 31453 1388  459 
 31454 1415  430 
 31455 1409  460 
 31456 1417  456 
 31457 1399  451 
 31458 1396  450 
 31459 1417  460 
 31460 1410  476 
 31461 1370  466 
 31462 1323  451 
 31463 1306  468 
 31464 1314  474 
 31465 1326  469 
 31466 1360  491 
 31467 1411  473 
 31468 1437  471 
 31469 1454  475 
 31470 1431  484 
 31471 1466  473 
 31472 1449  478 
 31473 1469  496 
 31474 1478  479 
 31475 1457  479 
 31476 1445  494 
 31477 1442  479 
 31478 1399  481 
 31479 1373  493 
 31480 1406  484 
 31481 1414  474 
 31482 1385  470 
 31483 1408  479 
 31484 1403  494 
 31485 1429  499 
 31486 1442  496 
 31487 1435  489 
 31488 1436  499 
 31489 1438  502 
 31490 1414  511 
 31491 1405  495 
 31492 1409  515 
 31493 1413  497 
 31494 1436  516 
 31495 1413  504 
 31496 1422  489 
 31497 1401  506 
 31498 1418  511 
 31499 1411  522 
 31500 1395  504 
 31501 1409  502 
 31502 1438  518 
 31503 1392  521 
 31504 1399  515 
 31505 1416  527 
 31506 1394  518 
 31507 1425  513 
 31508 1418  521 
 31509 1415  521 
 31510 1396  522 
 31511 1381  522 
 31512 1417  536 
 31513 1400  530 
 31514 1426  541 
 31515 1378  542 
 31516 1334  512 
 31517 1270  541 
 31518 1240  541 
 31519 1282  559 
 31520 1310  533 
 31521 1368  539 
 31522 1417  554 
 31523 1460  554 
 31524 1441  531 
 31525 1465  537 
 31526 1487  545 
 31527 1451  539 
 31528 1480  559 
 31529 1503  545 
 31530 1492  539 
 31531 1468  552 
 31532 1429  548 
 31533 1422  549 
 31534 1424  551 
 31535 1439  562 
 31536 1430  567 
 31537 1424  549 
 31538 1424  524 
 31539 1444  558 
 31540 1416  568 
 31541 1425  553 
 31542 1457  561 
 31543 1423  580 
 31544 1431  573 
 31545 1402  564 
 31546 1413  578 
 31547 1421  573 
 31548 1383  569 
 31549 1412  573 
 31550 1405  581 
 31551 1416  588 
 31552 1429  550 
 31553 1393  564 
 31554 1417  573 
 31555 1403  561 
 31556 1432  580 
 31557 1423  561 
 31558 1401  571 
 31559 1408  581 
 31560 1383  567 
 31561 1380  574 
 31562 1379  596 
 31563 1356  585 
 31564 1340  586 
 31565 1353  555 
 31566 1379  596 
 31567 1380  599 
 31568 1367  605 
 31569 1308  609 
 31570 1254  602 
 31571 1216  613 
 31572 1171  590 
 31573 1200  597 
 31574 1247  597 
 31575 1300  618 
 31576 1352  611 
 31577 1445  618 
 31578 1435  608 
 31579 1489  612 
 31580 1508  614 
 31581 1525  618 
 31582 1558  631 
 31583 1538  616 
 31584 1515  618 
 31585 1511  620 
 31586 1500  624 
 31587 1448  625 
 31588 1454  638 
 31589 1451  635 
 31590 1452  632 
 31591 1459  645 
 31592 1449  629 
 31593 1440  633 
 31594 1449  634 
 31595 1470  621 
 31596 1442  635 
 31597 1412  643 
 31598 1440  640 
 31599 1437  637 
 31600 1427  654 
 31601 1451  648 
 31602 1428  639 
 31603 1423  643 
 31604 1389  639 
 31605 1401  627 
 31606 1406  663 
 31607 1419  668 
 31608 1442  645 
 31609 1404  650 
 31610 1434  650 
 31611 1432  638 
 31612 1415  658 
 31613 1420  658 
 31614 1410  652 
 31615 1415  659 
 31616 1411  666 
 31617 1434  681 
 31618 1419  685 
 31619 1334  667 
 31620 1223  681 
 31621 1142  680 
 31622 1103  681 
 31623 1109  689 
 31624 1139  683 
 31625 1222  684 
 31626 1296  696 
 31627 1403  678 
 31628 1454  701 
 31629 1514  678 
 31630 1591  678 
 31631 1589  688 
 31632 1609  702 
 31633 1589  701 
 31634 1591  695 
 31635 1541  693 
 31636 1537  698 
 31637 1480  714 
 31638 1502  689 
 31639 1476  718 
 31640 1448  705 
 31641 1456  702 
 31642 1450  722 
 31643 1456  705 
 31644 1464  726 
 31645 1473  714 
 31646 1479  720 
 31647 1459  722 
 31648 1453  729 
 31649 1444  709 
 31650 1390  693 
 31651 1401  734 
 31652 1403  718 
 31653 1386  722 
 31654 1394  722 
 31655 1382  721 
 31656 1382  731 
 31657 1414  725 
 31658 1336  716 
 31659 1260  730 
 31660 1156  743 
 31661 1060  739 
 31662  990  735 
 31663 1015  759 
 31664 1073  722 
 31665 1160  762 
 31666 1285  746 
 31667 1387  763 
 31668 1451  721 
 31669 1566  748 
 31670 1604  768 
 31671 1658  749 
 31672 1683  730 
 31673 1667  737 
 31674 1627  753 
 31675 1604  770 
 31676 1534  790 
 31677 1499  772 
 31678 1414  770 
 31679 1382  780 
 31680 1384  771 
 31681 1438  775 
 31682 1485  778 
 31683 1597  774 
 31684 1662  786 
 31685 1752  759 
 31686 1784  793 
 31687 1778  791 
 31688 1743  777 
 31689 1694  808 
 31690 1579  773 
 31691 1520  786 
 31692 1423  784 
 31693 1368  782 
 31694 1320  781 
 31695 1249  755 
 31696 1241  771 
 31697 1236  787 
 31698 1201  800 
 31699 1211  791 
 31700 1200  775 
 31701 1231  786 
 31702 1246  804 
 31703 1256  815 
 31704 1254  792 
 31705 1247  792 
 31706 1282  808 
 31707 1288  805 
 31708 1285  818 
 31709 1268  769 
 31710 1301  811 
 31711 1267  815 
 31712 1247  826 
 31713 1123  850 
 31714  968  856 
 31715  837  834 
 31716  749  814 
 31717  705  860 
 31718  753  847 
 31719  889  851 
 31720 1016  848 
 31721 1262  849 
 31722 1450  865 
 31723 1679  858 
 31724 1853  868 
 31725 1962  853 
 31726 2078  855 
 31727 2100  858 
 31728 2134  840 
 31729 2089  884 
 31730 2000  852 
 31731 1925  888 
 31732 1819  869 
 31733 1765  862 
 31734 1720  876 
 31735 1672  849 
 31736 1649  866 
 31737 1596  868 
 31738 1597  881 
 31739 1575  867 
 31740 1552  885 
 31741 1550  884 
 31742 1493  878 
 31743 1490  879 
 31744 1435  882 
 31745 1392  886 
 31746 1331  892 
 31747 1265  853 
 31748 1242  869 
 31749 1187  885 
 31750 1152  888 
 31751 1145  893 
 31752 1153  895 
 31753 1160  887 
 31754 1177  885 
 31755 1242  914 
 31756 1249  914 
 31757 1251  915 
 31758 1277  907 
 31759 1271  903 
 31760 1266  912 
 31761 1288  907 
 31762 1292  912 
 31763 1286  929 
 31764 1304  893 
 31765 1329  915 
 31766 1350  911 
 31767 1349  930 
 31768 1338  931 
 31769 1318  932 
 31770 1233  942 
 31771 1123  946 
 31772 1035  962 
 31773  924  943 
 31774  921  924 
 31775  956  970 
 31776 1053  957 
 31777 1173  974 
 31778 1303  981 
 31779 1441  983 
 31780 1572  962 
 31781 1745  971 
 31782 1907  957 
 31783 1978  973 
 31784 2099  950 
 31785 2146  964 
 31786 2141  967 
 31787 2113  966 
 31788 2059  966 
 31789 1973  942 
 31790 1905  964 
 31791 1773  964 
 31792 1667  966 
 31793 1543  950 
 31794 1443  978 
 31795 1359  998 
 31796 1262  984 
 31797 1174  995 
 31798 1101  970 
 31799 1081  983 
 31800 1082  970 
 31801 1110  973 
 31802 1097  967 
 31803 1147 1011 
 31804 1154  983 
 31805 1212 1006 
 31806 1255  998 
 31807 1260  982 
 31808 1279  976 
 31809 1342 1006 
 31810 1362 1016 
 31811 1335 1021 
 31812 1364 1031 
 31813 1357  991 
 31814 1378 1015 
 31815 1395 1020 
 31816 1392 1036 
 31817 1418 1017 
 31818 1384 1008 
 31819 1359 1043 
 31820 1278 1005 
 31821 1189 1042 
 31822 1121 1048 
 31823 1060 1020 
 31824 1045 1028 
 31825 1093 1049 
 31826 1198 1049 
 31827 1352 1070 
 31828 1521 1063 
 31829 1653 1081 
 31830 1763 1064 
 31831 1879 1053 
 31832 1988 1063 
 31833 1999 1045 
 31834 1988 1062 
 31835 1908 1056 
 31836 1770 1065 
 31837 1643 1068 
 31838 1518 1050 
 31839 1402 1064 
 31840 1322 1087 
 31841 1277 1077 
 31842 1239 1066 
 31843 1261 1084 
 31844 1247 1059 
 31845 1240 1085 
 31846 1226 1066 
 31847 1249 1090 
 31848 1280 1100 
 31849 1307 1095 
 31850 1306 1096 
 31851 1334 1105 
 31852 1361 1106 
 31853 1368 1079 
 31854 1408 1103 
 31855 1410 1113 
 31856 1415 1108 
 31857 1416 1107 
 31858 1408 1107 
 31859 1419 1112 
 31860 1421 1106 
 31861 1409 1114 
 31862 1406 1134 
 31863 1423 1109 
 31864 1404 1105 
 31865 1412 1141 
 31866 1408 1132 
 31867 1401 1129 
 31868 1297 1135 
 31869 1214 1148 
 31870 1198 1140 
 31871 1183 1144 
 31872 1235 1127 
 31873 1303 1125 
 31874 1443 1162 
 31875 1558 1140 
 31876 1683 1137 
 31877 1724 1140 
 31878 1724 1139 
 31879 1715 1143 
 31880 1638 1181 
 31881 1583 1161 
 31882 1515 1161 
 31883 1428 1139 
 31884 1362 1140 
 31885 1305 1173 
 31886 1331 1177 
 31887 1297 1176 
 31888 1294 1164 
 31889 1313 1185 
 31890 1341 1145 
 31891 1353 1193 
 31892 1380 1181 
 31893 1366 1181 
 31894 1384 1202 
 31895 1408 1190 
 31896 1403 1169 
 31897 1374 1198 
 31898 1408 1181 
 31899 1395 1199 
 31900 1417 1206 
 31901 1406 1202 
 31902 1391 1217 
 31903 1425 1209 
 31904 1400 1205 
 31905 1420 1231 
 31906 1423 1218 
 31907 1400 1230 
 31908 1383 1214 
 31909 1339 1210 
 31910 1298 1237 
 31911 1271 1241 
 31912 1272 1213 
 31913 1330 1226 
 31914 1414 1256 
 31915 1508 1230 
 31916 1559 1228 
 31917 1637 1229 
 31918 1606 1225 
 31919 1568 1227 
 31920 1548 1232 
 31921 1535 1254 
 31922 1442 1253 
 31923 1405 1241 
 31924 1373 1258 
 31925 1313 1267 
 31926 1312 1271 
 31927 1328 1265 
 31928 1327 1223 
 31929 1325 1257 
 31930 1333 1260 
 31931 1391 1278 
 31932 1394 1277 
 31933 1364 1278 
 31934 1414 1273 
 31935 1419 1290 
 31936 1431 1300 
 31937 1419 1294 
 31938 1433 1285 
 31939 1423 1279 
 31940 1419 1297 
 31941 1413 1292 
 31942 1445 1285 
 31943 1440 1309 
 31944 1441 1299 
 31945 1421 1294 
 31946 1417 1299 
 31947 1427 1246 
 31948 1914 1194 
 31949 3205 1128 
 31950 3299 1047 
 31951 3299  986 
 31952 3299  948 
 31953 3299  888 
 31954 3299  856 
 31955 3299  834 
 31956 3299  808 
 31957 2697  787 
 31958 1795  764 
 31959  967  744 
 31960  376  673 
 31961    4  679 
 31962    6  669 
 31963   12  645 
 31964    6  632 
 31965    4  607 
 31966    9  566 
 31967    8  567 
 31968    3  564 
 31969    9  544 
 31970    9  520 
 31971    6  491 
 31972   14  508 
 31973    2  476 
 31974    8  455 
 31975   14  465 
 31976  179  447 
 31977  360  438 
 31978  554  434 
 31979  703  423 
 31980  822  419 
 31981  928  401 
 31982 1042  389 
 31983 1131  376 
 31984 1216  371 
 31985 1259  348 
 31986 1306  371 
 31987 1380  352 
 31988 1386  343 
 31989 1444  327 
 31990 1432  327 
 31991 1496  331 
 31992 1497  322 
 31993 1503  306 
 31994 1493  285 
 31995 1496  311 
 31996 1518  289 
 31997 1493  290 
 31998 1526  305 
 31999 1489  271 
 32000 1506  285 
 32001 1485  270 
 32002 1489  274 
 32003 1479  284 
 32004 1459  261 
 32005 1453  260 
 32006 1448  255 
 32007 1464  245 
 32008 1457  247 
 32009 1443  236 
 32010 1431  237 
 32011 1421  230 
 32012 1418  233 
 32013 1423  220 
 32014 1417  232 
 32015 1425  236 
 32016 1421  235 
 32017 1409  224 
 32018 1426  229 
 32019 1400  214 
 32020 1406  219 
 32021 1421  196 
 32022 1426  219 
 32023 1418  224 
 32024 1430  196 
 32025 1411  206 
 32026 1423  194 
 32027 1428  195 
 32028 1441  203 
 32029 1439  185 
 32030 1417  178 
 32031 1417  184 
 32032 1433  188 
 32033 1414  189 
 32034 1422  183 
 32035 1406  193 
 32036 1395  196 
 32037 1417  193 
 32038 1437  173 
 32039 1437  172 
 32040 1416  191 
 32041 1425  167 
 32042 1403  166 
 32043 1423  172 
 32044 1425  176 
 32045 1434  179 
 32046 1423  162 
 32047 1436  176 
 32048 1417  164 
 32049 1420  173 
 32050 1423  156 
 32051 1415  177 
 32052 1401  159 
 32053 1438  155 
 32054 1436  152 
 32055 1433  151 
 32056 1408  135 
 32057 1414  163 
 32058 1414  156 
 32059 1420  149 
 32060 1382  121 
 32061 1401  146 
 32062 1411  158 
 32063 1424  144 
 32064 1429  137 
 32065 1406  139 
 32066 1425  135 
 32067 1420  157 
 32068 1419  136 
 32069 1435  132 
 32070 1444  132 
 32071 1420  133 
 32072 1425  144 
 32073 1414  141 
 32074 1321  136 
 32075 1169  131 
 32076  952  126 
 32077  714  133 
 32078  463  136 
 32079  291  128 
 32080  164  118 
 32081   83  117 
 32082   76  130 
 32083  116  142 
 32084  205  111 
 32085  316  107 
 32086  485  113 
 32087  661  138 
 32088  824  122 
 32089 1017  126 
 32090 1194  129 
 32091 1330  131 
 32092 1486  103 
 32093 1627  117 
 32094 1722  113 
 32095 1812  110 
 32096 1857  109 
 32097 1902  131 
 32098 1946  129 
 32099 2000  134 
 32100 1961  121 
 32101 1975  123 
 32102 2016  119 
 32103 1944  122 
 32104 1964  109 
 32105 1952  114 
 32106 1939  127 
 32107 1911  113 
 32108 1869  112 
 32109 1847  114 
 32110 1853  122 
 32111 1814  110 
 32112 1768  118 
 32113 1780  116 
 32114 1732  135 
 32115 1720   89 
 32116 1704  129 
 32117 1692  123 
 32118 1658  122 
 32119 1624  105 
 32120 1647  118 
 32121 1597  128 
 32122 1593  117 
 32123 1567  118 
 32124 1578  109 
 32125 1555  113 
 32126 1553  117 
 32127 1545  122 
 32128 1508  109 
 32129 1509  108 
 32130 1515  125 
 32131 1494  111 
 32132 1508  121 
 32133 1473  106 
 32134 1481  111 
 32135 1476  115 
 32136 1442   95 
 32137 1443   99 
 32138 1437  123 
 32139 1440  122 
 32140 1432  100 
 32141 1441  107 
 32142 1395  116 
 32143 1380  113 
 32144 1329  118 
 32145 1328  110 
 32146 1351  110 
 